INFO : 2021-08-26 21:45:25,794 : Dir raw_data/2017-18 already exists
INFO : 2021-08-26 21:45:56,995 : Bio = (540, 6)
INFO : 2021-08-26 21:45:57,196 : SUCCESS : Aaron Brooks - 201166.csv already exists
INFO : 2021-08-26 21:45:57,211 : SUCCESS : Aaron Gordon - 203932.csv already exists
INFO : 2021-08-26 21:45:57,211 : SUCCESS : Aaron Harrison - 1626151.csv already exists
INFO : 2021-08-26 21:45:57,211 : SUCCESS : Aaron Jackson - 1628935.csv already exists
INFO : 2021-08-26 21:45:57,211 : SUCCESS : Abdel Nader - 1627846.csv already exists
INFO : 2021-08-26 21:45:57,211 : SUCCESS : Adreian Payne - 203940.csv already exists
INFO : 2021-08-26 21:45:57,211 : SUCCESS : Al Horford - 201143.csv already exists
INFO : 2021-08-26 21:45:57,211 : SUCCESS : Al Jefferson - 2744.csv already exists
INFO : 2021-08-26 21:45:57,211 : SUCCESS : Al-Farouq Aminu - 202329.csv already exists
INFO : 2021-08-26 21:45:57,211 : SUCCESS : Alan Williams - 1626210.csv already exists
INFO : 2021-08-26 21:45:57,211 : SUCCESS : Alec Burks - 202692.csv already exists
INFO : 2021-08-26 21:45:57,211 : SUCCESS : Alec Peters - 1628409.csv already exists
INFO : 2021-08-26 21:45:57,211 : SUCCESS : Alex Abrines - 203518.csv already exists
INFO : 2021-08-26 21:45:57,227 : SUCCESS : Alex Caruso - 1627936.csv already exists
INFO : 2021-08-26 21:45:57,227 : SUCCESS : Alex Len - 203458.csv already exists
INFO : 2021-08-26 21:45:57,227 : SUCCESS : Alex Poythress - 1627816.csv already exists
INFO : 2021-08-26 21:45:57,227 : SUCCESS : Alfonzo McKinnie - 1628035.csv already exists
INFO : 2021-08-26 21:45:57,227 : SUCCESS : Allen Crabbe - 203459.csv already exists
INFO : 2021-08-26 21:45:57,227 : SUCCESS : Amir Johnson - 101161.csv already exists
INFO : 2021-08-26 21:45:57,227 : SUCCESS : Andre Drummond - 203083.csv already exists
INFO : 2021-08-26 21:45:57,227 : SUCCESS : Andre Iguodala - 2738.csv already exists
INFO : 2021-08-26 21:45:57,227 : SUCCESS : Andre Ingram - 201281.csv already exists
INFO : 2021-08-26 21:45:57,227 : SUCCESS : Andre Roberson - 203460.csv already exists
INFO : 2021-08-26 21:45:57,227 : SUCCESS : Andrew Bogut - 101106.csv already exists
INFO : 2021-08-26 21:45:57,227 : SUCCESS : Andrew Harrison - 1626150.csv already exists
INFO : 2021-08-26 21:45:57,242 : SUCCESS : Andrew White III - 1628510.csv already exists
INFO : 2021-08-26 21:45:57,242 : SUCCESS : Andrew Wiggins - 203952.csv already exists
INFO : 2021-08-26 21:45:57,242 : SUCCESS : Ante Zizic - 1627790.csv already exists
INFO : 2021-08-26 21:45:57,242 : SUCCESS : Anthony Brown - 1626148.csv already exists
INFO : 2021-08-26 21:45:57,242 : SUCCESS : Anthony Davis - 203076.csv already exists
INFO : 2021-08-26 21:45:57,242 : SUCCESS : Anthony Tolliver - 201229.csv already exists
INFO : 2021-08-26 21:45:57,242 : SUCCESS : Antonio Blakeney - 1628469.csv already exists
INFO : 2021-08-26 21:45:57,242 : SUCCESS : Antonius Cleveland - 1628499.csv already exists
INFO : 2021-08-26 21:45:57,242 : SUCCESS : Aron Baynes - 203382.csv already exists
INFO : 2021-08-26 21:45:57,242 : SUCCESS : Arron Afflalo - 201167.csv already exists
INFO : 2021-08-26 21:45:57,242 : SUCCESS : Austin Rivers - 203085.csv already exists
INFO : 2021-08-26 21:45:57,242 : SUCCESS : Avery Bradley - 202340.csv already exists
INFO : 2021-08-26 21:45:57,242 : SUCCESS : Bam Adebayo - 1628389.csv already exists
INFO : 2021-08-26 21:45:57,242 : SUCCESS : Ben McLemore - 203463.csv already exists
ERROR : 2021-08-26 21:46:09,057 : Ben Moore = No tables found
ERROR : 2021-08-26 21:46:09,057 : Trying again...
ERROR : 2021-08-26 21:46:21,785 : Ben Moore = No tables found
ERROR : 2021-08-26 21:46:21,786 : Trying again...
ERROR : 2021-08-26 21:46:33,334 : Ben Moore = No tables found
ERROR : 2021-08-26 21:46:33,334 : Trying again...
ERROR : 2021-08-26 21:46:51,982 : Ben Moore = No tables found
ERROR : 2021-08-26 21:46:51,983 : Trying again...
ERROR : 2021-08-26 21:47:16,103 : Ben Moore = No tables found
ERROR : 2021-08-26 21:47:16,103 : Trying again...
ERROR : 2021-08-26 21:47:33,048 : Ben Moore = No tables found
ERROR : 2021-08-26 21:47:33,048 : Trying again...
ERROR : 2021-08-26 21:47:46,886 : Ben Moore = No tables found
ERROR : 2021-08-26 21:47:46,886 : Trying again...
ERROR : 2021-08-26 21:48:05,148 : Ben Moore = No tables found
ERROR : 2021-08-26 21:48:05,148 : Trying again...
ERROR : 2021-08-26 21:48:20,306 : Ben Moore = No tables found
ERROR : 2021-08-26 21:48:20,306 : Trying again...
ERROR : 2021-08-26 21:48:46,681 : Ben Moore = No tables found
ERROR : 2021-08-26 21:48:46,681 : Trying again...
ERROR : 2021-08-26 21:48:46,923 : Unable to parse Ben Moore
INFO : 2021-08-26 21:49:02,026 : SUCCESS : Ben Simmons = (334, 20) = 1627732.csv
INFO : 2021-08-26 21:49:16,653 : SUCCESS : Bismack Biyombo = (342, 20) = 202687.csv
INFO : 2021-08-26 21:49:30,928 : SUCCESS : Blake Griffin = (266, 20) = 201933.csv
INFO : 2021-08-26 21:49:46,346 : SUCCESS : Boban Marjanovic = (190, 20) = 1626246.csv
INFO : 2021-08-26 21:50:03,455 : SUCCESS : Bobby Brown = (93, 20) = 201628.csv
INFO : 2021-08-26 21:50:18,725 : SUCCESS : Bobby Portis = (384, 20) = 1626171.csv
INFO : 2021-08-26 21:50:31,394 : SUCCESS : Bogdan Bogdanovic = (284, 20) = 203992.csv
INFO : 2021-08-26 21:50:46,210 : SUCCESS : Bojan Bogdanovic = (371, 20) = 202711.csv
INFO : 2021-08-26 21:51:11,623 : SUCCESS : Bradley Beal = (337, 20) = 203078.csv
INFO : 2021-08-26 21:51:24,515 : SUCCESS : Brandan Wright = (171, 20) = 201148.csv
INFO : 2021-08-26 21:51:39,630 : SUCCESS : Brandon Ingram = (332, 20) = 1627742.csv
INFO : 2021-08-26 21:51:51,082 : SUCCESS : Brandon Jennings = (107, 20) = 201943.csv
INFO : 2021-08-26 21:52:07,208 : SUCCESS : Brandon Paul = (300, 20) = 203464.csv
INFO : 2021-08-26 21:52:20,773 : SUCCESS : Briante Weber = (134, 20) = 1627362.csv
INFO : 2021-08-26 21:52:33,878 : SUCCESS : Brice Johnson = (94, 20) = 1627744.csv
INFO : 2021-08-26 21:52:50,907 : SUCCESS : Brook Lopez = (359, 20) = 201572.csv
INFO : 2021-08-26 21:53:03,609 : SUCCESS : Bruno Caboclo = (35, 20) = 203998.csv
INFO : 2021-08-26 21:53:21,154 : SUCCESS : Bryn Forbes = (380, 20) = 1627854.csv
INFO : 2021-08-26 21:53:36,312 : SUCCESS : Buddy Hield = (368, 20) = 1627741.csv
INFO : 2021-08-26 21:53:47,878 : SUCCESS : C.J. Williams = (83, 20) = 203710.csv
INFO : 2021-08-26 21:54:03,277 : SUCCESS : CJ McCollum = (295, 20) = 203468.csv
INFO : 2021-08-26 21:54:29,560 : SUCCESS : CJ Miles = (89, 20) = 101139.csv
INFO : 2021-08-26 21:54:42,962 : SUCCESS : Caleb Swanigan = (181, 20) = 1628403.csv
INFO : 2021-08-26 21:55:00,471 : SUCCESS : Cameron Payne = (348, 20) = 1626166.csv
INFO : 2021-08-26 21:55:13,397 : SUCCESS : Caris LeVert = (295, 20) = 1627747.csv
INFO : 2021-08-26 21:55:59,421 : SUCCESS : Carmelo Anthony = (356, 20) = 2546.csv
INFO : 2021-08-26 21:56:11,913 : SUCCESS : Cedi Osman = (342, 20) = 1626224.csv
INFO : 2021-08-26 21:56:24,124 : SUCCESS : Chandler Parsons = (40, 20) = 202718.csv
INFO : 2021-08-26 21:56:37,601 : SUCCESS : Channing Frye = (197, 20) = 101112.csv
INFO : 2021-08-26 21:56:49,624 : SUCCESS : Charles Cooke = (58, 20) = 1628429.csv
INFO : 2021-08-26 21:57:06,286 : SUCCESS : Cheick Diallo = (255, 20) = 1627767.csv
INFO : 2021-08-26 21:57:20,851 : SUCCESS : Chinanu Onuaku = (9, 20) = 1627778.csv
INFO : 2021-08-26 21:57:35,190 : SUCCESS : Chris Boucher = (344, 20) = 1628449.csv
INFO : 2021-08-26 21:57:46,844 : SUCCESS : Chris McCullough = (83, 20) = 1626191.csv
INFO : 2021-08-26 21:58:17,328 : SUCCESS : Chris Paul = (351, 20) = 101108.csv
INFO : 2021-08-26 21:58:31,856 : SUCCESS : Clint Capela = (333, 20) = 203991.csv
INFO : 2021-08-26 21:58:45,819 : SUCCESS : Cody Zeller = (315, 20) = 203469.csv
INFO : 2021-08-26 21:59:01,443 : SUCCESS : Cole Aldrich = (83, 20) = 202332.csv
INFO : 2021-08-26 21:59:12,523 : SUCCESS : Corey Brewer = (31, 20) = 201147.csv
INFO : 2021-08-26 21:59:27,556 : SUCCESS : Cory Joseph = (326, 20) = 202709.csv
INFO : 2021-08-26 21:59:41,092 : SUCCESS : Courtney Lee = (154, 20) = 201584.csv
INFO : 2021-08-26 21:59:54,252 : SUCCESS : Cristiano Felicio = (85, 20) = 1626245.csv
INFO : 2021-08-26 22:00:06,754 : SUCCESS : D'Angelo Russell = (263, 20) = 1626156.csv
INFO : 2021-08-26 22:00:18,919 : SUCCESS : D.J. Augustin = (320, 20) = 201571.csv
INFO : 2021-08-26 22:00:30,748 : SUCCESS : D.J. Wilson = (228, 20) = 1628391.csv
INFO : 2021-08-26 22:00:43,997 : SUCCESS : Dakari Johnson = (137, 20) = 1626177.csv
INFO : 2021-08-26 22:01:14,845 : SUCCESS : Damian Jones = (210, 20) = 1627745.csv
INFO : 2021-08-26 22:01:30,187 : SUCCESS : Damian Lillard = (345, 20) = 203081.csv
INFO : 2021-08-26 22:01:46,438 : SUCCESS : Damien Wilkins = (112, 20) = 2863.csv
INFO : 2021-08-26 22:02:01,064 : SUCCESS : Damion Lee = (342, 20) = 1627814.csv
INFO : 2021-08-26 22:02:14,006 : SUCCESS : Damyean Dotson = (314, 20) = 1628422.csv
INFO : 2021-08-26 22:02:27,759 : SUCCESS : Daniel Hamilton = (135, 20) = 1627772.csv
INFO : 2021-08-26 22:02:42,031 : SUCCESS : Daniel Theis = (325, 20) = 1628464.csv
INFO : 2021-08-26 22:02:57,312 : SUCCESS : Danilo Gallinari = (310, 20) = 201568.csv
INFO : 2021-08-26 22:03:12,271 : SUCCESS : Danny Green = (343, 20) = 201980.csv
INFO : 2021-08-26 22:03:24,062 : SUCCESS : Dante Cunningham = (318, 20) = 201967.csv
INFO : 2021-08-26 22:03:34,807 : SUCCESS : Dante Exum = (55, 20) = 203957.csv
INFO : 2021-08-26 22:04:03,786 : SUCCESS : Danuel House Jr. = (248, 20) = 1627863.csv
INFO : 2021-08-26 22:04:16,807 : SUCCESS : Dario Saric = (301, 20) = 203967.csv
INFO : 2021-08-26 22:04:28,892 : SUCCESS : Darius Miller = (107, 20) = 203121.csv
INFO : 2021-08-26 22:04:42,053 : SUCCESS : Darrell Arthur = (103, 20) = 201589.csv
INFO : 2021-08-26 22:04:56,144 : SUCCESS : Darren Collison = (356, 20) = 201954.csv
INFO : 2021-08-26 22:05:07,473 : SUCCESS : Darrun Hilliard = (80, 20) = 1626199.csv
INFO : 2021-08-26 22:05:21,511 : SUCCESS : David Nwaba = (234, 20) = 1628021.csv
INFO : 2021-08-26 22:05:32,615 : SUCCESS : David Stockton = (12, 20) = 204065.csv
INFO : 2021-08-26 22:05:46,814 : SUCCESS : David West = (349, 20) = 2561.csv
INFO : 2021-08-26 22:05:59,910 : SUCCESS : Davis Bertans = (315, 20) = 202722.csv
INFO : 2021-08-26 22:06:11,088 : SUCCESS : Davon Reed = (45, 20) = 1628432.csv
INFO : 2021-08-26 22:06:27,477 : SUCCESS : De'Aaron Fox = (340, 20) = 1628368.csv
INFO : 2021-08-26 22:06:55,060 : SUCCESS : DeAndre Jordan = (294, 20) = 201599.csv
INFO : 2021-08-26 22:07:07,114 : SUCCESS : DeAndre Liggins = (258, 20) = 202732.csv
INFO : 2021-08-26 22:07:20,153 : SUCCESS : DeAndre' Bembry = (309, 20) = 1627761.csv
INFO : 2021-08-26 22:07:33,301 : SUCCESS : DeMar DeRozan = (324, 20) = 201942.csv
INFO : 2021-08-26 22:07:45,548 : SUCCESS : DeMarcus Cousins = (252, 20) = 202326.csv
INFO : 2021-08-26 22:07:58,044 : SUCCESS : DeMarre Carroll = (182, 20) = 201960.csv
INFO : 2021-08-26 22:08:10,163 : SUCCESS : Dejounte Murray = (359, 20) = 1627749.csv
INFO : 2021-08-26 22:08:23,131 : SUCCESS : Delon Wright = (308, 20) = 1626153.csv
INFO : 2021-08-26 22:08:34,981 : SUCCESS : Demetrius Jackson = (32, 20) = 1627743.csv
INFO : 2021-08-26 22:08:49,300 : SUCCESS : Dennis Schroder = (345, 20) = 203471.csv
INFO : 2021-08-26 22:09:01,471 : SUCCESS : Dennis Smith Jr. = (142, 20) = 1628372.csv
INFO : 2021-08-26 22:09:31,887 : SUCCESS : Denzel Valentine = (353, 20) = 1627756.csv
INFO : 2021-08-26 22:09:44,701 : SUCCESS : Derrick Favors = (344, 20) = 202324.csv
INFO : 2021-08-26 22:09:56,924 : SUCCESS : Derrick Jones Jr. = (319, 20) = 1627884.csv
INFO : 2021-08-26 22:10:10,079 : SUCCESS : Derrick Rose = (279, 20) = 201565.csv
INFO : 2021-08-26 22:10:22,461 : SUCCESS : Derrick Walton = (152, 20) = 1628476.csv
INFO : 2021-08-26 22:10:34,858 : SUCCESS : Derrick White = (247, 20) = 1628401.csv
INFO : 2021-08-26 22:10:46,124 : SUCCESS : Derrick Williams = (12, 20) = 202682.csv
INFO : 2021-08-26 22:11:01,864 : SUCCESS : Devin Booker = (346, 20) = 1626164.csv
INFO : 2021-08-26 22:11:14,958 : SUCCESS : Devin Harris = (332, 20) = 2734.csv
INFO : 2021-08-26 22:11:25,892 : SUCCESS : Devin Robinson = (45, 20) = 1628421.csv
INFO : 2021-08-26 22:11:40,263 : SUCCESS : Dewayne Dedmon = (129, 20) = 203473.csv
INFO : 2021-08-26 22:11:53,295 : SUCCESS : Deyonta Davis = (68, 20) = 1627738.csv
INFO : 2021-08-26 22:12:31,624 : SUCCESS : Dillon Brooks = (358, 20) = 1628415.csv
INFO : 2021-08-26 22:12:43,947 : SUCCESS : Dion Waiters = (91, 20) = 203079.csv
INFO : 2021-08-26 22:12:59,547 : SUCCESS : Dirk Nowitzki = (302, 20) = 1717.csv
INFO : 2021-08-26 22:13:12,747 : SUCCESS : Domantas Sabonis = (342, 20) = 1627734.csv
INFO : 2021-08-26 22:13:28,940 : SUCCESS : Donovan Mitchell = (330, 20) = 1628378.csv
INFO : 2021-08-26 22:13:42,728 : SUCCESS : Dorian Finney-Smith = (339, 20) = 1627827.csv
INFO : 2021-08-26 22:13:55,183 : SUCCESS : Doug McDermott = (354, 20) = 203926.csv
INFO : 2021-08-26 22:14:09,017 : SUCCESS : Dragan Bender = (143, 20) = 1627733.csv
INFO : 2021-08-26 22:14:26,393 : SUCCESS : Draymond Green = (337, 20) = 203110.csv
INFO : 2021-08-26 22:14:51,778 : SUCCESS : Dwayne Bacon = (375, 20) = 1628407.csv
INFO : 2021-08-26 22:15:03,660 : SUCCESS : Dwight Buycks = (198, 20) = 202779.csv
INFO : 2021-08-26 22:15:18,804 : SUCCESS : Dwight Howard = (360, 20) = 2730.csv
INFO : 2021-08-26 22:15:31,954 : SUCCESS : Dwight Powell = (334, 20) = 203939.csv
INFO : 2021-08-26 22:15:46,013 : SUCCESS : Dwyane Wade = (361, 20) = 2548.csv
INFO : 2021-08-26 22:15:57,687 : SUCCESS : E'Twaun Moore = (192, 20) = 202734.csv
INFO : 2021-08-26 22:16:11,472 : SUCCESS : Ed Davis = (134, 20) = 202334.csv
INFO : 2021-08-26 22:16:24,431 : SUCCESS : Edmond Sumner = (310, 20) = 1628410.csv
INFO : 2021-08-26 22:16:35,920 : SUCCESS : Ekpe Udoh = (224, 20) = 202327.csv
INFO : 2021-08-26 22:16:49,403 : SUCCESS : Elfrid Payton = (312, 20) = 203901.csv
INFO : 2021-08-26 22:17:02,550 : SUCCESS : Emeka Okafor = (176, 20) = 2731.csv
INFO : 2021-08-26 22:17:14,643 : SUCCESS : Emmanuel Mudiay = (302, 20) = 1626144.csv
INFO : 2021-08-26 22:17:45,615 : SUCCESS : Enes Kanter = (363, 20) = 202683.csv
INFO : 2021-08-26 22:17:59,714 : SUCCESS : Eric Bledsoe = (355, 20) = 202339.csv
INFO : 2021-08-26 22:18:13,760 : SUCCESS : Eric Gordon = (201, 20) = 201569.csv
INFO : 2021-08-26 22:18:28,531 : SUCCESS : Eric Moreland = (40, 20) = 203961.csv
INFO : 2021-08-26 22:18:39,287 : SUCCESS : Erik McCree = (13, 20) = 1628571.csv
INFO : 2021-08-26 22:18:51,741 : SUCCESS : Ersan Ilyasova = (119, 20) = 101141.csv
INFO : 2021-08-26 22:19:08,936 : SUCCESS : Evan Fournier = (261, 20) = 203095.csv
INFO : 2021-08-26 22:19:21,845 : SUCCESS : Evan Turner = (149, 20) = 202323.csv
INFO : 2021-08-26 22:19:35,535 : SUCCESS : Frank Kaminsky = (259, 20) = 1626163.csv
INFO : 2021-08-26 22:19:45,869 : SUCCESS : Frank Mason III = (26, 20) = 1628412.csv
INFO : 2021-08-26 22:20:02,828 : SUCCESS : Frank Ntilikina = (162, 20) = 1628373.csv
INFO : 2021-08-26 22:20:14,939 : SUCCESS : Fred VanVleet = (306, 20) = 1627832.csv
INFO : 2021-08-26 22:20:28,961 : SUCCESS : Furkan Korkmaz = (327, 20) = 1627788.csv
INFO : 2021-08-26 22:20:57,423 : SUCCESS : Garrett Temple = (334, 20) = 202066.csv
INFO : 2021-08-26 22:21:10,023 : SUCCESS : Gary Harris = (249, 20) = 203914.csv
INFO : 2021-08-26 22:21:20,616 : SUCCESS : Gary Payton II = (51, 20) = 1627780.csv
INFO : 2021-08-26 22:21:35,209 : SUCCESS : George Hill = (205, 20) = 201588.csv
INFO : 2021-08-26 22:21:48,804 : SUCCESS : Georges Niang = (362, 20) = 1627777.csv
INFO : 2021-08-26 22:21:59,998 : SUCCESS : Georgios Papagiannis = (91, 20) = 1627834.csv
INFO : 2021-08-26 22:22:15,474 : SUCCESS : Gerald Green = (378, 20) = 101123.csv
INFO : 2021-08-26 22:22:28,019 : SUCCESS : Gian Clavell = (52, 20) = 1628492.csv
INFO : 2021-08-26 22:22:42,672 : SUCCESS : Giannis Antetokounmpo = (353, 20) = 203507.csv
INFO : 2021-08-26 22:22:54,412 : SUCCESS : Glenn Robinson III = (156, 20) = 203922.csv
INFO : 2021-08-26 22:23:09,276 : SUCCESS : Goran Dragic = (291, 20) = 201609.csv
INFO : 2021-08-26 22:23:21,794 : SUCCESS : Gordon Hayward = (299, 20) = 202330.csv
INFO : 2021-08-26 22:23:35,378 : SUCCESS : Gorgui Dieng = (232, 20) = 203476.csv
INFO : 2021-08-26 22:24:03,389 : SUCCESS : Greg Monroe = (243, 20) = 202328.csv
INFO : 2021-08-26 22:24:15,184 : SUCCESS : Guerschon Yabusele = (193, 20) = 1627824.csv
INFO : 2021-08-26 22:24:29,322 : SUCCESS : Harrison Barnes = (341, 20) = 203084.csv
INFO : 2021-08-26 22:24:41,597 : SUCCESS : Hassan Whiteside = (225, 20) = 202355.csv
INFO : 2021-08-26 22:24:52,321 : SUCCESS : Henry Ellenson = (26, 20) = 1627740.csv
INFO : 2021-08-26 22:25:07,432 : SUCCESS : Ian Clark = (330, 20) = 203546.csv
INFO : 2021-08-26 22:25:18,369 : SUCCESS : Ian Mahinmi = (195, 20) = 101133.csv
INFO : 2021-08-26 22:25:29,125 : SUCCESS : Ike Anigbogu = (11, 20) = 1628387.csv
INFO : 2021-08-26 22:25:41,974 : SUCCESS : Iman Shumpert = (14, 20) = 202697.csv
INFO : 2021-08-26 22:25:53,996 : SUCCESS : Isaiah Canaan = (213, 20) = 203477.csv
INFO : 2021-08-26 22:26:06,147 : SUCCESS : Isaiah Hicks = (19, 20) = 1628439.csv
INFO : 2021-08-26 22:26:20,622 : SUCCESS : Isaiah Taylor = (331, 20) = 1627819.csv
INFO : 2021-08-26 22:26:31,817 : SUCCESS : Isaiah Thomas = (25, 20) = 202738.csv
ERROR : 2021-08-26 22:27:01,009 : Isaiah Whitehead = No tables found
ERROR : 2021-08-26 22:27:01,009 : Trying again...
ERROR : 2021-08-26 22:27:12,224 : Isaiah Whitehead = No tables found
ERROR : 2021-08-26 22:27:12,224 : Trying again...
ERROR : 2021-08-26 22:27:55,860 : Isaiah Whitehead = No tables found
ERROR : 2021-08-26 22:27:55,860 : Trying again...
ERROR : 2021-08-26 22:28:08,815 : Isaiah Whitehead = No tables found
ERROR : 2021-08-26 22:28:08,815 : Trying again...
ERROR : 2021-08-26 22:28:20,811 : Isaiah Whitehead = No tables found
ERROR : 2021-08-26 22:28:20,811 : Trying again...
ERROR : 2021-08-26 22:28:32,255 : Isaiah Whitehead = No tables found
ERROR : 2021-08-26 22:28:32,255 : Trying again...
ERROR : 2021-08-26 22:28:42,967 : Isaiah Whitehead = No tables found
ERROR : 2021-08-26 22:28:42,968 : Trying again...
ERROR : 2021-08-26 22:29:03,934 : Isaiah Whitehead = No tables found
ERROR : 2021-08-26 22:29:03,934 : Trying again...
ERROR : 2021-08-26 22:29:14,498 : Isaiah Whitehead = No tables found
ERROR : 2021-08-26 22:29:14,498 : Trying again...
ERROR : 2021-08-26 22:29:26,641 : Isaiah Whitehead = No tables found
ERROR : 2021-08-26 22:29:26,641 : Trying again...
ERROR : 2021-08-26 22:29:26,852 : Unable to parse Isaiah Whitehead
INFO : 2021-08-26 22:29:38,291 : SUCCESS : Ish Smith = (276, 20) = 202397.csv
INFO : 2021-08-26 22:29:51,858 : SUCCESS : Ivan Rabb = (269, 20) = 1628397.csv
INFO : 2021-08-26 22:30:06,218 : SUCCESS : Ivica Zubac = (350, 20) = 1627826.csv
INFO : 2021-08-26 22:30:19,299 : SUCCESS : J.J. Barea = (204, 20) = 200826.csv
INFO : 2021-08-26 22:30:39,296 : SUCCESS : JJ Redick = (255, 20) = 200755.csv
INFO : 2021-08-26 22:30:51,067 : SUCCESS : JR Smith = (56, 20) = 2747.csv
INFO : 2021-08-26 22:31:05,565 : SUCCESS : JaKarr Sampson = (191, 20) = 203960.csv
INFO : 2021-08-26 22:31:18,079 : SUCCESS : JaMychal Green = (337, 20) = 203210.csv
INFO : 2021-08-26 22:31:31,624 : SUCCESS : JaVale McGee = (293, 20) = 201580.csv
INFO : 2021-08-26 22:31:43,772 : SUCCESS : Jabari Bird = (72, 20) = 1628444.csv
INFO : 2021-08-26 22:31:54,839 : SUCCESS : Jabari Parker = (96, 20) = 203953.csv
INFO : 2021-08-26 22:32:06,842 : SUCCESS : Jack Cooley = (57, 20) = 204022.csv
INFO : 2021-08-26 22:32:23,613 : SUCCESS : Jacob Pullen = (12, 20) = 1626643.csv
INFO : 2021-08-26 22:32:34,288 : SUCCESS : Jacob Wiley = (22, 20) = 1628451.csv
INFO : 2021-08-26 22:32:48,188 : SUCCESS : Jae Crowder = (308, 20) = 203109.csv
INFO : 2021-08-26 22:32:59,928 : SUCCESS : Jahlil Okafor = (196, 20) = 1626143.csv
INFO : 2021-08-26 22:33:13,657 : SUCCESS : Jake Layman = (264, 20) = 1627774.csv
INFO : 2021-08-26 22:33:26,626 : SUCCESS : Jakob Poeltl = (354, 20) = 1627751.csv
INFO : 2021-08-26 22:33:38,521 : SUCCESS : Jalen Jones = (119, 20) = 1627883.csv
INFO : 2021-08-26 22:33:48,595 : SUCCESS : Jamal Crawford = (8, 20) = 2037.csv
INFO : 2021-08-26 22:34:24,293 : SUCCESS : Jamal Murray = (305, 20) = 1627750.csv
INFO : 2021-08-26 22:34:35,226 : SUCCESS : Jameel Warney = (23, 20) = 1627866.csv
INFO : 2021-08-26 22:34:49,907 : SUCCESS : Jameer Nelson = (315, 20) = 2749.csv
INFO : 2021-08-26 22:35:01,435 : SUCCESS : Jamel Artis = (121, 20) = 1628503.csv
INFO : 2021-08-26 22:35:14,377 : SUCCESS : James Ennis III = (265, 20) = 203516.csv
INFO : 2021-08-26 22:35:26,405 : SUCCESS : James Harden = (259, 20) = 201935.csv
INFO : 2021-08-26 22:35:38,898 : SUCCESS : James Johnson = (307, 20) = 201949.csv
INFO : 2021-08-26 22:35:49,625 : SUCCESS : James Michael McAdoo = (19, 20) = 203949.csv
INFO : 2021-08-26 22:36:00,914 : SUCCESS : James Webb III = (69, 20) = 1627821.csv
INFO : 2021-08-26 22:36:11,554 : SUCCESS : James Young = (41, 20) = 203923.csv
INFO : 2021-08-26 22:36:28,573 : SUCCESS : Jamil Wilson = (113, 20) = 203966.csv
INFO : 2021-08-26 22:36:40,047 : SUCCESS : Jared Dudley = (79, 20) = 201162.csv
INFO : 2021-08-26 22:36:53,394 : SUCCESS : Jarell Eddie = (14, 20) = 204067.csv
INFO : 2021-08-26 22:37:06,441 : SUCCESS : Jarell Martin = (204, 20) = 1626185.csv
INFO : 2021-08-26 22:37:21,510 : SUCCESS : Jarrett Allen = (349, 20) = 1628386.csv
INFO : 2021-08-26 22:37:36,323 : SUCCESS : Jarrett Jack = (311, 20) = 101127.csv
INFO : 2021-08-26 22:37:47,456 : SUCCESS : Jason Smith = (119, 20) = 201160.csv
INFO : 2021-08-26 22:38:01,952 : SUCCESS : Jason Terry = (288, 20) = 1891.csv
INFO : 2021-08-26 22:38:12,626 : SUCCESS : Jawun Evans = (51, 20) = 1628393.csv
INFO : 2021-08-26 22:38:49,255 : SUCCESS : Jaylen Brown = (317, 20) = 1627759.csv
INFO : 2021-08-26 22:39:00,844 : SUCCESS : Jaylen Morris = (23, 20) = 1628537.csv
INFO : 2021-08-26 22:39:15,330 : SUCCESS : Jayson Tatum = (341, 20) = 1628369.csv
INFO : 2021-08-26 22:39:27,664 : SUCCESS : Jeff Green = (351, 20) = 201145.csv
INFO : 2021-08-26 22:39:41,517 : SUCCESS : Jeff Teague = (304, 20) = 201952.csv
INFO : 2021-08-26 22:39:53,564 : SUCCESS : Jeff Withey = (44, 20) = 203481.csv
INFO : 2021-08-26 22:40:13,082 : SUCCESS : Jerami Grant = (324, 20) = 203924.csv
INFO : 2021-08-26 22:40:23,060 : SUCCESS : Jeremy Evans = (5, 20) = 202379.csv
INFO : 2021-08-26 22:40:37,505 : SUCCESS : Jeremy Lamb = (257, 20) = 203087.csv
INFO : 2021-08-26 22:40:50,523 : SUCCESS : Jeremy Lin = (368, 20) = 202391.csv
INFO : 2021-08-26 22:41:02,112 : SUCCESS : Jerian Grant = (51, 20) = 1626170.csv
INFO : 2021-08-26 22:41:28,568 : SUCCESS : Jerryd Bayless = (211, 20) = 201573.csv
INFO : 2021-08-26 22:41:41,545 : SUCCESS : Jimmy Butler = (295, 20) = 202710.csv
INFO : 2021-08-26 22:41:52,546 : SUCCESS : Joakim Noah = (32, 20) = 201149.csv
INFO : 2021-08-26 22:42:06,867 : SUCCESS : Jodie Meeks = (53, 20) = 201975.csv
INFO : 2021-08-26 22:42:19,481 : SUCCESS : Joe Harris = (346, 20) = 203925.csv
INFO : 2021-08-26 22:42:32,745 : SUCCESS : Joe Ingles = (356, 20) = 204060.csv
INFO : 2021-08-26 22:42:46,580 : SUCCESS : Joe Johnson = (309, 20) = 2207.csv
INFO : 2021-08-26 22:42:58,756 : SUCCESS : Joe Young = (274, 20) = 1626202.csv
INFO : 2021-08-26 22:43:09,587 : SUCCESS : Joel Bolomboy = (34, 20) = 1627762.csv
INFO : 2021-08-26 22:43:25,838 : SUCCESS : Joel Embiid = (315, 20) = 203954.csv
INFO : 2021-08-26 22:43:38,235 : SUCCESS : Joffrey Lauvergne = (270, 20) = 203530.csv
INFO : 2021-08-26 22:44:08,257 : SUCCESS : John Collins = (346, 20) = 1628381.csv
INFO : 2021-08-26 22:44:20,422 : SUCCESS : John Henson = (251, 20) = 203089.csv
INFO : 2021-08-26 22:44:31,213 : SUCCESS : John Holland = (2, 20) = 204066.csv
INFO : 2021-08-26 22:44:45,921 : SUCCESS : John Wall = (272, 20) = 202322.csv
INFO : 2021-08-26 22:44:58,138 : SUCCESS : Johnathan Motley = (55, 20) = 1628405.csv
INFO : 2021-08-26 22:45:13,501 : SUCCESS : Johnny O'Bryant III = (218, 20) = 203948.csv
INFO : 2021-08-26 22:45:25,693 : SUCCESS : Jon Leuer = (221, 20) = 202720.csv
INFO : 2021-08-26 22:45:38,335 : SUCCESS : Jonas Jerebko = (371, 20) = 201973.csv
INFO : 2021-08-26 22:45:52,928 : SUCCESS : Jonas Valanciunas = (343, 20) = 202685.csv
ERROR : 2021-08-26 22:46:32,403 : Jonathan Gibson = No tables found
ERROR : 2021-08-26 22:46:32,403 : Trying again...
ERROR : 2021-08-26 22:46:45,227 : Jonathan Gibson = No tables found
ERROR : 2021-08-26 22:46:45,227 : Trying again...
ERROR : 2021-08-26 22:46:57,007 : Jonathan Gibson = No tables found
ERROR : 2021-08-26 22:46:57,007 : Trying again...
ERROR : 2021-08-26 22:47:10,835 : Jonathan Gibson = No tables found
ERROR : 2021-08-26 22:47:10,835 : Trying again...
ERROR : 2021-08-26 22:47:22,920 : Jonathan Gibson = No tables found
ERROR : 2021-08-26 22:47:22,920 : Trying again...
ERROR : 2021-08-26 22:47:44,742 : Jonathan Gibson = No tables found
ERROR : 2021-08-26 22:47:44,742 : Trying again...
ERROR : 2021-08-26 22:47:55,571 : Jonathan Gibson = No tables found
ERROR : 2021-08-26 22:47:55,571 : Trying again...
ERROR : 2021-08-26 22:48:07,057 : Jonathan Gibson = No tables found
ERROR : 2021-08-26 22:48:07,058 : Trying again...
ERROR : 2021-08-26 22:48:18,177 : Jonathan Gibson = No tables found
ERROR : 2021-08-26 22:48:18,177 : Trying again...
ERROR : 2021-08-26 22:48:29,770 : Jonathan Gibson = No tables found
ERROR : 2021-08-26 22:48:29,770 : Trying again...
ERROR : 2021-08-26 22:48:29,996 : Unable to parse Jonathan Gibson
ERROR : 2021-08-26 22:48:51,638 : Jonathan Isaac = No tables found
ERROR : 2021-08-26 22:48:51,638 : Trying again...
ERROR : 2021-08-26 22:49:01,988 : Jonathan Isaac = No tables found
ERROR : 2021-08-26 22:49:01,988 : Trying again...
ERROR : 2021-08-26 22:49:13,723 : Jonathan Isaac = No tables found
ERROR : 2021-08-26 22:49:13,723 : Trying again...
ERROR : 2021-08-26 22:49:24,503 : Jonathan Isaac = No tables found
ERROR : 2021-08-26 22:49:24,503 : Trying again...
ERROR : 2021-08-26 22:49:36,597 : Jonathan Isaac = No tables found
ERROR : 2021-08-26 22:49:36,597 : Trying again...
ERROR : 2021-08-26 22:49:57,685 : Jonathan Isaac = No tables found
ERROR : 2021-08-26 22:49:57,685 : Trying again...
ERROR : 2021-08-26 22:50:09,462 : Jonathan Isaac = No tables found
ERROR : 2021-08-26 22:50:09,463 : Trying again...
ERROR : 2021-08-26 22:50:21,493 : Jonathan Isaac = No tables found
ERROR : 2021-08-26 22:50:21,493 : Trying again...
ERROR : 2021-08-26 22:50:32,339 : Jonathan Isaac = No tables found
ERROR : 2021-08-26 22:50:32,340 : Trying again...
ERROR : 2021-08-26 22:50:43,458 : Jonathan Isaac = No tables found
ERROR : 2021-08-26 22:50:43,458 : Trying again...
ERROR : 2021-08-26 22:50:43,670 : Unable to parse Jonathan Isaac
INFO : 2021-08-26 22:50:55,684 : SUCCESS : Jonathon Simmons = (314, 20) = 203613.csv
INFO : 2021-08-26 22:51:07,627 : SUCCESS : Jordan Bell = (41, 20) = 1628395.csv
INFO : 2021-08-26 22:51:24,951 : SUCCESS : Jordan Clarkson = (366, 20) = 203903.csv
INFO : 2021-08-26 22:51:36,807 : SUCCESS : Jordan Crawford = (38, 20) = 202348.csv
INFO : 2021-08-26 22:51:48,598 : SUCCESS : Jordan Mickey = (148, 20) = 1626175.csv
INFO : 2021-08-26 22:52:06,516 : SUCCESS : Jose Calderon = (262, 20) = 101181.csv
INFO : 2021-08-26 22:52:18,702 : SUCCESS : Josh Hart = (273, 20) = 1628404.csv
INFO : 2021-08-26 22:52:31,632 : SUCCESS : Josh Huestis = (335, 20) = 203962.csv
INFO : 2021-08-26 22:52:54,405 : SUCCESS : Josh Jackson = (352, 20) = 1628367.csv
INFO : 2021-08-26 22:53:07,409 : SUCCESS : Josh Magette = (32, 20) = 203705.csv
INFO : 2021-08-26 22:53:20,050 : SUCCESS : Josh McRoberts = (8, 20) = 201177.csv
INFO : 2021-08-26 22:53:36,629 : SUCCESS : Josh Richardson = (330, 20) = 1626196.csv
INFO : 2021-08-26 22:53:46,964 : SUCCESS : Josh Smith = (23, 20) = 2746.csv
INFO : 2021-08-26 22:53:57,832 : SUCCESS : Joshia Grey = (16, 20) = 1627982.csv
INFO : 2021-08-26 22:54:15,008 : SUCCESS : Jrue Holiday = (339, 20) = 201950.csv
INFO : 2021-08-26 22:54:27,827 : SUCCESS : Juancho Hernangomez = (276, 20) = 1627823.csv
INFO : 2021-08-26 22:54:40,794 : SUCCESS : Julius Randle = (367, 20) = 203944.csv
INFO : 2021-08-26 22:54:52,877 : SUCCESS : Julyan Stone = (119, 20) = 202933.csv
INFO : 2021-08-26 22:55:04,336 : SUCCESS : Justin Anderson = (76, 20) = 1626147.csv
INFO : 2021-08-26 22:55:18,925 : SUCCESS : Justin Holiday = (375, 20) = 203200.csv
INFO : 2021-08-26 22:55:31,073 : SUCCESS : Justin Jackson = (187, 20) = 1628382.csv
INFO : 2021-08-26 22:55:58,919 : SUCCESS : Justin Patton = (104, 20) = 1628383.csv
INFO : 2021-08-26 22:56:25,652 : SUCCESS : Justise Winslow = (172, 20) = 1626159.csv
INFO : 2021-08-26 22:56:37,978 : SUCCESS : Jusuf Nurkic = (243, 20) = 203994.csv
INFO : 2021-08-26 22:56:49,839 : SUCCESS : Kadeem Allen = (73, 20) = 1628443.csv
INFO : 2021-08-26 22:57:05,936 : SUCCESS : Karl-Anthony Towns = (302, 20) = 1626157.csv
INFO : 2021-08-26 22:57:18,059 : SUCCESS : Kawhi Leonard = (291, 20) = 202695.csv
INFO : 2021-08-26 22:57:29,083 : SUCCESS : Kay Felder = (98, 20) = 1627770.csv
INFO : 2021-08-26 22:57:42,310 : SUCCESS : Kelly Olynyk = (340, 20) = 203482.csv
INFO : 2021-08-26 22:57:55,554 : SUCCESS : Kelly Oubre Jr. = (312, 20) = 1626162.csv
INFO : 2021-08-26 22:58:09,704 : SUCCESS : Kemba Walker = (279, 20) = 202689.csv
INFO : 2021-08-26 22:58:20,359 : SUCCESS : Kendrick Perkins = (7, 20) = 2570.csv
INFO : 2021-08-26 22:58:33,966 : SUCCESS : Kenneth Faried = (259, 20) = 202702.csv
INFO : 2021-08-26 22:58:47,081 : SUCCESS : Kent Bazemore = (348, 20) = 203145.csv
INFO : 2021-08-26 22:59:18,355 : SUCCESS : Kentavious Caldwell-Pope = (354, 20) = 203484.csv
INFO : 2021-08-26 22:59:30,648 : SUCCESS : Kevin Durant = (220, 20) = 201142.csv
INFO : 2021-08-26 22:59:43,036 : SUCCESS : Kevin Love = (178, 20) = 201567.csv
INFO : 2021-08-26 22:59:57,482 : SUCCESS : Kevon Looney = (327, 20) = 1626172.csv
INFO : 2021-08-26 23:00:09,958 : SUCCESS : Khem Birch = (367, 20) = 203920.csv
INFO : 2021-08-26 23:00:23,645 : SUCCESS : Khris Middleton = (366, 20) = 203114.csv
ERROR : 2021-08-26 23:00:43,507 : Klay Thompson = No tables found
ERROR : 2021-08-26 23:00:43,507 : Trying again...
ERROR : 2021-08-26 23:00:55,196 : Klay Thompson = No tables found
ERROR : 2021-08-26 23:00:55,197 : Trying again...
ERROR : 2021-08-26 23:01:06,249 : Klay Thompson = No tables found
ERROR : 2021-08-26 23:01:06,249 : Trying again...
ERROR : 2021-08-26 23:01:17,620 : Klay Thompson = No tables found
ERROR : 2021-08-26 23:01:17,621 : Trying again...
ERROR : 2021-08-26 23:01:40,873 : Klay Thompson = No tables found
ERROR : 2021-08-26 23:01:40,873 : Trying again...
ERROR : 2021-08-26 23:01:52,668 : Klay Thompson = No tables found
ERROR : 2021-08-26 23:01:52,668 : Trying again...
ERROR : 2021-08-26 23:02:03,426 : Klay Thompson = No tables found
ERROR : 2021-08-26 23:02:03,426 : Trying again...
ERROR : 2021-08-26 23:02:15,341 : Klay Thompson = No tables found
ERROR : 2021-08-26 23:02:15,341 : Trying again...
ERROR : 2021-08-26 23:02:25,656 : Klay Thompson = No tables found
ERROR : 2021-08-26 23:02:25,657 : Trying again...
ERROR : 2021-08-26 23:02:47,879 : Klay Thompson = No tables found
ERROR : 2021-08-26 23:02:47,879 : Trying again...
ERROR : 2021-08-26 23:02:48,100 : Unable to parse Klay Thompson
ERROR : 2021-08-26 23:02:58,143 : Kobi Simmons = No tables found
ERROR : 2021-08-26 23:02:58,143 : Trying again...
ERROR : 2021-08-26 23:03:08,743 : Kobi Simmons = No tables found
ERROR : 2021-08-26 23:03:08,743 : Trying again...
ERROR : 2021-08-26 23:03:19,472 : Kobi Simmons = No tables found
ERROR : 2021-08-26 23:03:19,472 : Trying again...
ERROR : 2021-08-26 23:03:30,411 : Kobi Simmons = No tables found
ERROR : 2021-08-26 23:03:30,411 : Trying again...
ERROR : 2021-08-26 23:03:50,653 : Kobi Simmons = No tables found
ERROR : 2021-08-26 23:03:50,653 : Trying again...
ERROR : 2021-08-26 23:04:01,598 : Kobi Simmons = No tables found
ERROR : 2021-08-26 23:04:01,599 : Trying again...
ERROR : 2021-08-26 23:04:12,078 : Kobi Simmons = No tables found
ERROR : 2021-08-26 23:04:12,078 : Trying again...
ERROR : 2021-08-26 23:04:23,585 : Kobi Simmons = No tables found
ERROR : 2021-08-26 23:04:23,585 : Trying again...
ERROR : 2021-08-26 23:04:34,288 : Kobi Simmons = No tables found
ERROR : 2021-08-26 23:04:34,288 : Trying again...
ERROR : 2021-08-26 23:04:56,402 : Kobi Simmons = No tables found
ERROR : 2021-08-26 23:04:56,402 : Trying again...
ERROR : 2021-08-26 23:04:56,640 : Unable to parse Kobi Simmons
INFO : 2021-08-26 23:05:08,896 : SUCCESS : Kosta Koufos = (254, 20) = 201585.csv
INFO : 2021-08-26 23:05:19,838 : SUCCESS : Kris Dunn = (20, 20) = 1627739.csv
INFO : 2021-08-26 23:05:34,936 : SUCCESS : Kristaps Porzingis = (266, 20) = 204001.csv
INFO : 2021-08-26 23:05:48,292 : SUCCESS : Kyle Anderson = (347, 20) = 203937.csv
INFO : 2021-08-26 23:06:01,232 : SUCCESS : Kyle Collinsworth = (183, 20) = 1627858.csv
INFO : 2021-08-26 23:06:15,881 : SUCCESS : Kyle Korver = (329, 20) = 2594.csv
INFO : 2021-08-26 23:06:29,451 : SUCCESS : Kyle Kuzma = (373, 20) = 1628398.csv
INFO : 2021-08-26 23:06:42,028 : SUCCESS : Kyle Lowry = (293, 20) = 200768.csv
INFO : 2021-08-26 23:06:54,083 : SUCCESS : Kyle O'Quinn = (181, 20) = 203124.csv
INFO : 2021-08-26 23:07:19,758 : SUCCESS : Kyle Singler = (46, 20) = 202713.csv
INFO : 2021-08-26 23:07:32,234 : SUCCESS : Kyrie Irving = (309, 20) = 202681.csv
INFO : 2021-08-26 23:07:44,856 : SUCCESS : LaMarcus Aldridge = (180, 20) = 200746.csv
INFO : 2021-08-26 23:07:59,072 : SUCCESS : Lance Stephenson = (330, 20) = 202362.csv
INFO : 2021-08-26 23:08:10,530 : SUCCESS : Lance Thomas = (49, 20) = 202498.csv
INFO : 2021-08-26 23:08:26,405 : SUCCESS : Langston Galloway = (224, 20) = 204038.csv
INFO : 2021-08-26 23:08:38,105 : SUCCESS : Larry Drew II = (63, 20) = 203580.csv
INFO : 2021-08-26 23:08:54,132 : SUCCESS : Larry Nance Jr. = (237, 20) = 1626204.csv
INFO : 2021-08-26 23:09:06,446 : SUCCESS : Lauri Markkanen = (313, 20) = 1628374.csv
INFO : 2021-08-26 23:09:19,748 : SUCCESS : LeBron James = (301, 20) = 2544.csv
INFO : 2021-08-26 23:09:31,436 : SUCCESS : London Perrantes = (49, 20) = 1628506.csv
INFO : 2021-08-26 23:09:45,982 : SUCCESS : Lonzo Ball = (314, 20) = 1628366.csv
INFO : 2021-08-26 23:09:57,716 : SUCCESS : Lorenzo Brown = (154, 20) = 203485.csv
INFO : 2021-08-26 23:10:12,765 : SUCCESS : Lou Williams = (334, 20) = 101150.csv
INFO : 2021-08-26 23:10:25,458 : SUCCESS : Luc Mbah a Moute = (22, 20) = 201601.csv
INFO : 2021-08-26 23:10:56,526 : SUCCESS : Lucas Nogueira = (238, 20) = 203512.csv
INFO : 2021-08-26 23:11:08,221 : SUCCESS : Luis Montero = (11, 20) = 1626242.csv
INFO : 2021-08-26 23:11:25,082 : SUCCESS : Luke Babbitt = (280, 20) = 202337.csv
INFO : 2021-08-26 23:11:38,010 : SUCCESS : Luke Kennard = (347, 20) = 1628379.csv
INFO : 2021-08-26 23:11:50,373 : SUCCESS : Luke Kornet = (203, 20) = 1628436.csv
INFO : 2021-08-26 23:12:04,339 : SUCCESS : Luol Deng = (158, 20) = 2736.csv
INFO : 2021-08-26 23:12:15,579 : SUCCESS : Malachi Richardson = (108, 20) = 1627781.csv
INFO : 2021-08-26 23:12:30,509 : SUCCESS : Malcolm Brogdon = (338, 20) = 1627763.csv
INFO : 2021-08-26 23:12:44,200 : SUCCESS : Malcolm Delaney = (325, 20) = 1627098.csv
INFO : 2021-08-26 23:12:56,702 : SUCCESS : Malcolm Miller = (141, 20) = 1626259.csv
INFO : 2021-08-26 23:13:10,259 : SUCCESS : Malik Beasley = (245, 20) = 1627736.csv
INFO : 2021-08-26 23:13:24,343 : SUCCESS : Malik Monk = (281, 20) = 1628370.csv
INFO : 2021-08-26 23:13:37,428 : SUCCESS : Mangok Mathiang = (19, 20) = 1628493.csv
INFO : 2021-08-26 23:14:08,131 : SUCCESS : Manu Ginobili = (332, 20) = 1938.csv
INFO : 2021-08-26 23:14:21,725 : SUCCESS : MarShon Brooks = (194, 20) = 202705.csv
INFO : 2021-08-26 23:14:36,773 : SUCCESS : Marc Gasol = (282, 20) = 201188.csv
INFO : 2021-08-26 23:14:48,195 : SUCCESS : Marcin Gortat = (224, 20) = 101162.csv
INFO : 2021-08-26 23:15:00,425 : SUCCESS : Marco Belinelli = (316, 20) = 201158.csv
INFO : 2021-08-26 23:15:12,209 : SUCCESS : Marcus Georges-Hunt = (183, 20) = 1627875.csv
INFO : 2021-08-26 23:15:25,520 : SUCCESS : Marcus Morris Sr. = (323, 20) = 202694.csv
INFO : 2021-08-26 23:15:35,126 : SUCCESS : Marcus Paige = (28, 20) = 1627779.csv
INFO : 2021-08-26 23:15:49,742 : SUCCESS : Marcus Smart = (284, 20) = 203935.csv
INFO : 2021-08-26 23:16:02,778 : SUCCESS : Mario Chalmers = (345, 20) = 201596.csv
INFO : 2021-08-26 23:16:18,044 : SUCCESS : Mario Hezonja = (298, 20) = 1626209.csv
INFO : 2021-08-26 23:16:29,721 : SUCCESS : Markel Brown = (22, 20) = 203900.csv
INFO : 2021-08-26 23:16:41,998 : SUCCESS : Markelle Fultz = (54, 20) = 1628365.csv
INFO : 2021-08-26 23:16:58,911 : SUCCESS : Markieff Morris = (317, 20) = 202693.csv
INFO : 2021-08-26 23:17:09,944 : SUCCESS : Marquese Chriss = (19, 20) = 1627737.csv
INFO : 2021-08-26 23:17:41,516 : SUCCESS : Marquis Teague = (29, 20) = 203104.csv
INFO : 2021-08-26 23:17:55,276 : SUCCESS : Marreese Speights = (295, 20) = 201578.csv
INFO : 2021-08-26 23:18:07,176 : SUCCESS : Marshall Plumlee = (58, 20) = 1627850.csv
INFO : 2021-08-26 23:18:23,363 : SUCCESS : Marvin Williams = (332, 20) = 101107.csv
INFO : 2021-08-26 23:18:36,020 : SUCCESS : Mason Plumlee = (307, 20) = 203486.csv
INFO : 2021-08-26 23:18:47,195 : SUCCESS : Matt Costello = (27, 20) = 1627856.csv
INFO : 2021-08-26 23:18:57,350 : SUCCESS : Matt Williams Jr. = (13, 20) = 1628475.csv
INFO : 2021-08-26 23:19:13,184 : SUCCESS : Matthew Dellavedova = (98, 20) = 203521.csv
INFO : 2021-08-26 23:19:25,931 : SUCCESS : Maurice Harkless = (209, 20) = 203090.csv
INFO : 2021-08-26 23:19:41,353 : SUCCESS : Maxi Kleber = (300, 20) = 1628467.csv
INFO : 2021-08-26 23:19:52,974 : SUCCESS : Meyers Leonard = (20, 20) = 203086.csv
INFO : 2021-08-26 23:20:56,376 : SUCCESS : Michael Beasley = (162, 20) = 201563.csv
INFO : 2021-08-26 23:21:08,933 : SUCCESS : Michael Carter-Williams = (217, 20) = 203487.csv
INFO : 2021-08-26 23:21:21,500 : SUCCESS : Michael Kidd-Gilchrist = (182, 20) = 203077.csv
INFO : 2021-08-26 23:21:36,756 : SUCCESS : Mike Conley = (326, 20) = 201144.csv
INFO : 2021-08-26 23:21:47,381 : SUCCESS : Mike James = (116, 20) = 1628455.csv
INFO : 2021-08-26 23:22:17,818 : SUCCESS : Mike Muscala = (218, 20) = 203488.csv
INFO : 2021-08-26 23:22:30,662 : SUCCESS : Mike Scott = (313, 20) = 203118.csv
INFO : 2021-08-26 23:22:42,992 : SUCCESS : Miles Plumlee = (137, 20) = 203101.csv
INFO : 2021-08-26 23:22:54,329 : SUCCESS : Milos Teodosic = (100, 20) = 1628462.csv
INFO : 2021-08-26 23:23:08,837 : SUCCESS : Milton Doyle = (70, 20) = 1628495.csv
INFO : 2021-08-26 23:23:19,989 : SUCCESS : Mindaugas Kuzminskas = (4, 20) = 1627851.csv
INFO : 2021-08-26 23:23:32,170 : SUCCESS : Mirza Teletovic = (68, 20) = 203141.csv
INFO : 2021-08-26 23:23:49,205 : SUCCESS : Monte Morris = (294, 20) = 1628420.csv
INFO : 2021-08-26 23:24:02,562 : SUCCESS : Montrezl Harrell = (382, 20) = 1626149.csv
INFO : 2021-08-26 23:24:13,868 : SUCCESS : Myke Henry = (167, 20) = 1627988.csv
INFO : 2021-08-26 23:24:28,864 : SUCCESS : Myles Turner = (293, 20) = 1626167.csv
INFO : 2021-08-26 23:24:41,963 : SUCCESS : Nate Wolters = (24, 20) = 203489.csv
INFO : 2021-08-26 23:24:53,130 : SUCCESS : Naz Mitrou-Long = (32, 20) = 1628513.csv
INFO : 2021-08-26 23:25:10,247 : SUCCESS : Nemanja Bjelica = (228, 20) = 202357.csv
INFO : 2021-08-26 23:25:21,741 : SUCCESS : Nene = (232, 20) = 2403.csv
INFO : 2021-08-26 23:25:52,598 : SUCCESS : Nerlens Noel = (346, 20) = 203457.csv
INFO : 2021-08-26 23:26:04,872 : SUCCESS : Nick Collison = (76, 20) = 2555.csv
INFO : 2021-08-26 23:26:19,457 : SUCCESS : Nick Young = (32, 20) = 201156.csv
INFO : 2021-08-26 23:26:35,521 : SUCCESS : Nicolas Batum = (335, 20) = 201587.csv
INFO : 2021-08-26 23:26:46,283 : SUCCESS : Nicolas Brussino = (15, 20) = 1627852.csv
INFO : 2021-08-26 23:26:58,495 : SUCCESS : Nigel Hayes = (64, 20) = 1628502.csv
INFO : 2021-08-26 23:27:14,942 : SUCCESS : Nik Stauskas = (337, 20) = 203917.csv
INFO : 2021-08-26 23:27:28,011 : SUCCESS : Nikola Jokic = (370, 20) = 203999.csv
INFO : 2021-08-26 23:27:40,300 : SUCCESS : Nikola Mirotic = (284, 20) = 202703.csv
INFO : 2021-08-26 23:27:53,493 : SUCCESS : Nikola Vucevic = (343, 20) = 202696.csv
INFO : 2021-08-26 23:28:03,318 : SUCCESS : Noah Vonleh = (14, 20) = 203943.csv
INFO : 2021-08-26 23:28:28,049 : SUCCESS : Norman Powell = (353, 20) = 1626181.csv
INFO : 2021-08-26 23:28:40,646 : SUCCESS : OG Anunoby = (256, 20) = 1628384.csv
INFO : 2021-08-26 23:28:52,230 : SUCCESS : Okaro White = (13, 20) = 1627855.csv
INFO : 2021-08-26 23:29:04,027 : SUCCESS : Omari Johnson = (44, 20) = 204179.csv
INFO : 2021-08-26 23:29:19,925 : SUCCESS : Omer Asik = (119, 20) = 201600.csv
INFO : 2021-08-26 23:29:32,138 : SUCCESS : Omri Casspi = (245, 20) = 201956.csv
INFO : 2021-08-26 23:29:46,216 : SUCCESS : Otto Porter Jr. = (231, 20) = 203490.csv
INFO : 2021-08-26 23:29:59,052 : SUCCESS : P.J. Tucker = (301, 20) = 200782.csv
INFO : 2021-08-26 23:30:12,378 : SUCCESS : PJ Dozier = (326, 20) = 1628408.csv
INFO : 2021-08-26 23:30:31,201 : SUCCESS : Pascal Siakam = (312, 20) = 1627783.csv
INFO : 2021-08-26 23:30:45,230 : SUCCESS : Pat Connaughton = (373, 20) = 1626192.csv
INFO : 2021-08-26 23:31:01,241 : SUCCESS : Patrick Beverley = (227, 20) = 201976.csv
INFO : 2021-08-26 23:31:12,584 : SUCCESS : Patrick McCaw = (31, 20) = 1627775.csv
INFO : 2021-08-26 23:31:26,957 : SUCCESS : Patrick Patterson = (243, 20) = 202335.csv
INFO : 2021-08-26 23:32:01,638 : SUCCESS : Patty Mills = (360, 20) = 201988.csv
INFO : 2021-08-26 23:32:12,593 : SUCCESS : Pau Gasol = (181, 20) = 2200.csv
INFO : 2021-08-26 23:32:27,170 : SUCCESS : Paul George = (304, 20) = 202331.csv
INFO : 2021-08-26 23:32:40,674 : SUCCESS : Paul Millsap = (302, 20) = 200794.csv
INFO : 2021-08-26 23:32:52,871 : SUCCESS : Paul Zipser = (293, 20) = 1627835.csv
INFO : 2021-08-26 23:33:04,582 : SUCCESS : Quincy Acy = (74, 20) = 203112.csv
INFO : 2021-08-26 23:33:17,849 : SUCCESS : Quincy Pondexter = (233, 20) = 202347.csv
INFO : 2021-08-26 23:33:29,789 : SUCCESS : Quinn Cook = (139, 20) = 1626188.csv
INFO : 2021-08-26 23:33:41,030 : SUCCESS : RJ Hunter = (9, 20) = 1626154.csv
INFO : 2021-08-26 23:33:56,680 : SUCCESS : Rajon Rondo = (262, 20) = 200765.csv
INFO : 2021-08-26 23:34:08,264 : SUCCESS : Ramon Sessions = (169, 20) = 201196.csv
INFO : 2021-08-26 23:34:19,682 : SUCCESS : Rashad Vaughn = (138, 20) = 1626173.csv
INFO : 2021-08-26 23:34:35,322 : SUCCESS : Raul Neto = (341, 20) = 203526.csv
INFO : 2021-08-26 23:34:48,309 : SUCCESS : Raymond Felton = (202, 20) = 101109.csv
INFO : 2021-08-26 23:35:18,923 : SUCCESS : Reggie Bullock = (333, 20) = 203493.csv
INFO : 2021-08-26 23:35:29,651 : SUCCESS : Reggie Hearn = (8, 20) = 203687.csv
INFO : 2021-08-26 23:35:44,272 : SUCCESS : Reggie Jackson = (352, 20) = 202704.csv
INFO : 2021-08-26 23:35:55,031 : SUCCESS : Richard Jefferson = (114, 20) = 2210.csv
INFO : 2021-08-26 23:36:09,577 : SUCCESS : Richaun Holmes = (351, 20) = 1626158.csv
INFO : 2021-08-26 23:36:22,601 : SUCCESS : Ricky Rubio = (344, 20) = 201937.csv
INFO : 2021-08-26 23:36:36,166 : SUCCESS : Robert Covington = (357, 20) = 203496.csv
INFO : 2021-08-26 23:36:48,823 : SUCCESS : Robin Lopez = (345, 20) = 201577.csv
INFO : 2021-08-26 23:37:10,818 : SUCCESS : Rodney Hood = (304, 20) = 203918.csv
INFO : 2021-08-26 23:37:22,786 : SUCCESS : Rodney McGruder = (95, 20) = 203585.csv
INFO : 2021-08-26 23:37:36,726 : SUCCESS : Rodney Purvis = (144, 20) = 1628681.csv
INFO : 2021-08-26 23:37:48,452 : SUCCESS : Ron Baker = (108, 20) = 1627758.csv
INFO : 2021-08-26 23:37:59,845 : SUCCESS : Rondae Hollis-Jefferson = (76, 20) = 1626178.csv
INFO : 2021-08-26 23:38:15,976 : SUCCESS : Royce O'Neale = (361, 20) = 1626220.csv
INFO : 2021-08-26 23:38:28,856 : SUCCESS : Rudy Gay = (354, 20) = 200752.csv
INFO : 2021-08-26 23:38:48,819 : SUCCESS : Rudy Gobert = (373, 20) = 203497.csv
INFO : 2021-08-26 23:39:00,748 : SUCCESS : Russell Westbrook = (343, 20) = 201566.csv
INFO : 2021-08-26 23:39:12,551 : SUCCESS : Ryan Anderson = (13, 20) = 201583.csv
INFO : 2021-08-26 23:39:27,776 : SUCCESS : Ryan Arcidiacono = (274, 20) = 1627853.csv
INFO : 2021-08-26 23:39:45,313 : SUCCESS : Salah Mejri = (201, 20) = 1626257.csv
ERROR : 2021-08-26 23:40:10,306 : Sam Dekker = No tables found
ERROR : 2021-08-26 23:40:10,306 : Trying again...
ERROR : 2021-08-26 23:40:22,156 : Sam Dekker = No tables found
ERROR : 2021-08-26 23:40:22,156 : Trying again...
ERROR : 2021-08-26 23:41:00,435 : Sam Dekker = No tables found
ERROR : 2021-08-26 23:41:00,435 : Trying again...
ERROR : 2021-08-26 23:41:11,208 : Sam Dekker = No tables found
ERROR : 2021-08-26 23:41:11,208 : Trying again...
ERROR : 2021-08-26 23:41:23,205 : Sam Dekker = No tables found
ERROR : 2021-08-26 23:41:23,206 : Trying again...
ERROR : 2021-08-26 23:41:33,587 : Sam Dekker = No tables found
ERROR : 2021-08-26 23:41:33,587 : Trying again...
ERROR : 2021-08-26 23:41:43,832 : Sam Dekker = No tables found
ERROR : 2021-08-26 23:41:43,832 : Trying again...
ERROR : 2021-08-26 23:42:05,049 : Sam Dekker = No tables found
ERROR : 2021-08-26 23:42:05,049 : Trying again...
ERROR : 2021-08-26 23:42:16,507 : Sam Dekker = No tables found
ERROR : 2021-08-26 23:42:16,522 : Trying again...
ERROR : 2021-08-26 23:42:27,354 : Sam Dekker = No tables found
ERROR : 2021-08-26 23:42:27,354 : Trying again...
ERROR : 2021-08-26 23:42:27,557 : Unable to parse Sam Dekker
INFO : 2021-08-26 23:42:39,469 : SUCCESS : Scotty Hopson = (8, 20) = 203816.csv
INFO : 2021-08-26 23:42:51,219 : SUCCESS : Sean Kilpatrick = (255, 20) = 203930.csv
INFO : 2021-08-26 23:43:08,945 : SUCCESS : Semi Ojeleye = (306, 20) = 1628400.csv
INFO : 2021-08-26 23:43:21,567 : SUCCESS : Serge Ibaka = (233, 20) = 201586.csv
INFO : 2021-08-26 23:43:34,372 : SUCCESS : Shabazz Muhammad = (222, 20) = 203498.csv
INFO : 2021-08-26 23:43:49,593 : SUCCESS : Shabazz Napier = (300, 20) = 203894.csv
INFO : 2021-08-26 23:44:01,833 : SUCCESS : Shane Larkin = (292, 20) = 203499.csv
INFO : 2021-08-26 23:44:14,487 : SUCCESS : Shaquille Harrison = (196, 20) = 1627885.csv
INFO : 2021-08-26 23:44:29,813 : SUCCESS : Shaun Livingston = (332, 20) = 2733.csv
INFO : 2021-08-26 23:44:42,101 : SUCCESS : Shelvin Mack = (309, 20) = 202714.csv
INFO : 2021-08-26 23:44:53,259 : SUCCESS : Sindarius Thornwell = (126, 20) = 1628414.csv
INFO : 2021-08-26 23:45:07,239 : SUCCESS : Skal Labissiere = (236, 20) = 1627746.csv
INFO : 2021-08-26 23:45:20,075 : SUCCESS : Solomon Hill = (372, 20) = 203524.csv
INFO : 2021-08-26 23:45:31,955 : SUCCESS : Spencer Dinwiddie = (30, 20) = 203915.csv
INFO : 2021-08-26 23:45:46,686 : SUCCESS : Stanley Johnson = (318, 20) = 1626169.csv
INFO : 2021-08-26 23:46:17,010 : SUCCESS : Stephen Curry = (344, 20) = 201939.csv
INFO : 2021-08-26 23:46:29,260 : SUCCESS : Sterling Brown = (328, 20) = 1628425.csv
INFO : 2021-08-26 23:46:40,848 : SUCCESS : Steven Adams = (318, 20) = 203500.csv
INFO : 2021-08-26 23:46:51,770 : SUCCESS : T.J. Leaf = (36, 20) = 1628388.csv
INFO : 2021-08-26 23:47:06,280 : SUCCESS : T.J. McConnell = (370, 20) = 204456.csv
INFO : 2021-08-26 23:47:17,319 : SUCCESS : T.J. Warren = (31, 20) = 203933.csv
INFO : 2021-08-26 23:47:32,192 : SUCCESS : Taj Gibson = (297, 20) = 201959.csv
INFO : 2021-08-26 23:47:44,958 : SUCCESS : Tarik Black = (282, 20) = 204028.csv
INFO : 2021-08-26 23:47:56,821 : SUCCESS : Taurean Prince = (272, 20) = 1627752.csv
INFO : 2021-08-26 23:48:10,302 : SUCCESS : Terrance Ferguson = (65, 20) = 1628390.csv
INFO : 2021-08-26 23:48:22,385 : SUCCESS : Terrence Ross = (278, 20) = 203082.csv
INFO : 2021-08-26 23:48:51,524 : SUCCESS : Terry Rozier = (366, 20) = 1626179.csv
INFO : 2021-08-26 23:49:02,606 : SUCCESS : Thabo Sefolosha = (245, 20) = 200757.csv
INFO : 2021-08-26 23:49:16,480 : SUCCESS : Thaddeus Young = (375, 20) = 201152.csv
INFO : 2021-08-26 23:49:27,863 : SUCCESS : Thomas Bryant = (64, 20) = 1628418.csv
INFO : 2021-08-26 23:49:38,319 : SUCCESS : Thon Maker = (65, 20) = 1627748.csv
INFO : 2021-08-26 23:49:52,771 : SUCCESS : Tim Frazier = (40, 20) = 204025.csv
INFO : 2021-08-26 23:50:06,652 : SUCCESS : Tim Hardaway Jr. = (362, 20) = 203501.csv
INFO : 2021-08-26 23:50:17,892 : SUCCESS : Tim Quarterman = (15, 20) = 1627817.csv
ERROR : 2021-08-26 23:50:40,440 : Timofey Mozgov = No tables found
ERROR : 2021-08-26 23:50:40,440 : Trying again...
ERROR : 2021-08-26 23:51:05,503 : Timofey Mozgov = No tables found
ERROR : 2021-08-26 23:51:05,503 : Trying again...
ERROR : 2021-08-26 23:51:17,510 : Timofey Mozgov = No tables found
ERROR : 2021-08-26 23:51:17,510 : Trying again...
ERROR : 2021-08-26 23:51:29,939 : Timofey Mozgov = No tables found
ERROR : 2021-08-26 23:51:29,940 : Trying again...
ERROR : 2021-08-26 23:51:41,299 : Timofey Mozgov = No tables found
ERROR : 2021-08-26 23:51:41,299 : Trying again...
ERROR : 2021-08-26 23:51:53,712 : Timofey Mozgov = No tables found
ERROR : 2021-08-26 23:51:53,712 : Trying again...
ERROR : 2021-08-26 23:52:14,705 : Timofey Mozgov = No tables found
ERROR : 2021-08-26 23:52:14,707 : Trying again...
ERROR : 2021-08-26 23:52:26,179 : Timofey Mozgov = No tables found
ERROR : 2021-08-26 23:52:26,179 : Trying again...
ERROR : 2021-08-26 23:52:38,518 : Timofey Mozgov = No tables found
ERROR : 2021-08-26 23:52:38,518 : Trying again...
ERROR : 2021-08-26 23:52:50,863 : Timofey Mozgov = No tables found
ERROR : 2021-08-26 23:52:50,864 : Trying again...
ERROR : 2021-08-26 23:52:51,101 : Unable to parse Timofey Mozgov
INFO : 2021-08-26 23:53:04,206 : SUCCESS : Timothe Luwawu-Cabarrot = (347, 20) = 1627789.csv
INFO : 2021-08-26 23:53:17,449 : SUCCESS : Tobias Harris = (345, 20) = 202699.csv
INFO : 2021-08-26 23:53:30,467 : SUCCESS : Tomas Satoransky = (335, 20) = 203107.csv
INFO : 2021-08-26 23:53:42,354 : SUCCESS : Tony Allen = (167, 20) = 2754.csv
INFO : 2021-08-26 23:53:56,927 : SUCCESS : Tony Bradley = (272, 20) = 1628396.csv
INFO : 2021-08-26 23:54:08,751 : SUCCESS : Tony Parker = (304, 20) = 2225.csv
INFO : 2021-08-26 23:54:31,765 : SUCCESS : Tony Snell = (291, 20) = 203503.csv
INFO : 2021-08-26 23:54:43,662 : SUCCESS : Torrey Craig = (287, 20) = 1628470.csv
INFO : 2021-08-26 23:54:55,387 : SUCCESS : Travis Wear = (143, 20) = 204037.csv
INFO : 2021-08-26 23:55:09,072 : SUCCESS : Treveon Graham = (326, 20) = 1626203.csv
INFO : 2021-08-26 23:55:21,395 : SUCCESS : Trevor Ariza = (204, 20) = 2772.csv
INFO : 2021-08-26 23:55:33,485 : SUCCESS : Trevor Booker = (346, 20) = 202344.csv
INFO : 2021-08-26 23:55:46,518 : SUCCESS : Trey Burke = (334, 20) = 203504.csv
INFO : 2021-08-26 23:55:58,743 : SUCCESS : Trey Lyles = (150, 20) = 1626168.csv
INFO : 2021-08-26 23:56:09,724 : SUCCESS : Trey McKinney-Jones = (2, 20) = 203590.csv
INFO : 2021-08-26 23:56:25,135 : SUCCESS : Tristan Thompson = (289, 20) = 202684.csv
INFO : 2021-08-26 23:56:37,662 : SUCCESS : Troy Daniels = (284, 20) = 203584.csv
INFO : 2021-08-26 23:57:07,390 : SUCCESS : Troy Williams = (170, 20) = 1627786.csv
INFO : 2021-08-26 23:57:24,277 : SUCCESS : Tyler Cavanaugh = (45, 20) = 1628463.csv
INFO : 2021-08-26 23:57:38,768 : SUCCESS : Tyler Dorsey = (286, 20) = 1628416.csv
INFO : 2021-08-26 23:57:53,085 : SUCCESS : Tyler Ennis = (292, 20) = 203898.csv
INFO : 2021-08-26 23:58:06,125 : SUCCESS : Tyler Johnson = (258, 20) = 204020.csv
INFO : 2021-08-26 23:58:18,901 : SUCCESS : Tyler Lydon = (97, 20) = 1628399.csv
INFO : 2021-08-26 23:58:31,493 : SUCCESS : Tyler Ulis = (2, 20) = 1627755.csv
INFO : 2021-08-26 23:58:41,393 : SUCCESS : Tyler Zeller = (5, 20) = 203092.csv
INFO : 2021-08-26 23:58:58,760 : SUCCESS : Tyreke Evans = (352, 20) = 201936.csv
INFO : 2021-08-26 23:59:11,790 : SUCCESS : Tyrone Wallace = (110, 20) = 1627820.csv
INFO : 2021-08-26 23:59:25,199 : SUCCESS : Tyson Chandler = (151, 20) = 2199.csv
INFO : 2021-08-26 23:59:38,403 : SUCCESS : Tyus Jones = (355, 20) = 1626145.csv
INFO : 2021-08-26 23:59:49,329 : SUCCESS : Udonis Haslem = (5, 20) = 2617.csv
INFO : 2021-08-27 00:00:00,007 : SUCCESS : Vander Blue = (33, 20) = 203505.csv
INFO : 2021-08-27 00:00:17,077 : SUCCESS : Victor Oladipo = (220, 20) = 203506.csv
INFO : 2021-08-27 00:00:33,633 : SUCCESS : Vince Carter = (311, 20) = 1713.csv
INFO : 2021-08-27 00:00:44,271 : SUCCESS : Vincent Hunter = (15, 20) = 1626205.csv
INFO : 2021-08-27 00:01:16,353 : SUCCESS : Wade Baldwin IV = (81, 20) = 1627735.csv
INFO : 2021-08-27 00:01:26,947 : SUCCESS : Walt Lemon Jr. = (46, 20) = 1627215.csv
INFO : 2021-08-27 00:01:56,035 : SUCCESS : Wayne Ellington = (261, 20) = 201961.csv
INFO : 2021-08-27 00:02:10,897 : SUCCESS : Wayne Selden = (355, 20) = 1627782.csv
INFO : 2021-08-27 00:02:22,219 : SUCCESS : Wes Iwundu = (245, 20) = 1628411.csv
INFO : 2021-08-27 00:02:38,170 : SUCCESS : Wesley Johnson = (226, 20) = 202325.csv
INFO : 2021-08-27 00:02:50,676 : SUCCESS : Wesley Matthews = (330, 20) = 202083.csv
INFO : 2021-08-27 00:03:04,011 : SUCCESS : Will Barton = (322, 20) = 203115.csv
INFO : 2021-08-27 00:03:17,235 : SUCCESS : Willie Cauley-Stein = (322, 20) = 1626161.csv
INFO : 2021-08-27 00:03:30,449 : SUCCESS : Willie Reed = (226, 20) = 203186.csv
INFO : 2021-08-27 00:03:42,256 : SUCCESS : Willy Hernangomez = (284, 20) = 1626195.csv
INFO : 2021-08-27 00:03:54,571 : SUCCESS : Wilson Chandler = (243, 20) = 201163.csv
INFO : 2021-08-27 00:04:06,251 : SUCCESS : Xavier Munford = (30, 20) = 204098.csv
INFO : 2021-08-27 00:04:37,385 : SUCCESS : Xavier Rathan-Mayes = (51, 20) = 1628504.csv
INFO : 2021-08-27 00:04:47,867 : SUCCESS : Xavier Silas = (9, 20) = 202918.csv
INFO : 2021-08-27 00:04:59,782 : SUCCESS : Yogi Ferrell = (69, 20) = 1627812.csv
ERROR : 2021-08-27 00:05:15,728 : Zach Collins = No tables found
ERROR : 2021-08-27 00:05:15,728 : Trying again...
ERROR : 2021-08-27 00:05:25,553 : Zach Collins = No tables found
ERROR : 2021-08-27 00:05:25,554 : Trying again...
ERROR : 2021-08-27 00:05:36,720 : Zach Collins = No tables found
ERROR : 2021-08-27 00:05:36,721 : Trying again...
ERROR : 2021-08-27 00:05:49,579 : Zach Collins = No tables found
ERROR : 2021-08-27 00:05:49,580 : Trying again...
ERROR : 2021-08-27 00:06:12,535 : Zach Collins = No tables found
ERROR : 2021-08-27 00:06:12,535 : Trying again...
ERROR : 2021-08-27 00:06:23,446 : Zach Collins = No tables found
ERROR : 2021-08-27 00:06:23,446 : Trying again...
ERROR : 2021-08-27 00:06:35,913 : Zach Collins = No tables found
ERROR : 2021-08-27 00:06:35,913 : Trying again...
ERROR : 2021-08-27 00:06:46,571 : Zach Collins = No tables found
ERROR : 2021-08-27 00:06:46,572 : Trying again...
ERROR : 2021-08-27 00:06:58,451 : Zach Collins = No tables found
ERROR : 2021-08-27 00:06:58,452 : Trying again...
ERROR : 2021-08-27 00:07:19,327 : Zach Collins = No tables found
ERROR : 2021-08-27 00:07:19,327 : Trying again...
ERROR : 2021-08-27 00:07:19,526 : Unable to parse Zach Collins
INFO : 2021-08-27 00:07:32,876 : SUCCESS : Zach LaVine = (362, 20) = 203897.csv
INFO : 2021-08-27 00:07:45,162 : SUCCESS : Zach Randolph = (291, 20) = 2216.csv
INFO : 2021-08-27 00:07:57,802 : SUCCESS : Zaza Pachulia = (321, 20) = 2585.csv
INFO : 2021-08-27 00:08:08,724 : SUCCESS : Zhou Qi = (1, 20) = 1627753.csv
