INFO : 2021-08-27 10:05:46,486 : Dir raw_data/2017-18 already exists
INFO : 2021-08-27 10:06:15,385 : Bio = (540, 6)
INFO : 2021-08-27 10:06:25,850 : SUCCESS : Aaron Brooks = (157, 20) = 201166.csv
INFO : 2021-08-27 10:06:37,302 : SUCCESS : Aaron Gordon = (328, 20) = 203932.csv
INFO : 2021-08-27 10:06:48,105 : SUCCESS : Aaron Harrison = (81, 20) = 1626151.csv
INFO : 2021-08-27 10:07:02,410 : SUCCESS : Aaron Jackson = (9, 20) = 1628935.csv
INFO : 2021-08-27 10:07:17,292 : SUCCESS : Abdel Nader = (247, 20) = 1627846.csv
INFO : 2021-08-27 10:07:28,197 : SUCCESS : Adreian Payne = (35, 20) = 203940.csv
INFO : 2021-08-27 10:07:42,493 : SUCCESS : Al Horford = (333, 20) = 201143.csv
INFO : 2021-08-27 10:07:53,566 : SUCCESS : Al Jefferson = (214, 20) = 2744.csv
INFO : 2021-08-27 10:08:08,155 : SUCCESS : Al-Farouq Aminu = (317, 20) = 202329.csv
INFO : 2021-08-27 10:08:17,259 : SUCCESS : Alan Williams = (45, 20) = 1626210.csv
INFO : 2021-08-27 10:08:31,543 : SUCCESS : Alec Burks = (331, 20) = 202692.csv
INFO : 2021-08-27 10:08:41,719 : SUCCESS : Alec Peters = (128, 20) = 1628409.csv
INFO : 2021-08-27 10:09:05,425 : SUCCESS : Alex Abrines = (337, 20) = 203518.csv
INFO : 2021-08-27 10:09:15,718 : SUCCESS : Alex Caruso = (237, 20) = 1627936.csv
INFO : 2021-08-27 10:09:26,888 : SUCCESS : Alex Len = (359, 20) = 203458.csv
INFO : 2021-08-27 10:09:37,019 : SUCCESS : Alex Poythress = (112, 20) = 1627816.csv
INFO : 2021-08-27 10:09:48,296 : SUCCESS : Alfonzo McKinnie = (62, 20) = 1628035.csv
INFO : 2021-08-27 10:10:03,206 : SUCCESS : Allen Crabbe = (332, 20) = 203459.csv
INFO : 2021-08-27 10:10:15,025 : SUCCESS : Amir Johnson = (349, 20) = 101161.csv
INFO : 2021-08-27 10:10:27,247 : SUCCESS : Andre Drummond = (381, 20) = 203083.csv
INFO : 2021-08-27 10:10:48,690 : SUCCESS : Andre Iguodala = (346, 20) = 2738.csv
INFO : 2021-08-27 10:10:59,054 : SUCCESS : Andre Ingram = (23, 20) = 201281.csv
INFO : 2021-08-27 10:11:13,330 : SUCCESS : Andre Roberson = (266, 20) = 203460.csv
INFO : 2021-08-27 10:11:24,538 : SUCCESS : Andrew Bogut = (125, 20) = 101106.csv
INFO : 2021-08-27 10:11:36,856 : SUCCESS : Andrew Harrison = (305, 20) = 1626150.csv
INFO : 2021-08-27 10:11:47,056 : SUCCESS : Andrew White III = (130, 20) = 1628510.csv
INFO : 2021-08-27 10:12:01,425 : SUCCESS : Andrew Wiggins = (380, 20) = 203952.csv
INFO : 2021-08-27 10:12:12,987 : SUCCESS : Ante Zizic = (175, 20) = 1627790.csv
INFO : 2021-08-27 10:12:23,245 : SUCCESS : Anthony Brown = (4, 20) = 1626148.csv
INFO : 2021-08-27 10:12:38,362 : SUCCESS : Anthony Davis = (374, 20) = 203076.csv
INFO : 2021-08-27 10:12:50,983 : SUCCESS : Anthony Tolliver = (387, 20) = 201229.csv
INFO : 2021-08-27 10:13:02,037 : SUCCESS : Antonio Blakeney = (158, 20) = 1628469.csv
INFO : 2021-08-27 10:13:15,892 : SUCCESS : Antonius Cleveland = (102, 20) = 1628499.csv
INFO : 2021-08-27 10:13:41,411 : SUCCESS : Aron Baynes = (349, 20) = 203382.csv
INFO : 2021-08-27 10:13:52,845 : SUCCESS : Arron Afflalo = (291, 20) = 201167.csv
INFO : 2021-08-27 10:14:05,501 : SUCCESS : Austin Rivers = (341, 20) = 203085.csv
INFO : 2021-08-27 10:14:16,879 : SUCCESS : Avery Bradley = (276, 20) = 202340.csv
INFO : 2021-08-27 10:14:28,947 : SUCCESS : Bam Adebayo = (335, 20) = 1628389.csv
INFO : 2021-08-27 10:14:40,596 : SUCCESS : Ben McLemore = (322, 20) = 203463.csv
INFO : 2021-08-27 10:14:51,115 : SUCCESS : Ben Moore = (9, 20) = 1628500.csv
INFO : 2021-08-27 10:15:04,630 : SUCCESS : Ben Simmons = (363, 20) = 1627732.csv
INFO : 2021-08-27 10:15:28,733 : SUCCESS : Bismack Biyombo = (370, 20) = 202687.csv
INFO : 2021-08-27 10:15:41,065 : SUCCESS : Blake Griffin = (331, 20) = 201933.csv
INFO : 2021-08-27 10:15:52,506 : SUCCESS : Boban Marjanovic = (225, 20) = 1626246.csv
INFO : 2021-08-27 10:16:02,816 : SUCCESS : Bobby Brown = (93, 20) = 201628.csv
INFO : 2021-08-27 10:16:14,582 : SUCCESS : Bobby Portis = (365, 20) = 1626171.csv
INFO : 2021-08-27 10:16:27,628 : SUCCESS : Bogdan Bogdanovic = (366, 20) = 203992.csv
INFO : 2021-08-27 10:16:39,071 : SUCCESS : Bojan Bogdanovic = (361, 20) = 202711.csv
INFO : 2021-08-27 10:16:50,439 : SUCCESS : Bradley Beal = (378, 20) = 203078.csv
INFO : 2021-08-27 10:17:02,832 : SUCCESS : Brandan Wright = (171, 20) = 201148.csv
INFO : 2021-08-27 10:17:30,953 : SUCCESS : Brandon Ingram = (331, 20) = 1627742.csv
INFO : 2021-08-27 10:17:42,744 : SUCCESS : Brandon Jennings = (107, 20) = 201943.csv
INFO : 2021-08-27 10:17:54,682 : SUCCESS : Brandon Paul = (300, 20) = 203464.csv
INFO : 2021-08-27 10:18:04,874 : SUCCESS : Briante Weber = (134, 20) = 1627362.csv
INFO : 2021-08-27 10:18:14,437 : SUCCESS : Brice Johnson = (94, 20) = 1627744.csv
INFO : 2021-08-27 10:18:27,476 : SUCCESS : Brook Lopez = (341, 20) = 201572.csv
INFO : 2021-08-27 10:18:39,052 : SUCCESS : Bruno Caboclo = (90, 20) = 203998.csv
INFO : 2021-08-27 10:18:52,279 : SUCCESS : Bryn Forbes = (376, 20) = 1627854.csv
INFO : 2021-08-27 10:19:03,443 : SUCCESS : Buddy Hield = (385, 20) = 1627741.csv
INFO : 2021-08-27 10:19:14,181 : SUCCESS : C.J. Williams = (248, 20) = 203710.csv
INFO : 2021-08-27 10:19:38,770 : SUCCESS : CJ McCollum = (358, 20) = 203468.csv
INFO : 2021-08-27 10:19:48,946 : SUCCESS : CJ Miles = (348, 20) = 101139.csv
INFO : 2021-08-27 10:19:58,603 : SUCCESS : Caleb Swanigan = (152, 20) = 1628403.csv
INFO : 2021-08-27 10:20:20,995 : SUCCESS : Cameron Payne = (190, 20) = 1626166.csv
INFO : 2021-08-27 10:20:31,745 : SUCCESS : Caris LeVert = (342, 20) = 1627747.csv
INFO : 2021-08-27 10:20:42,963 : SUCCESS : Carmelo Anthony = (348, 20) = 2546.csv
INFO : 2021-08-27 10:20:53,601 : SUCCESS : Cedi Osman = (275, 20) = 1626224.csv
INFO : 2021-08-27 10:21:04,031 : SUCCESS : Chandler Parsons = (247, 20) = 202718.csv
INFO : 2021-08-27 10:21:15,129 : SUCCESS : Channing Frye = (283, 20) = 101112.csv
INFO : 2021-08-27 10:21:25,341 : SUCCESS : Charles Cooke = (58, 20) = 1628429.csv
INFO : 2021-08-27 10:21:38,207 : SUCCESS : Cheick Diallo = (297, 20) = 1627767.csv
INFO : 2021-08-27 10:21:48,005 : SUCCESS : Chinanu Onuaku = (9, 20) = 1627778.csv
INFO : 2021-08-27 10:22:00,265 : SUCCESS : Chris Boucher = (3, 20) = 1628449.csv
INFO : 2021-08-27 10:22:29,928 : SUCCESS : Chris McCullough = (83, 20) = 1626191.csv
INFO : 2021-08-27 10:22:40,598 : SUCCESS : Chris Paul = (325, 20) = 101108.csv
INFO : 2021-08-27 10:22:51,573 : SUCCESS : Clint Capela = (371, 20) = 203991.csv
INFO : 2021-08-27 10:23:02,116 : SUCCESS : Cody Zeller = (235, 20) = 203469.csv
INFO : 2021-08-27 10:23:12,268 : SUCCESS : Cole Aldrich = (83, 20) = 202332.csv
INFO : 2021-08-27 10:23:25,342 : SUCCESS : Corey Brewer = (330, 20) = 201147.csv
INFO : 2021-08-27 10:23:35,753 : SUCCESS : Cory Joseph = (373, 20) = 202709.csv
INFO : 2021-08-27 10:23:46,646 : SUCCESS : Courtney Lee = (356, 20) = 201584.csv
INFO : 2021-08-27 10:24:09,610 : SUCCESS : Cristiano Felicio = (344, 20) = 1626245.csv
INFO : 2021-08-27 10:24:20,152 : SUCCESS : D'Angelo Russell = (271, 20) = 1626156.csv
INFO : 2021-08-27 10:24:31,149 : SUCCESS : D.J. Augustin = (349, 20) = 201571.csv
INFO : 2021-08-27 10:24:41,644 : SUCCESS : D.J. Wilson = (96, 20) = 1628391.csv
INFO : 2021-08-27 10:24:54,400 : SUCCESS : Dakari Johnson = (137, 20) = 1626177.csv
INFO : 2021-08-27 10:25:05,990 : SUCCESS : Damian Jones = (81, 20) = 1627745.csv
INFO : 2021-08-27 10:25:19,209 : SUCCESS : Damian Lillard = (350, 20) = 203081.csv
INFO : 2021-08-27 10:25:30,106 : SUCCESS : Damien Wilkins = (112, 20) = 2863.csv
INFO : 2021-08-27 10:25:42,574 : SUCCESS : Damion Lee = (128, 20) = 1627814.csv
INFO : 2021-08-27 10:25:53,436 : SUCCESS : Damyean Dotson = (238, 20) = 1628422.csv
INFO : 2021-08-27 10:26:03,576 : SUCCESS : Daniel Hamilton = (26, 20) = 1627772.csv
INFO : 2021-08-27 10:26:16,635 : SUCCESS : Daniel Theis = (317, 20) = 1628464.csv
INFO : 2021-08-27 10:26:28,365 : SUCCESS : Danilo Gallinari = (163, 20) = 201568.csv
INFO : 2021-08-27 10:26:56,482 : SUCCESS : Danny Green = (349, 20) = 201980.csv
INFO : 2021-08-27 10:27:08,144 : SUCCESS : Dante Cunningham = (369, 20) = 201967.csv
INFO : 2021-08-27 10:27:19,594 : SUCCESS : Dante Exum = (118, 20) = 203957.csv
INFO : 2021-08-27 10:27:32,618 : SUCCESS : Danuel House Jr. = (154, 20) = 1627863.csv
INFO : 2021-08-27 10:27:44,687 : SUCCESS : Dario Saric = (360, 20) = 203967.csv
INFO : 2021-08-27 10:27:56,304 : SUCCESS : Darius Miller = (391, 20) = 203121.csv
INFO : 2021-08-27 10:28:06,463 : SUCCESS : Darrell Arthur = (103, 20) = 201589.csv
INFO : 2021-08-27 10:28:20,536 : SUCCESS : Darren Collison = (342, 20) = 201954.csv
INFO : 2021-08-27 10:28:30,098 : SUCCESS : Darrun Hilliard = (80, 20) = 1626199.csv
INFO : 2021-08-27 10:28:53,998 : SUCCESS : David Nwaba = (357, 20) = 1628021.csv
INFO : 2021-08-27 10:29:05,506 : SUCCESS : David Stockton = (12, 20) = 204065.csv
INFO : 2021-08-27 10:29:20,427 : SUCCESS : David West = (349, 20) = 2561.csv
INFO : 2021-08-27 10:29:32,666 : SUCCESS : Davis Bertans = (347, 20) = 202722.csv
INFO : 2021-08-27 10:29:43,370 : SUCCESS : Davon Reed = (157, 20) = 1628432.csv
INFO : 2021-08-27 10:29:57,415 : SUCCESS : De'Aaron Fox = (365, 20) = 1628368.csv
INFO : 2021-08-27 10:30:08,080 : SUCCESS : DeAndre Jordan = (363, 20) = 201599.csv
INFO : 2021-08-27 10:30:19,921 : SUCCESS : DeAndre Liggins = (258, 20) = 202732.csv
INFO : 2021-08-27 10:30:31,407 : SUCCESS : DeAndre' Bembry = (177, 20) = 1627761.csv
INFO : 2021-08-27 10:30:45,568 : SUCCESS : DeMar DeRozan = (358, 20) = 201942.csv
INFO : 2021-08-27 10:31:09,652 : SUCCESS : DeMarcus Cousins = (336, 20) = 202326.csv
INFO : 2021-08-27 10:31:20,458 : SUCCESS : DeMarre Carroll = (335, 20) = 201960.csv
INFO : 2021-08-27 10:31:32,011 : SUCCESS : Dejounte Murray = (375, 20) = 1627749.csv
INFO : 2021-08-27 10:31:43,382 : SUCCESS : Delon Wright = (352, 20) = 1626153.csv
INFO : 2021-08-27 10:31:54,973 : SUCCESS : Demetrius Jackson = (72, 20) = 1627743.csv
INFO : 2021-08-27 10:32:08,466 : SUCCESS : Dennis Schroder = (335, 20) = 203471.csv
INFO : 2021-08-27 10:32:20,516 : SUCCESS : Dennis Smith Jr. = (358, 20) = 1628372.csv
INFO : 2021-08-27 10:32:42,129 : SUCCESS : Denzel Valentine = (380, 20) = 1627756.csv
INFO : 2021-08-27 10:32:53,495 : SUCCESS : Derrick Favors = (360, 20) = 202324.csv
INFO : 2021-08-27 10:33:04,134 : SUCCESS : Derrick Jones Jr. = (121, 20) = 1627884.csv
INFO : 2021-08-27 10:33:17,049 : SUCCESS : Derrick Rose = (168, 20) = 201565.csv
INFO : 2021-08-27 10:33:28,665 : SUCCESS : Derrick Walton = (109, 20) = 1628476.csv
INFO : 2021-08-27 10:33:41,465 : SUCCESS : Derrick White = (101, 20) = 1628401.csv
INFO : 2021-08-27 10:33:51,611 : SUCCESS : Derrick Williams = (12, 20) = 202682.csv
INFO : 2021-08-27 10:34:05,211 : SUCCESS : Devin Booker = (314, 20) = 1626164.csv
INFO : 2021-08-27 10:34:16,791 : SUCCESS : Devin Harris = (358, 20) = 2734.csv
INFO : 2021-08-27 10:34:26,757 : SUCCESS : Devin Robinson = (7, 20) = 1628421.csv
INFO : 2021-08-27 10:34:40,540 : SUCCESS : Dewayne Dedmon = (344, 20) = 203473.csv
INFO : 2021-08-27 10:34:52,085 : SUCCESS : Deyonta Davis = (321, 20) = 1627738.csv
INFO : 2021-08-27 10:35:17,455 : SUCCESS : Dillon Brooks = (368, 20) = 1628415.csv
INFO : 2021-08-27 10:35:28,133 : SUCCESS : Dion Waiters = (202, 20) = 203079.csv
INFO : 2021-08-27 10:35:42,572 : SUCCESS : Dirk Nowitzki = (371, 20) = 1717.csv
INFO : 2021-08-27 10:35:53,950 : SUCCESS : Domantas Sabonis = (344, 20) = 1627734.csv
INFO : 2021-08-27 10:36:06,004 : SUCCESS : Donovan Mitchell = (372, 20) = 1628378.csv
INFO : 2021-08-27 10:36:18,483 : SUCCESS : Dorian Finney-Smith = (172, 20) = 1627827.csv
INFO : 2021-08-27 10:36:32,332 : SUCCESS : Doug McDermott = (390, 20) = 203926.csv
INFO : 2021-08-27 10:36:44,018 : SUCCESS : Dragan Bender = (380, 20) = 1627733.csv
INFO : 2021-08-27 10:37:07,002 : SUCCESS : Draymond Green = (340, 20) = 203110.csv
INFO : 2021-08-27 10:37:17,932 : SUCCESS : Dwayne Bacon = (282, 20) = 1628407.csv
INFO : 2021-08-27 10:37:28,959 : SUCCESS : Dwight Buycks = (198, 20) = 202779.csv
INFO : 2021-08-27 10:37:42,791 : SUCCESS : Dwight Howard = (353, 20) = 2730.csv
INFO : 2021-08-27 10:37:56,694 : SUCCESS : Dwight Powell = (385, 20) = 203939.csv
INFO : 2021-08-27 10:38:08,196 : SUCCESS : Dwyane Wade = (333, 20) = 2548.csv
INFO : 2021-08-27 10:38:19,681 : SUCCESS : E'Twaun Moore = (377, 20) = 202734.csv
INFO : 2021-08-27 10:38:31,764 : SUCCESS : Ed Davis = (358, 20) = 202334.csv
INFO : 2021-08-27 10:38:41,477 : SUCCESS : Edmond Sumner = (5, 20) = 1628410.csv
INFO : 2021-08-27 10:39:07,576 : SUCCESS : Ekpe Udoh = (332, 20) = 202327.csv
INFO : 2021-08-27 10:39:18,196 : SUCCESS : Elfrid Payton = (318, 20) = 203901.csv
INFO : 2021-08-27 10:39:30,231 : SUCCESS : Emeka Okafor = (176, 20) = 2731.csv
INFO : 2021-08-27 10:39:42,617 : SUCCESS : Emmanuel Mudiay = (340, 20) = 1626144.csv
INFO : 2021-08-27 10:39:53,975 : SUCCESS : Enes Kanter = (339, 20) = 202683.csv
INFO : 2021-08-27 10:40:07,288 : SUCCESS : Eric Bledsoe = (356, 20) = 202339.csv
INFO : 2021-08-27 10:40:19,279 : SUCCESS : Eric Gordon = (362, 20) = 201569.csv
INFO : 2021-08-27 10:40:30,300 : SUCCESS : Eric Moreland = (333, 20) = 203961.csv
INFO : 2021-08-27 10:40:40,390 : SUCCESS : Erik McCree = (13, 20) = 1628571.csv
INFO : 2021-08-27 10:40:54,508 : SUCCESS : Ersan Ilyasova = (322, 20) = 101141.csv
INFO : 2021-08-27 10:41:20,069 : SUCCESS : Evan Fournier = (319, 20) = 203095.csv
INFO : 2021-08-27 10:41:31,374 : SUCCESS : Evan Turner = (354, 20) = 202323.csv
INFO : 2021-08-27 10:41:43,971 : SUCCESS : Frank Kaminsky = (377, 20) = 1626163.csv
INFO : 2021-08-27 10:41:55,515 : SUCCESS : Frank Mason III = (304, 20) = 1628412.csv
INFO : 2021-08-27 10:42:07,377 : SUCCESS : Frank Ntilikina = (386, 20) = 1628373.csv
INFO : 2021-08-27 10:42:19,072 : SUCCESS : Fred VanVleet = (372, 20) = 1627832.csv
INFO : 2021-08-27 10:42:28,800 : SUCCESS : Furkan Korkmaz = (62, 20) = 1627788.csv
INFO : 2021-08-27 10:42:43,603 : SUCCESS : Garrett Temple = (322, 20) = 202066.csv
INFO : 2021-08-27 10:43:08,887 : SUCCESS : Gary Harris = (349, 20) = 203914.csv
INFO : 2021-08-27 10:43:19,590 : SUCCESS : Gary Payton II = (126, 20) = 1627780.csv
INFO : 2021-08-27 10:43:32,630 : SUCCESS : George Hill = (315, 20) = 201588.csv
INFO : 2021-08-27 10:43:41,392 : SUCCESS : Georges Niang = (30, 20) = 1627777.csv
INFO : 2021-08-27 10:43:55,703 : SUCCESS : Georgios Papagiannis = (91, 20) = 1627834.csv
INFO : 2021-08-27 10:44:06,405 : SUCCESS : Gerald Green = (266, 20) = 101123.csv
INFO : 2021-08-27 10:44:19,688 : SUCCESS : Gian Clavell = (52, 20) = 1628492.csv
INFO : 2021-08-27 10:44:32,865 : SUCCESS : Giannis Antetokounmpo = (346, 20) = 203507.csv
INFO : 2021-08-27 10:44:44,874 : SUCCESS : Glenn Robinson III = (152, 20) = 203922.csv
INFO : 2021-08-27 10:44:57,445 : SUCCESS : Goran Dragic = (347, 20) = 201609.csv
INFO : 2021-08-27 10:45:07,297 : SUCCESS : Gordon Hayward = (5, 20) = 202330.csv
INFO : 2021-08-27 10:45:20,031 : SUCCESS : Gorgui Dieng = (371, 20) = 203476.csv
INFO : 2021-08-27 10:45:30,602 : SUCCESS : Greg Monroe = (290, 20) = 202328.csv
INFO : 2021-08-27 10:45:40,804 : SUCCESS : Guerschon Yabusele = (147, 20) = 1627824.csv
INFO : 2021-08-27 10:46:08,528 : SUCCESS : Harrison Barnes = (371, 20) = 203084.csv
INFO : 2021-08-27 10:46:19,880 : SUCCESS : Hassan Whiteside = (278, 20) = 202355.csv
INFO : 2021-08-27 10:46:31,281 : SUCCESS : Henry Ellenson = (210, 20) = 1627740.csv
INFO : 2021-08-27 10:46:42,309 : SUCCESS : Ian Clark = (359, 20) = 203546.csv
INFO : 2021-08-27 10:46:55,636 : SUCCESS : Ian Mahinmi = (355, 20) = 101133.csv
INFO : 2021-08-27 10:47:05,401 : SUCCESS : Ike Anigbogu = (41, 20) = 1628387.csv
INFO : 2021-08-27 10:47:15,881 : SUCCESS : Iman Shumpert = (128, 20) = 202697.csv
INFO : 2021-08-27 10:47:30,652 : SUCCESS : Isaiah Canaan = (136, 20) = 203477.csv
INFO : 2021-08-27 10:47:41,344 : SUCCESS : Isaiah Hicks = (122, 20) = 1628439.csv
INFO : 2021-08-27 10:47:54,553 : SUCCESS : Isaiah Taylor = (331, 20) = 1627819.csv
INFO : 2021-08-27 10:48:06,703 : SUCCESS : Isaiah Thomas = (182, 20) = 202738.csv
INFO : 2021-08-27 10:48:18,389 : SUCCESS : Isaiah Whitehead = (100, 20) = 1627785.csv
INFO : 2021-08-27 10:48:44,005 : SUCCESS : Ish Smith = (379, 20) = 202397.csv
INFO : 2021-08-27 10:48:54,863 : SUCCESS : Ivan Rabb = (257, 20) = 1628397.csv
INFO : 2021-08-27 10:49:05,062 : SUCCESS : Ivica Zubac = (237, 20) = 1627826.csv
INFO : 2021-08-27 10:49:18,319 : SUCCESS : J.J. Barea = (354, 20) = 200826.csv
INFO : 2021-08-27 10:49:29,386 : SUCCESS : JJ Redick = (353, 20) = 200755.csv
INFO : 2021-08-27 10:49:42,640 : SUCCESS : JR Smith = (340, 20) = 2747.csv
INFO : 2021-08-27 10:49:53,933 : SUCCESS : JaKarr Sampson = (149, 20) = 203960.csv
INFO : 2021-08-27 10:50:10,726 : SUCCESS : JaMychal Green = (326, 20) = 203210.csv
INFO : 2021-08-27 10:50:44,637 : SUCCESS : JaVale McGee = (295, 20) = 201580.csv
INFO : 2021-08-27 10:51:01,533 : SUCCESS : Jabari Bird = (72, 20) = 1628444.csv
INFO : 2021-08-27 10:51:21,438 : SUCCESS : Jabari Parker = (227, 20) = 203953.csv
INFO : 2021-08-27 10:51:44,301 : SUCCESS : Jack Cooley = (57, 20) = 204022.csv
INFO : 2021-08-27 10:52:06,924 : SUCCESS : Jacob Pullen = (12, 20) = 1626643.csv
INFO : 2021-08-27 10:52:37,458 : SUCCESS : Jacob Wiley = (22, 20) = 1628451.csv
INFO : 2021-08-27 10:53:09,220 : SUCCESS : Jae Crowder = (345, 20) = 203109.csv
INFO : 2021-08-27 10:53:38,748 : SUCCESS : Jahlil Okafor = (184, 20) = 1626143.csv
INFO : 2021-08-27 10:54:20,737 : SUCCESS : Jake Layman = (148, 20) = 1627774.csv
INFO : 2021-08-27 10:54:59,314 : SUCCESS : Jakob Poeltl = (369, 20) = 1627751.csv
INFO : 2021-08-27 10:55:35,447 : SUCCESS : Jalen Jones = (94, 20) = 1627883.csv
INFO : 2021-08-27 10:56:16,029 : SUCCESS : Jamal Crawford = (362, 20) = 2037.csv
INFO : 2021-08-27 10:56:54,812 : SUCCESS : Jamal Murray = (361, 20) = 1627750.csv
INFO : 2021-08-27 10:57:28,584 : SUCCESS : Jameel Warney = (23, 20) = 1627866.csv
INFO : 2021-08-27 10:58:20,521 : SUCCESS : Jameer Nelson = (315, 20) = 2749.csv
INFO : 2021-08-27 10:58:56,734 : SUCCESS : Jamel Artis = (121, 20) = 1628503.csv
INFO : 2021-08-27 10:59:32,774 : SUCCESS : James Ennis III = (362, 20) = 203516.csv
INFO : 2021-08-27 11:00:07,040 : SUCCESS : James Harden = (361, 20) = 201935.csv
INFO : 2021-08-27 11:00:40,937 : SUCCESS : James Johnson = (344, 20) = 201949.csv
INFO : 2021-08-27 11:01:06,567 : SUCCESS : James Michael McAdoo = (19, 20) = 203949.csv
INFO : 2021-08-27 11:01:40,388 : SUCCESS : James Webb III = (69, 20) = 1627821.csv
INFO : 2021-08-27 11:02:17,266 : SUCCESS : James Young = (41, 20) = 203923.csv
INFO : 2021-08-27 11:03:01,399 : SUCCESS : Jamil Wilson = (113, 20) = 203966.csv
INFO : 2021-08-27 11:03:34,378 : SUCCESS : Jared Dudley = (283, 20) = 201162.csv
INFO : 2021-08-27 11:04:06,522 : SUCCESS : Jarell Eddie = (14, 20) = 204067.csv
INFO : 2021-08-27 11:04:30,806 : SUCCESS : Jarell Martin = (360, 20) = 1626185.csv
INFO : 2021-08-27 11:05:24,279 : SUCCESS : Jarrett Allen = (320, 20) = 1628386.csv
INFO : 2021-08-27 11:05:57,908 : SUCCESS : Jarrett Jack = (311, 20) = 101127.csv
INFO : 2021-08-27 11:06:28,615 : SUCCESS : Jason Smith = (193, 20) = 201160.csv
INFO : 2021-08-27 11:07:00,919 : SUCCESS : Jason Terry = (288, 20) = 1891.csv
INFO : 2021-08-27 11:07:45,536 : SUCCESS : Jawun Evans = (291, 20) = 1628393.csv
INFO : 2021-08-27 11:08:24,032 : SUCCESS : Jaylen Brown = (344, 20) = 1627759.csv
INFO : 2021-08-27 11:08:51,173 : SUCCESS : Jaylen Morris = (49, 20) = 1628537.csv
INFO : 2021-08-27 11:09:34,918 : SUCCESS : Jayson Tatum = (362, 20) = 1628369.csv
INFO : 2021-08-27 11:10:17,293 : SUCCESS : Jeff Green = (357, 20) = 201145.csv
INFO : 2021-08-27 11:11:07,802 : SUCCESS : Jeff Teague = (352, 20) = 201952.csv
INFO : 2021-08-27 11:11:31,292 : SUCCESS : Jeff Withey = (44, 20) = 203481.csv
INFO : 2021-08-27 11:12:04,225 : SUCCESS : Jerami Grant = (364, 20) = 203924.csv
INFO : 2021-08-27 11:12:38,024 : SUCCESS : Jeremy Evans = (5, 20) = 202379.csv
INFO : 2021-08-27 11:13:20,454 : SUCCESS : Jeremy Lamb = (369, 20) = 203087.csv
INFO : 2021-08-27 11:13:53,269 : SUCCESS : Jeremy Lin = (8, 20) = 202391.csv
INFO : 2021-08-27 11:14:41,792 : SUCCESS : Jerian Grant = (362, 20) = 1626170.csv
INFO : 2021-08-27 11:15:20,270 : SUCCESS : Jerryd Bayless = (248, 20) = 201573.csv
INFO : 2021-08-27 11:15:55,901 : SUCCESS : Jimmy Butler = (341, 20) = 202710.csv
INFO : 2021-08-27 11:16:27,968 : SUCCESS : Joakim Noah = (45, 20) = 201149.csv
INFO : 2021-08-27 11:17:04,470 : SUCCESS : Jodie Meeks = (367, 20) = 201975.csv
INFO : 2021-08-27 11:17:53,516 : SUCCESS : Joe Harris = (362, 20) = 203925.csv
INFO : 2021-08-27 11:18:31,931 : SUCCESS : Joe Ingles = (372, 20) = 204060.csv
INFO : 2021-08-27 11:19:17,885 : SUCCESS : Joe Johnson = (309, 20) = 2207.csv
INFO : 2021-08-27 11:19:54,244 : SUCCESS : Joe Young = (274, 20) = 1626202.csv
INFO : 2021-08-27 11:20:24,163 : SUCCESS : Joel Bolomboy = (34, 20) = 1627762.csv
INFO : 2021-08-27 11:21:04,091 : SUCCESS : Joel Embiid = (347, 20) = 203954.csv
INFO : 2021-08-27 11:21:35,415 : SUCCESS : Joffrey Lauvergne = (270, 20) = 203530.csv
INFO : 2021-08-27 11:22:10,089 : SUCCESS : John Collins = (377, 20) = 1628381.csv
ERROR : 2021-08-27 11:22:42,348 : John Henson = No tables found
ERROR : 2021-08-27 11:22:42,348 : Trying again...
INFO : 2021-08-27 11:23:21,928 : SUCCESS : John Henson = (338, 20) = 203089.csv
INFO : 2021-08-27 11:23:52,891 : SUCCESS : John Holland = (111, 20) = 204066.csv
INFO : 2021-08-27 11:24:32,404 : SUCCESS : John Wall = (272, 20) = 202322.csv
INFO : 2021-08-27 11:25:01,956 : SUCCESS : Johnathan Motley = (72, 20) = 1628405.csv
INFO : 2021-08-27 11:25:39,580 : SUCCESS : Johnny O'Bryant III = (218, 20) = 203948.csv
INFO : 2021-08-27 11:26:13,697 : SUCCESS : Jon Leuer = (70, 20) = 202720.csv
INFO : 2021-08-27 11:26:40,897 : SUCCESS : Jonas Jerebko = (358, 20) = 201973.csv
INFO : 2021-08-27 11:27:13,147 : SUCCESS : Jonas Valanciunas = (330, 20) = 202685.csv
INFO : 2021-08-27 11:27:42,259 : SUCCESS : Jonathan Gibson = (27, 20) = 1626780.csv
INFO : 2021-08-27 11:28:17,518 : SUCCESS : Jonathan Isaac = (207, 20) = 1628371.csv
INFO : 2021-08-27 11:28:49,582 : SUCCESS : Jonathon Simmons = (348, 20) = 203613.csv
INFO : 2021-08-27 11:29:28,405 : SUCCESS : Jordan Bell = (324, 20) = 1628395.csv
INFO : 2021-08-27 11:30:25,669 : SUCCESS : Jordan Clarkson = (367, 20) = 203903.csv
INFO : 2021-08-27 11:30:52,646 : SUCCESS : Jordan Crawford = (38, 20) = 202348.csv
INFO : 2021-08-27 11:31:19,992 : SUCCESS : Jordan Mickey = (148, 20) = 1626175.csv
INFO : 2021-08-27 11:32:00,827 : SUCCESS : Jose Calderon = (299, 20) = 101181.csv
INFO : 2021-08-27 11:32:34,554 : SUCCESS : Josh Hart = (336, 20) = 1628404.csv
INFO : 2021-08-27 11:33:04,439 : SUCCESS : Josh Huestis = (335, 20) = 203962.csv
INFO : 2021-08-27 11:33:42,821 : SUCCESS : Josh Jackson = (378, 20) = 1628367.csv
INFO : 2021-08-27 11:34:10,499 : SUCCESS : Josh Magette = (132, 20) = 203705.csv
INFO : 2021-08-27 11:36:40,546 : SUCCESS : Josh McRoberts = (8, 20) = 201177.csv
INFO : 2021-08-27 11:37:20,117 : SUCCESS : Josh Richardson = (363, 20) = 1626196.csv
INFO : 2021-08-27 11:37:48,580 : SUCCESS : Josh Smith = (23, 20) = 2746.csv
INFO : 2021-08-27 11:38:26,853 : SUCCESS : Joshia Grey = (51, 20) = 1627982.csv
INFO : 2021-08-27 11:39:18,215 : SUCCESS : Jrue Holiday = (375, 20) = 201950.csv
INFO : 2021-08-27 11:39:46,384 : SUCCESS : Juancho Hernangomez = (140, 20) = 1627823.csv
INFO : 2021-08-27 11:40:37,936 : SUCCESS : Julius Randle = (370, 20) = 203944.csv
INFO : 2021-08-27 11:41:15,366 : SUCCESS : Julyan Stone = (119, 20) = 202933.csv
INFO : 2021-08-27 11:41:47,599 : SUCCESS : Justin Anderson = (256, 20) = 1626147.csv
INFO : 2021-08-27 11:42:24,308 : SUCCESS : Justin Holiday = (354, 20) = 203200.csv
INFO : 2021-08-27 11:43:01,229 : SUCCESS : Justin Jackson = (355, 20) = 1628382.csv
INFO : 2021-08-27 11:43:32,177 : SUCCESS : Justin Patton = (6, 20) = 1628383.csv
INFO : 2021-08-27 11:44:16,751 : SUCCESS : Justise Winslow = (359, 20) = 1626159.csv
INFO : 2021-08-27 11:44:52,446 : SUCCESS : Jusuf Nurkic = (336, 20) = 203994.csv
INFO : 2021-08-27 11:45:26,312 : SUCCESS : Kadeem Allen = (69, 20) = 1628443.csv
INFO : 2021-08-27 11:46:18,912 : SUCCESS : Karl-Anthony Towns = (385, 20) = 1626157.csv
INFO : 2021-08-27 11:46:48,256 : SUCCESS : Kawhi Leonard = (89, 20) = 202695.csv
INFO : 2021-08-27 11:47:22,471 : SUCCESS : Kay Felder = (98, 20) = 1627770.csv
INFO : 2021-08-27 11:48:05,016 : SUCCESS : Kelly Olynyk = (357, 20) = 203482.csv
INFO : 2021-08-27 11:48:40,578 : SUCCESS : Kelly Oubre Jr. = (392, 20) = 1626162.csv
INFO : 2021-08-27 11:49:16,126 : SUCCESS : Kemba Walker = (375, 20) = 202689.csv
INFO : 2021-08-27 11:49:43,806 : SUCCESS : Kendrick Perkins = (7, 20) = 2570.csv
INFO : 2021-08-27 11:50:21,402 : SUCCESS : Kenneth Faried = (227, 20) = 202702.csv
INFO : 2021-08-27 11:50:57,673 : SUCCESS : Kent Bazemore = (337, 20) = 203145.csv
INFO : 2021-08-27 11:51:31,677 : SUCCESS : Kentavious Caldwell-Pope = (360, 20) = 203484.csv
INFO : 2021-08-27 11:52:27,617 : SUCCESS : Kevin Durant = (350, 20) = 201142.csv
INFO : 2021-08-27 11:52:59,209 : SUCCESS : Kevin Love = (301, 20) = 201567.csv
INFO : 2021-08-27 11:53:38,723 : SUCCESS : Kevon Looney = (343, 20) = 1626172.csv
INFO : 2021-08-27 11:54:13,414 : SUCCESS : Khem Birch = (252, 20) = 203920.csv
INFO : 2021-08-27 11:54:52,793 : SUCCESS : Khris Middleton = (365, 20) = 203114.csv
INFO : 2021-08-27 11:55:30,509 : SUCCESS : Klay Thompson = (358, 20) = 202691.csv
INFO : 2021-08-27 11:55:55,834 : SUCCESS : Kobi Simmons = (242, 20) = 1628424.csv
INFO : 2021-08-27 11:56:42,431 : SUCCESS : Kosta Koufos = (346, 20) = 201585.csv
INFO : 2021-08-27 11:58:22,748 : SUCCESS : Kris Dunn = (310, 20) = 1627739.csv
INFO : 2021-08-27 11:58:46,984 : SUCCESS : Kristaps Porzingis = (298, 20) = 204001.csv
INFO : 2021-08-27 11:59:20,232 : SUCCESS : Kyle Anderson = (358, 20) = 203937.csv
INFO : 2021-08-27 12:00:10,183 : SUCCESS : Kyle Collinsworth = (183, 20) = 1627858.csv
INFO : 2021-08-27 12:00:36,286 : SUCCESS : Kyle Korver = (341, 20) = 2594.csv
INFO : 2021-08-27 12:01:04,184 : SUCCESS : Kyle Kuzma = (381, 20) = 1628398.csv
INFO : 2021-08-27 12:01:44,867 : SUCCESS : Kyle Lowry = (352, 20) = 200768.csv
INFO : 2021-08-27 12:02:19,876 : SUCCESS : Kyle O'Quinn = (363, 20) = 203124.csv
INFO : 2021-08-27 12:02:47,172 : SUCCESS : Kyle Singler = (46, 20) = 202713.csv
INFO : 2021-08-27 12:03:33,335 : SUCCESS : Kyrie Irving = (312, 20) = 202681.csv
INFO : 2021-08-27 12:04:02,864 : SUCCESS : LaMarcus Aldridge = (357, 20) = 200746.csv
INFO : 2021-08-27 12:04:28,697 : SUCCESS : Lance Stephenson = (362, 20) = 202362.csv
INFO : 2021-08-27 12:04:56,015 : SUCCESS : Lance Thomas = (337, 20) = 202498.csv
INFO : 2021-08-27 12:05:21,213 : SUCCESS : Langston Galloway = (311, 20) = 204038.csv
INFO : 2021-08-27 12:05:45,818 : SUCCESS : Larry Drew II = (63, 20) = 203580.csv
INFO : 2021-08-27 12:06:18,588 : SUCCESS : Larry Nance Jr. = (335, 20) = 1626204.csv
INFO : 2021-08-27 12:06:52,472 : SUCCESS : Lauri Markkanen = (322, 20) = 1628374.csv
INFO : 2021-08-27 12:07:37,158 : SUCCESS : LeBron James = (351, 20) = 2544.csv
INFO : 2021-08-27 12:08:12,504 : SUCCESS : London Perrantes = (49, 20) = 1628506.csv
INFO : 2021-08-27 12:08:55,508 : SUCCESS : Lonzo Ball = (311, 20) = 1628366.csv
INFO : 2021-08-27 12:09:25,584 : SUCCESS : Lorenzo Brown = (97, 20) = 203485.csv
INFO : 2021-08-27 12:10:09,872 : SUCCESS : Lou Williams = (369, 20) = 101150.csv
INFO : 2021-08-27 12:10:41,608 : SUCCESS : Luc Mbah a Moute = (340, 20) = 201601.csv
INFO : 2021-08-27 12:11:19,820 : SUCCESS : Lucas Nogueira = (238, 20) = 203512.csv
INFO : 2021-08-27 12:11:53,321 : SUCCESS : Luis Montero = (11, 20) = 1626242.csv
INFO : 2021-08-27 12:12:31,654 : SUCCESS : Luke Babbitt = (280, 20) = 202337.csv
INFO : 2021-08-27 12:13:15,336 : SUCCESS : Luke Kennard = (365, 20) = 1628379.csv
INFO : 2021-08-27 12:13:49,859 : SUCCESS : Luke Kornet = (144, 20) = 1628436.csv
INFO : 2021-08-27 12:14:27,186 : SUCCESS : Luol Deng = (6, 20) = 2736.csv
INFO : 2021-08-27 12:15:03,252 : SUCCESS : Malachi Richardson = (180, 20) = 1627781.csv
INFO : 2021-08-27 12:15:55,415 : SUCCESS : Malcolm Brogdon = (272, 20) = 1627763.csv
INFO : 2021-08-27 12:16:37,878 : SUCCESS : Malcolm Delaney = (325, 20) = 1627098.csv
INFO : 2021-08-27 12:17:08,919 : SUCCESS : Malcolm Miller = (87, 20) = 1626259.csv
INFO : 2021-08-27 12:17:48,872 : SUCCESS : Malik Beasley = (282, 20) = 1627736.csv
INFO : 2021-08-27 12:18:21,757 : SUCCESS : Malik Monk = (311, 20) = 1628370.csv
INFO : 2021-08-27 12:18:54,064 : SUCCESS : Mangok Mathiang = (19, 20) = 1628493.csv
INFO : 2021-08-27 12:19:28,124 : SUCCESS : Manu Ginobili = (332, 20) = 1938.csv
INFO : 2021-08-27 12:19:51,209 : SUCCESS : MarShon Brooks = (71, 20) = 202705.csv
INFO : 2021-08-27 12:20:27,833 : SUCCESS : Marc Gasol = (349, 20) = 201188.csv
INFO : 2021-08-27 12:20:57,518 : SUCCESS : Marcin Gortat = (351, 20) = 101162.csv
INFO : 2021-08-27 12:21:47,703 : SUCCESS : Marco Belinelli = (351, 20) = 201158.csv
INFO : 2021-08-27 12:22:12,998 : SUCCESS : Marcus Georges-Hunt = (183, 20) = 1627875.csv
INFO : 2021-08-27 12:22:48,372 : SUCCESS : Marcus Morris Sr. = (299, 20) = 202694.csv
INFO : 2021-08-27 12:23:13,566 : SUCCESS : Marcus Paige = (28, 20) = 1627779.csv
INFO : 2021-08-27 12:23:58,557 : SUCCESS : Marcus Smart = (313, 20) = 203935.csv
INFO : 2021-08-27 12:24:32,785 : SUCCESS : Mario Chalmers = (345, 20) = 201596.csv
INFO : 2021-08-27 12:25:05,575 : SUCCESS : Mario Hezonja = (374, 20) = 1626209.csv
INFO : 2021-08-27 12:25:32,355 : SUCCESS : Markel Brown = (22, 20) = 203900.csv
INFO : 2021-08-27 12:26:06,032 : SUCCESS : Markelle Fultz = (123, 20) = 1628365.csv
INFO : 2021-08-27 12:26:39,729 : SUCCESS : Markieff Morris = (341, 20) = 202693.csv
INFO : 2021-08-27 12:27:17,625 : SUCCESS : Marquese Chriss = (349, 20) = 1627737.csv
INFO : 2021-08-27 12:27:41,413 : SUCCESS : Marquis Teague = (29, 20) = 203104.csv
INFO : 2021-08-27 12:28:29,209 : SUCCESS : Marreese Speights = (295, 20) = 201578.csv
INFO : 2021-08-27 12:29:06,122 : SUCCESS : Marshall Plumlee = (58, 20) = 1627850.csv
INFO : 2021-08-27 12:29:50,238 : SUCCESS : Marvin Williams = (333, 20) = 101107.csv
INFO : 2021-08-27 12:30:29,217 : SUCCESS : Mason Plumlee = (351, 20) = 203486.csv
INFO : 2021-08-27 12:31:02,465 : SUCCESS : Matt Costello = (27, 20) = 1627856.csv
INFO : 2021-08-27 12:31:35,360 : SUCCESS : Matt Williams Jr. = (13, 20) = 1628475.csv
INFO : 2021-08-27 12:32:16,507 : SUCCESS : Matthew Dellavedova = (224, 20) = 203521.csv
INFO : 2021-08-27 12:32:49,299 : SUCCESS : Maurice Harkless = (312, 20) = 203090.csv
INFO : 2021-08-27 12:33:25,764 : SUCCESS : Maxi Kleber = (347, 20) = 1628467.csv
INFO : 2021-08-27 12:33:51,751 : SUCCESS : Meyers Leonard = (177, 20) = 203086.csv
INFO : 2021-08-27 12:34:18,578 : SUCCESS : Michael Beasley = (346, 20) = 201563.csv
INFO : 2021-08-27 12:34:46,482 : SUCCESS : Michael Carter-Williams = (294, 20) = 203487.csv
INFO : 2021-08-27 12:35:31,591 : SUCCESS : Michael Kidd-Gilchrist = (337, 20) = 203077.csv
INFO : 2021-08-27 12:35:58,607 : SUCCESS : Mike Conley = (90, 20) = 201144.csv
INFO : 2021-08-27 12:36:36,794 : SUCCESS : Mike James = (228, 20) = 1628455.csv
INFO : 2021-08-27 12:37:06,551 : SUCCESS : Mike Muscala = (321, 20) = 203488.csv
INFO : 2021-08-27 12:37:31,283 : SUCCESS : Mike Scott = (376, 20) = 203118.csv
INFO : 2021-08-27 12:38:04,711 : SUCCESS : Miles Plumlee = (289, 20) = 203101.csv
INFO : 2021-08-27 12:38:40,942 : SUCCESS : Milos Teodosic = (277, 20) = 1628462.csv
INFO : 2021-08-27 12:39:15,537 : SUCCESS : Milton Doyle = (70, 20) = 1628495.csv
INFO : 2021-08-27 12:39:42,605 : SUCCESS : Mindaugas Kuzminskas = (4, 20) = 1627851.csv
INFO : 2021-08-27 12:40:12,066 : SUCCESS : Mirza Teletovic = (68, 20) = 203141.csv
INFO : 2021-08-27 12:40:35,101 : SUCCESS : Monte Morris = (18, 20) = 1628420.csv
INFO : 2021-08-27 12:41:20,250 : SUCCESS : Montrezl Harrell = (351, 20) = 1626149.csv
INFO : 2021-08-27 12:41:58,102 : SUCCESS : Myke Henry = (167, 20) = 1627988.csv
INFO : 2021-08-27 12:42:56,344 : SUCCESS : Myles Turner = (301, 20) = 1626167.csv
INFO : 2021-08-27 12:43:35,487 : SUCCESS : Nate Wolters = (24, 20) = 203489.csv
INFO : 2021-08-27 12:44:10,130 : SUCCESS : Naz Mitrou-Long = (1, 20) = 1628513.csv
INFO : 2021-08-27 12:44:47,378 : SUCCESS : Nemanja Bjelica = (357, 20) = 202357.csv
INFO : 2021-08-27 12:45:12,589 : SUCCESS : Nene = (302, 20) = 2403.csv
INFO : 2021-08-27 12:45:43,012 : SUCCESS : Nerlens Noel = (199, 20) = 203457.csv
INFO : 2021-08-27 12:46:19,767 : SUCCESS : Nick Collison = (76, 20) = 2555.csv
INFO : 2021-08-27 12:46:54,243 : SUCCESS : Nick Young = (377, 20) = 201156.csv
INFO : 2021-08-27 12:47:25,456 : SUCCESS : Nicolas Batum = (329, 20) = 201587.csv
INFO : 2021-08-27 12:47:55,739 : SUCCESS : Nicolas Brussino = (15, 20) = 1627852.csv
INFO : 2021-08-27 12:48:32,303 : SUCCESS : Nigel Hayes = (64, 20) = 1628502.csv
INFO : 2021-08-27 12:49:02,347 : SUCCESS : Nik Stauskas = (218, 20) = 203917.csv
INFO : 2021-08-27 12:50:01,594 : SUCCESS : Nikola Jokic = (348, 20) = 203999.csv
INFO : 2021-08-27 12:50:37,708 : SUCCESS : Nikola Mirotic = (328, 20) = 202703.csv
INFO : 2021-08-27 12:51:12,229 : SUCCESS : Nikola Vucevic = (315, 20) = 202696.csv
INFO : 2021-08-27 12:51:41,738 : SUCCESS : Noah Vonleh = (284, 20) = 203943.csv
INFO : 2021-08-27 12:52:17,625 : SUCCESS : Norman Powell = (330, 20) = 1626181.csv
INFO : 2021-08-27 12:52:56,248 : SUCCESS : OG Anunoby = (343, 20) = 1628384.csv
INFO : 2021-08-27 12:53:28,109 : SUCCESS : Okaro White = (41, 20) = 1627855.csv
INFO : 2021-08-27 12:54:01,040 : SUCCESS : Omari Johnson = (44, 20) = 204179.csv
INFO : 2021-08-27 12:54:42,951 : SUCCESS : Omer Asik = (119, 20) = 201600.csv
INFO : 2021-08-27 12:55:14,090 : SUCCESS : Omri Casspi = (298, 20) = 201956.csv
INFO : 2021-08-27 12:55:55,256 : SUCCESS : Otto Porter Jr. = (356, 20) = 203490.csv
INFO : 2021-08-27 12:56:49,883 : SUCCESS : P.J. Tucker = (383, 20) = 200782.csv
INFO : 2021-08-27 12:57:24,622 : SUCCESS : PJ Dozier = (8, 20) = 1628408.csv
INFO : 2021-08-27 12:58:10,670 : SUCCESS : Pascal Siakam = (375, 20) = 1627783.csv
INFO : 2021-08-27 12:58:49,872 : SUCCESS : Pat Connaughton = (373, 20) = 1626192.csv
INFO : 2021-08-27 12:59:15,282 : SUCCESS : Patrick Beverley = (109, 20) = 201976.csv
INFO : 2021-08-27 12:59:52,917 : SUCCESS : Patrick McCaw = (317, 20) = 1627775.csv
INFO : 2021-08-27 13:00:32,861 : SUCCESS : Patrick Patterson = (360, 20) = 202335.csv
INFO : 2021-08-27 13:01:04,982 : SUCCESS : Patty Mills = (367, 20) = 201988.csv
INFO : 2021-08-27 13:01:54,481 : SUCCESS : Pau Gasol = (358, 20) = 2200.csv
INFO : 2021-08-27 13:02:31,461 : SUCCESS : Paul George = (359, 20) = 202331.csv
INFO : 2021-08-27 13:03:06,747 : SUCCESS : Paul Millsap = (255, 20) = 200794.csv
INFO : 2021-08-27 13:03:41,557 : SUCCESS : Paul Zipser = (293, 20) = 1627835.csv
INFO : 2021-08-27 13:04:21,596 : SUCCESS : Quincy Acy = (344, 20) = 203112.csv
INFO : 2021-08-27 13:04:55,029 : SUCCESS : Quincy Pondexter = (131, 20) = 202347.csv
INFO : 2021-08-27 13:05:33,405 : SUCCESS : Quinn Cook = (221, 20) = 1626188.csv
INFO : 2021-08-27 13:06:03,420 : SUCCESS : RJ Hunter = (27, 20) = 1626154.csv
INFO : 2021-08-27 13:06:34,865 : SUCCESS : Rajon Rondo = (341, 20) = 200765.csv
INFO : 2021-08-27 13:07:00,902 : SUCCESS : Ramon Sessions = (169, 20) = 201196.csv
INFO : 2021-08-27 13:07:35,250 : SUCCESS : Rashad Vaughn = (138, 20) = 1626173.csv
INFO : 2021-08-27 13:08:14,741 : SUCCESS : Raul Neto = (269, 20) = 203526.csv
INFO : 2021-08-27 13:09:09,800 : SUCCESS : Raymond Felton = (361, 20) = 101109.csv
INFO : 2021-08-27 13:09:47,138 : SUCCESS : Reggie Bullock = (334, 20) = 203493.csv
INFO : 2021-08-27 13:10:15,012 : SUCCESS : Reggie Hearn = (8, 20) = 203687.csv
INFO : 2021-08-27 13:10:53,143 : SUCCESS : Reggie Jackson = (283, 20) = 202704.csv
INFO : 2021-08-27 13:11:28,756 : SUCCESS : Richard Jefferson = (114, 20) = 2210.csv
INFO : 2021-08-27 13:12:05,515 : SUCCESS : Richaun Holmes = (274, 20) = 1626158.csv
INFO : 2021-08-27 13:12:43,900 : SUCCESS : Ricky Rubio = (369, 20) = 201937.csv
INFO : 2021-08-27 13:13:20,614 : SUCCESS : Robert Covington = (368, 20) = 203496.csv
INFO : 2021-08-27 13:13:59,969 : SUCCESS : Robin Lopez = (311, 20) = 201577.csv
INFO : 2021-08-27 13:14:39,219 : SUCCESS : Rodney Hood = (320, 20) = 203918.csv
INFO : 2021-08-27 13:15:30,473 : SUCCESS : Rodney McGruder = (120, 20) = 203585.csv
INFO : 2021-08-27 13:15:56,454 : SUCCESS : Rodney Purvis = (144, 20) = 1628681.csv
INFO : 2021-08-27 13:16:31,677 : SUCCESS : Ron Baker = (208, 20) = 1627758.csv
INFO : 2021-08-27 13:17:03,825 : SUCCESS : Rondae Hollis-Jefferson = (317, 20) = 1626178.csv
INFO : 2021-08-27 13:17:38,387 : SUCCESS : Royce O'Neale = (347, 20) = 1626220.csv
INFO : 2021-08-27 13:18:14,665 : SUCCESS : Rudy Gay = (336, 20) = 200752.csv
INFO : 2021-08-27 13:18:47,250 : SUCCESS : Rudy Gobert = (326, 20) = 203497.csv
INFO : 2021-08-27 13:19:22,594 : SUCCESS : Russell Westbrook = (362, 20) = 201566.csv
INFO : 2021-08-27 13:20:14,856 : SUCCESS : Ryan Anderson = (352, 20) = 201583.csv
INFO : 2021-08-27 13:20:45,246 : SUCCESS : Ryan Arcidiacono = (174, 20) = 1627853.csv
INFO : 2021-08-27 13:21:21,808 : SUCCESS : Salah Mejri = (300, 20) = 1626257.csv
INFO : 2021-08-27 13:21:59,395 : SUCCESS : Sam Dekker = (344, 20) = 1626155.csv
INFO : 2021-08-27 13:22:25,314 : SUCCESS : Scotty Hopson = (8, 20) = 203816.csv
INFO : 2021-08-27 13:23:02,829 : SUCCESS : Sean Kilpatrick = (255, 20) = 203930.csv
INFO : 2021-08-27 13:23:43,913 : SUCCESS : Semi Ojeleye = (344, 20) = 1628400.csv
INFO : 2021-08-27 13:24:16,303 : SUCCESS : Serge Ibaka = (345, 20) = 201586.csv
INFO : 2021-08-27 13:24:49,786 : SUCCESS : Shabazz Muhammad = (222, 20) = 203498.csv
INFO : 2021-08-27 13:25:50,275 : SUCCESS : Shabazz Napier = (356, 20) = 203894.csv
INFO : 2021-08-27 13:26:21,330 : SUCCESS : Shane Larkin = (292, 20) = 203499.csv
INFO : 2021-08-27 13:26:46,765 : SUCCESS : Shaquille Harrison = (175, 20) = 1627885.csv
INFO : 2021-08-27 13:27:18,577 : SUCCESS : Shaun Livingston = (345, 20) = 2733.csv
INFO : 2021-08-27 13:27:47,475 : SUCCESS : Shelvin Mack = (358, 20) = 202714.csv
INFO : 2021-08-27 13:28:29,237 : SUCCESS : Sindarius Thornwell = (353, 20) = 1628414.csv
INFO : 2021-08-27 13:29:04,918 : SUCCESS : Skal Labissiere = (338, 20) = 1627746.csv
INFO : 2021-08-27 13:29:41,143 : SUCCESS : Solomon Hill = (106, 20) = 203524.csv
INFO : 2021-08-27 13:30:23,439 : SUCCESS : Spencer Dinwiddie = (353, 20) = 203915.csv
INFO : 2021-08-27 13:31:17,384 : SUCCESS : Stanley Johnson = (370, 20) = 1626169.csv
INFO : 2021-08-27 13:31:47,814 : SUCCESS : Stephen Curry = (287, 20) = 201939.csv
INFO : 2021-08-27 13:32:17,191 : SUCCESS : Sterling Brown = (281, 20) = 1628425.csv
INFO : 2021-08-27 13:32:54,068 : SUCCESS : Steven Adams = (345, 20) = 203500.csv
INFO : 2021-08-27 13:33:24,264 : SUCCESS : T.J. Leaf = (247, 20) = 1628388.csv
INFO : 2021-08-27 13:34:03,239 : SUCCESS : T.J. McConnell = (375, 20) = 204456.csv
INFO : 2021-08-27 13:34:40,618 : SUCCESS : T.J. Warren = (344, 20) = 203933.csv
INFO : 2021-08-27 13:35:34,205 : SUCCESS : Taj Gibson = (374, 20) = 201959.csv
INFO : 2021-08-27 13:36:12,805 : SUCCESS : Tarik Black = (282, 20) = 204028.csv
INFO : 2021-08-27 13:36:53,438 : SUCCESS : Taurean Prince = (366, 20) = 1627752.csv
INFO : 2021-08-27 13:37:30,749 : SUCCESS : Terrance Ferguson = (285, 20) = 1628390.csv
INFO : 2021-08-27 13:38:04,466 : SUCCESS : Terrence Ross = (197, 20) = 203082.csv
INFO : 2021-08-27 13:38:43,876 : SUCCESS : Terry Rozier = (365, 20) = 1626179.csv
INFO : 2021-08-27 13:39:17,429 : SUCCESS : Thabo Sefolosha = (251, 20) = 200757.csv
INFO : 2021-08-27 13:39:41,113 : SUCCESS : Thaddeus Young = (355, 20) = 201152.csv
INFO : 2021-08-27 13:40:12,600 : SUCCESS : Thomas Bryant = (88, 20) = 1628418.csv
INFO : 2021-08-27 13:40:51,103 : SUCCESS : Thon Maker = (330, 20) = 1627748.csv
INFO : 2021-08-27 13:41:48,084 : SUCCESS : Tim Frazier = (322, 20) = 204025.csv
INFO : 2021-08-27 13:42:25,105 : SUCCESS : Tim Hardaway Jr. = (330, 20) = 203501.csv
INFO : 2021-08-27 13:42:53,658 : SUCCESS : Tim Quarterman = (15, 20) = 1627817.csv
INFO : 2021-08-27 13:43:23,473 : SUCCESS : Timofey Mozgov = (195, 20) = 202389.csv
INFO : 2021-08-27 13:43:56,228 : SUCCESS : Timothe Luwawu-Cabarrot = (307, 20) = 1627789.csv
INFO : 2021-08-27 13:44:31,667 : SUCCESS : Tobias Harris = (362, 20) = 202699.csv
INFO : 2021-08-27 13:45:09,347 : SUCCESS : Tomas Satoransky = (364, 20) = 203107.csv
INFO : 2021-08-27 13:45:44,220 : SUCCESS : Tony Allen = (167, 20) = 2754.csv
INFO : 2021-08-27 13:46:20,048 : SUCCESS : Tony Bradley = (45, 20) = 1628396.csv
INFO : 2021-08-27 13:46:48,305 : SUCCESS : Tony Parker = (304, 20) = 2225.csv
INFO : 2021-08-27 13:47:28,724 : SUCCESS : Tony Snell = (343, 20) = 203503.csv
INFO : 2021-08-27 13:48:15,067 : SUCCESS : Torrey Craig = (235, 20) = 1628470.csv
INFO : 2021-08-27 13:48:44,451 : SUCCESS : Travis Wear = (143, 20) = 204037.csv
INFO : 2021-08-27 13:49:30,335 : SUCCESS : Treveon Graham = (349, 20) = 1626203.csv
INFO : 2021-08-27 13:50:08,652 : SUCCESS : Trevor Ariza = (364, 20) = 2772.csv
INFO : 2021-08-27 13:50:39,720 : SUCCESS : Trevor Booker = (346, 20) = 202344.csv
INFO : 2021-08-27 13:51:16,592 : SUCCESS : Trey Burke = (250, 20) = 203504.csv
INFO : 2021-08-27 13:51:47,546 : SUCCESS : Trey Lyles = (331, 20) = 1626168.csv
INFO : 2021-08-27 13:52:18,653 : SUCCESS : Trey McKinney-Jones = (2, 20) = 203590.csv
INFO : 2021-08-27 13:52:58,259 : SUCCESS : Tristan Thompson = (293, 20) = 202684.csv
INFO : 2021-08-27 13:53:41,409 : SUCCESS : Troy Daniels = (359, 20) = 203584.csv
INFO : 2021-08-27 13:54:06,211 : SUCCESS : Troy Williams = (163, 20) = 1627786.csv
INFO : 2021-08-27 13:54:30,017 : SUCCESS : Tyler Cavanaugh = (236, 20) = 1628463.csv
INFO : 2021-08-27 13:55:00,994 : SUCCESS : Tyler Dorsey = (317, 20) = 1628416.csv
INFO : 2021-08-27 13:55:34,815 : SUCCESS : Tyler Ennis = (292, 20) = 203898.csv
INFO : 2021-08-27 13:56:10,470 : SUCCESS : Tyler Johnson = (352, 20) = 204020.csv
INFO : 2021-08-27 13:56:39,426 : SUCCESS : Tyler Lydon = (4, 20) = 1628399.csv
INFO : 2021-08-27 13:57:16,563 : SUCCESS : Tyler Ulis = (351, 20) = 1627755.csv
INFO : 2021-08-27 13:57:48,662 : SUCCESS : Tyler Zeller = (316, 20) = 203092.csv
INFO : 2021-08-27 13:58:28,629 : SUCCESS : Tyreke Evans = (306, 20) = 201936.csv
INFO : 2021-08-27 13:58:59,629 : SUCCESS : Tyrone Wallace = (214, 20) = 1627820.csv
INFO : 2021-08-27 13:59:34,309 : SUCCESS : Tyson Chandler = (258, 20) = 2199.csv
INFO : 2021-08-27 14:00:30,439 : SUCCESS : Tyus Jones = (366, 20) = 1626145.csv
INFO : 2021-08-27 14:01:06,332 : SUCCESS : Udonis Haslem = (80, 20) = 2617.csv
INFO : 2021-08-27 14:01:42,872 : SUCCESS : Vander Blue = (33, 20) = 203505.csv
INFO : 2021-08-27 14:02:29,973 : SUCCESS : Victor Oladipo = (356, 20) = 203506.csv
INFO : 2021-08-27 14:03:04,371 : SUCCESS : Vince Carter = (320, 20) = 1713.csv
INFO : 2021-08-27 14:03:36,505 : SUCCESS : Vincent Hunter = (15, 20) = 1626205.csv
INFO : 2021-08-27 14:04:11,395 : SUCCESS : Wade Baldwin IV = (48, 20) = 1627735.csv
INFO : 2021-08-27 14:04:46,221 : SUCCESS : Walt Lemon Jr. = (38, 20) = 1627215.csv
INFO : 2021-08-27 14:05:33,724 : SUCCESS : Wayne Ellington = (360, 20) = 201961.csv
INFO : 2021-08-27 14:05:59,607 : SUCCESS : Wayne Selden = (239, 20) = 1627782.csv
INFO : 2021-08-27 14:06:28,529 : SUCCESS : Wes Iwundu = (331, 20) = 1628411.csv
INFO : 2021-08-27 14:07:03,916 : SUCCESS : Wesley Johnson = (352, 20) = 202325.csv
INFO : 2021-08-27 14:07:49,099 : SUCCESS : Wesley Matthews = (334, 20) = 202083.csv
INFO : 2021-08-27 14:08:36,570 : SUCCESS : Will Barton = (373, 20) = 203115.csv
INFO : 2021-08-27 14:09:14,232 : SUCCESS : Willie Cauley-Stein = (352, 20) = 1626161.csv
INFO : 2021-08-27 14:09:49,766 : SUCCESS : Willie Reed = (226, 20) = 203186.csv
INFO : 2021-08-27 14:10:25,998 : SUCCESS : Willy Hernangomez = (263, 20) = 1626195.csv
INFO : 2021-08-27 14:11:03,783 : SUCCESS : Wilson Chandler = (353, 20) = 201163.csv
INFO : 2021-08-27 14:11:29,828 : SUCCESS : Xavier Munford = (30, 20) = 204098.csv
INFO : 2021-08-27 14:11:57,924 : SUCCESS : Xavier Rathan-Mayes = (51, 20) = 1628504.csv
INFO : 2021-08-27 14:12:30,977 : SUCCESS : Xavier Silas = (9, 20) = 202918.csv
INFO : 2021-08-27 14:13:20,127 : SUCCESS : Yogi Ferrell = (400, 20) = 1627812.csv
INFO : 2021-08-27 14:14:00,514 : SUCCESS : Zach Collins = (320, 20) = 1628380.csv
INFO : 2021-08-27 14:14:36,307 : SUCCESS : Zach LaVine = (185, 20) = 203897.csv
INFO : 2021-08-27 14:15:29,636 : SUCCESS : Zach Randolph = (291, 20) = 2216.csv
INFO : 2021-08-27 14:16:08,597 : SUCCESS : Zaza Pachulia = (283, 20) = 2585.csv
INFO : 2021-08-27 14:16:31,442 : SUCCESS : Zhou Qi = (98, 20) = 1627753.csv
