INFO : 2021-08-27 10:50:05,015 : Generated dir raw_data/2018-19
INFO : 2021-08-27 10:50:45,168 : Bio = (530, 6)
INFO : 2021-08-27 10:51:01,736 : SUCCESS : Aaron Gordon = (371, 20) = 203932.csv
INFO : 2021-08-27 10:51:19,587 : SUCCESS : Aaron Holiday = (289, 20) = 1628988.csv
INFO : 2021-08-27 10:51:45,381 : SUCCESS : Abdel Nader = (295, 20) = 1627846.csv
INFO : 2021-08-27 10:52:11,007 : SUCCESS : Al Horford = (326, 20) = 201143.csv
INFO : 2021-08-27 10:52:53,702 : SUCCESS : Al-Farouq Aminu = (355, 20) = 202329.csv
INFO : 2021-08-27 10:53:20,499 : SUCCESS : Alan Williams = (33, 20) = 1626210.csv
INFO : 2021-08-27 10:53:57,539 : SUCCESS : Alec Burks = (301, 20) = 202692.csv
INFO : 2021-08-27 10:54:28,162 : SUCCESS : Alex Abrines = (227, 20) = 203518.csv
INFO : 2021-08-27 10:55:03,884 : SUCCESS : Alex Caruso = (188, 20) = 1627936.csv
INFO : 2021-08-27 10:55:39,406 : SUCCESS : Alex Len = (366, 20) = 203458.csv
INFO : 2021-08-27 10:56:10,651 : SUCCESS : Alex Poythress = (151, 20) = 1627816.csv
INFO : 2021-08-27 10:56:48,124 : SUCCESS : Alfonzo McKinnie = (378, 20) = 1628035.csv
INFO : 2021-08-27 10:57:23,510 : SUCCESS : Alize Johnson = (63, 20) = 1628993.csv
INFO : 2021-08-27 10:58:07,700 : SUCCESS : Allen Crabbe = (274, 20) = 203459.csv
INFO : 2021-08-27 10:58:45,042 : SUCCESS : Allonzo Trier = (350, 20) = 1629019.csv
INFO : 2021-08-27 10:59:24,819 : SUCCESS : Amile Jefferson = (53, 20) = 1628518.csv
INFO : 2021-08-27 11:00:29,013 : SUCCESS : Amir Johnson = (283, 20) = 101161.csv
INFO : 2021-08-27 11:01:07,999 : SUCCESS : Andre Drummond = (372, 20) = 203083.csv
INFO : 2021-08-27 11:01:46,320 : SUCCESS : Andre Iguodala = (345, 20) = 2738.csv
INFO : 2021-08-27 11:02:28,259 : SUCCESS : Andre Ingram = (22, 20) = 201281.csv
INFO : 2021-08-27 11:02:55,272 : SUCCESS : Andrew Bogut = (74, 20) = 101106.csv
INFO : 2021-08-27 11:03:38,849 : SUCCESS : Andrew Harrison = (121, 20) = 1626150.csv
INFO : 2021-08-27 11:04:13,194 : SUCCESS : Andrew Wiggins = (354, 20) = 203952.csv
INFO : 2021-08-27 11:04:34,652 : SUCCESS : Anfernee Simons = (104, 20) = 1629014.csv
INFO : 2021-08-27 11:05:03,098 : SUCCESS : Angel Delgado = (12, 20) = 1629116.csv
INFO : 2021-08-27 11:05:46,249 : SUCCESS : Ante Zizic = (341, 20) = 1627790.csv
INFO : 2021-08-27 11:06:22,156 : SUCCESS : Anthony Davis = (329, 20) = 203076.csv
INFO : 2021-08-27 11:07:16,473 : SUCCESS : Anthony Tolliver = (341, 20) = 201229.csv
INFO : 2021-08-27 11:08:02,709 : SUCCESS : Antonio Blakeney = (321, 20) = 1628469.csv
INFO : 2021-08-27 11:08:38,217 : SUCCESS : Aron Baynes = (288, 20) = 203382.csv
INFO : 2021-08-27 11:09:14,878 : SUCCESS : Austin Rivers = (349, 20) = 203085.csv
INFO : 2021-08-27 11:09:42,952 : SUCCESS : Avery Bradley = (282, 20) = 202340.csv
INFO : 2021-08-27 11:10:08,600 : SUCCESS : B.J. Johnson = (38, 20) = 1629168.csv
INFO : 2021-08-27 11:10:48,905 : SUCCESS : Bam Adebayo = (375, 20) = 1628389.csv
INFO : 2021-08-27 11:11:18,287 : SUCCESS : Ben McLemore = (124, 20) = 203463.csv
INFO : 2021-08-27 11:11:58,310 : SUCCESS : Ben Simmons = (363, 20) = 1627732.csv
INFO : 2021-08-27 11:12:32,811 : SUCCESS : Billy Garrett = (37, 20) = 1628656.csv
INFO : 2021-08-27 11:13:16,376 : SUCCESS : Bismack Biyombo = (275, 20) = 202687.csv
INFO : 2021-08-27 11:14:17,762 : SUCCESS : Blake Griffin = (364, 20) = 201933.csv
INFO : 2021-08-27 11:14:56,155 : SUCCESS : Boban Marjanovic = (313, 20) = 1626246.csv
INFO : 2021-08-27 11:15:29,606 : SUCCESS : Bobby Portis = (292, 20) = 1626171.csv
INFO : 2021-08-27 11:16:14,210 : SUCCESS : Bogdan Bogdanovic = (366, 20) = 203992.csv
INFO : 2021-08-27 11:16:50,902 : SUCCESS : Bojan Bogdanovic = (368, 20) = 202711.csv
INFO : 2021-08-27 11:17:17,769 : SUCCESS : Bonzie Colson = (39, 20) = 1629045.csv
INFO : 2021-08-27 11:17:50,377 : SUCCESS : Brad Wanamaker = (200, 20) = 202954.csv
INFO : 2021-08-27 11:18:27,381 : SUCCESS : Bradley Beal = (378, 20) = 203078.csv
INFO : 2021-08-27 11:19:10,523 : SUCCESS : Brandon Goodwin = (61, 20) = 1629164.csv
INFO : 2021-08-27 11:19:51,964 : SUCCESS : Brandon Ingram = (294, 20) = 1627742.csv
INFO : 2021-08-27 11:20:24,933 : SUCCESS : Brandon Knight = (242, 20) = 202688.csv
INFO : 2021-08-27 11:21:24,068 : SUCCESS : Brandon Sampson = (92, 20) = 1629102.csv
INFO : 2021-08-27 11:22:03,817 : SUCCESS : Brook Lopez = (354, 20) = 201572.csv
INFO : 2021-08-27 11:22:47,449 : SUCCESS : Bruce Brown = (342, 20) = 1628971.csv
INFO : 2021-08-27 11:23:20,135 : SUCCESS : Bruno Caboclo = (231, 20) = 203998.csv
INFO : 2021-08-27 11:24:02,120 : SUCCESS : Bryn Forbes = (372, 20) = 1627854.csv
INFO : 2021-08-27 11:24:32,412 : SUCCESS : Buddy Hield = (371, 20) = 1627741.csv
INFO : 2021-08-27 11:25:12,875 : SUCCESS : C.J. Williams = (83, 20) = 203710.csv
INFO : 2021-08-27 11:25:48,950 : SUCCESS : CJ McCollum = (338, 20) = 203468.csv
INFO : 2021-08-27 11:26:29,595 : SUCCESS : CJ Miles = (307, 20) = 101139.csv
INFO : 2021-08-27 11:26:56,169 : SUCCESS : Caleb Swanigan = (124, 20) = 1628403.csv
INFO : 2021-08-27 11:27:34,789 : SUCCESS : Cameron Payne = (252, 20) = 1626166.csv
INFO : 2021-08-27 11:28:11,172 : SUCCESS : Cameron Reynolds = (147, 20) = 1629244.csv
INFO : 2021-08-27 11:28:48,424 : SUCCESS : Caris LeVert = (293, 20) = 1627747.csv
INFO : 2021-08-27 11:29:22,850 : SUCCESS : Carmelo Anthony = (92, 20) = 2546.csv
INFO : 2021-08-27 11:30:09,837 : SUCCESS : Cedi Osman = (377, 20) = 1626224.csv
INFO : 2021-08-27 11:30:44,773 : SUCCESS : Chandler Hutchison = (293, 20) = 1628990.csv
INFO : 2021-08-27 11:31:18,907 : SUCCESS : Chandler Parsons = (178, 20) = 202718.csv
INFO : 2021-08-27 11:31:54,464 : SUCCESS : Channing Frye = (197, 20) = 101112.csv
INFO : 2021-08-27 11:32:30,344 : SUCCESS : Chasson Randle = (285, 20) = 1626184.csv
INFO : 2021-08-27 11:33:03,649 : SUCCESS : Cheick Diallo = (322, 20) = 1627767.csv
INFO : 2021-08-27 11:33:34,659 : SUCCESS : Chimezie Metu = (126, 20) = 1629002.csv
INFO : 2021-08-27 11:34:11,561 : SUCCESS : Chris Boucher = (165, 20) = 1628449.csv
INFO : 2021-08-27 11:34:52,848 : SUCCESS : Chris Chiozza = (36, 20) = 1629185.csv
INFO : 2021-08-27 11:35:43,861 : SUCCESS : Chris Paul = (337, 20) = 101108.csv
INFO : 2021-08-27 11:36:11,141 : SUCCESS : Christian Wood = (141, 20) = 1626174.csv
INFO : 2021-08-27 11:36:50,733 : SUCCESS : Clint Capela = (355, 20) = 203991.csv
INFO : 2021-08-27 11:37:16,905 : SUCCESS : Cody Zeller = (245, 20) = 203469.csv
INFO : 2021-08-27 11:37:54,421 : SUCCESS : Collin Sexton = (394, 20) = 1629012.csv
INFO : 2021-08-27 11:38:29,228 : SUCCESS : Corey Brewer = (213, 20) = 201147.csv
INFO : 2021-08-27 11:39:05,992 : SUCCESS : Cory Joseph = (386, 20) = 202709.csv
INFO : 2021-08-27 11:39:45,539 : SUCCESS : Courtney Lee = (211, 20) = 201584.csv
INFO : 2021-08-27 11:40:21,682 : SUCCESS : Cristiano Felicio = (318, 20) = 1626245.csv
INFO : 2021-08-27 11:41:05,492 : SUCCESS : D'Angelo Russell = (372, 20) = 1626156.csv
INFO : 2021-08-27 11:41:43,315 : SUCCESS : D.J. Augustin = (358, 20) = 201571.csv
INFO : 2021-08-27 11:42:20,796 : SUCCESS : D.J. Wilson = (270, 20) = 1628391.csv
INFO : 2021-08-27 11:42:54,764 : SUCCESS : DJ Stephens = (9, 20) = 203474.csv
INFO : 2021-08-27 11:43:32,385 : SUCCESS : Dairis Bertans = (85, 20) = 1629541.csv
INFO : 2021-08-27 11:44:21,045 : SUCCESS : Damian Jones = (178, 20) = 1627745.csv
INFO : 2021-08-27 11:44:53,025 : SUCCESS : Damian Lillard = (366, 20) = 203081.csv
INFO : 2021-08-27 11:45:30,969 : SUCCESS : Damion Lee = (220, 20) = 1627814.csv
INFO : 2021-08-27 11:46:03,668 : SUCCESS : Damyean Dotson = (367, 20) = 1628422.csv
INFO : 2021-08-27 11:46:41,175 : SUCCESS : Daniel Hamilton = (135, 20) = 1627772.csv
INFO : 2021-08-27 11:47:46,215 : SUCCESS : Daniel Theis = (342, 20) = 1628464.csv
INFO : 2021-08-27 11:48:20,997 : SUCCESS : Danilo Gallinari = (339, 20) = 201568.csv
INFO : 2021-08-27 11:48:56,412 : SUCCESS : Danny Green = (350, 20) = 201980.csv
INFO : 2021-08-27 11:49:26,151 : SUCCESS : Dante Cunningham = (318, 20) = 201967.csv
ERROR : 2021-08-27 11:49:43,763 : Dante Exum = No tables found
ERROR : 2021-08-27 11:49:43,763 : Trying again...
INFO : 2021-08-27 11:50:19,815 : SUCCESS : Dante Exum = (245, 20) = 203957.csv
INFO : 2021-08-27 11:50:53,730 : SUCCESS : Danuel House Jr. = (271, 20) = 1627863.csv
INFO : 2021-08-27 11:51:34,504 : SUCCESS : Dario Saric = (359, 20) = 203967.csv
INFO : 2021-08-27 11:52:05,891 : SUCCESS : Darius Miller = (346, 20) = 203121.csv
INFO : 2021-08-27 11:52:36,141 : SUCCESS : Darren Collison = (356, 20) = 201954.csv
INFO : 2021-08-27 11:53:02,111 : SUCCESS : Daryl Macon = (44, 20) = 1629133.csv
INFO : 2021-08-27 11:53:39,578 : SUCCESS : David Nwaba = (295, 20) = 1628021.csv
INFO : 2021-08-27 11:54:15,508 : SUCCESS : Davis Bertans = (374, 20) = 202722.csv
INFO : 2021-08-27 11:54:46,854 : SUCCESS : Davon Reed = (45, 20) = 1628432.csv
INFO : 2021-08-27 11:55:27,285 : SUCCESS : De'Aaron Fox = (361, 20) = 1628368.csv
ERROR : 2021-08-27 12:00:29,943 : De'Anthony Melton = Message: timeout: Timed out receiving message from renderer: 299.296
  (Session info: chrome=92.0.4515.159)

ERROR : 2021-08-27 12:00:29,944 : Trying again...
ERROR : 2021-08-27 12:05:33,543 : De'Anthony Melton = Message: timeout: Timed out receiving message from renderer: 299.664
  (Session info: chrome=92.0.4515.159)

ERROR : 2021-08-27 12:05:33,543 : Trying again...
INFO : 2021-08-27 12:06:23,379 : SUCCESS : De'Anthony Melton = (310, 20) = 1629001.csv
INFO : 2021-08-27 12:07:15,906 : SUCCESS : DeAndre Jordan = (327, 20) = 201599.csv
INFO : 2021-08-27 12:07:48,313 : SUCCESS : DeAndre' Bembry = (376, 20) = 1627761.csv
INFO : 2021-08-27 12:08:23,092 : SUCCESS : DeMar DeRozan = (365, 20) = 201942.csv
INFO : 2021-08-27 12:08:51,365 : SUCCESS : DeMarcus Cousins = (211, 20) = 202326.csv
INFO : 2021-08-27 12:09:26,895 : SUCCESS : DeMarre Carroll = (349, 20) = 201960.csv
INFO : 2021-08-27 12:09:59,238 : SUCCESS : DeVaughn Akoon-Purcell = (27, 20) = 1629152.csv
INFO : 2021-08-27 12:10:40,859 : SUCCESS : Deandre Ayton = (364, 20) = 1629028.csv
INFO : 2021-08-27 12:11:18,970 : SUCCESS : Delon Wright = (357, 20) = 1626153.csv
INFO : 2021-08-27 12:11:52,864 : SUCCESS : Demetrius Jackson = (32, 20) = 1627743.csv
INFO : 2021-08-27 12:12:28,740 : SUCCESS : Deng Adel = (109, 20) = 1629061.csv
INFO : 2021-08-27 12:13:26,691 : SUCCESS : Dennis Schroder = (371, 20) = 203471.csv
INFO : 2021-08-27 12:14:02,581 : SUCCESS : Dennis Smith Jr. = (301, 20) = 1628372.csv
INFO : 2021-08-27 12:14:34,565 : SUCCESS : Deonte Burton = (171, 20) = 1629126.csv
INFO : 2021-08-27 12:15:17,710 : SUCCESS : Derrick Favors = (370, 20) = 202324.csv
INFO : 2021-08-27 12:15:51,429 : SUCCESS : Derrick Jones Jr. = (311, 20) = 1627884.csv
INFO : 2021-08-27 12:16:38,113 : SUCCESS : Derrick Rose = (304, 20) = 201565.csv
INFO : 2021-08-27 12:17:12,316 : SUCCESS : Derrick White = (362, 20) = 1628401.csv
INFO : 2021-08-27 12:17:47,762 : SUCCESS : Devin Booker = (362, 20) = 1626164.csv
INFO : 2021-08-27 12:18:25,114 : SUCCESS : Devin Harris = (332, 20) = 2734.csv
INFO : 2021-08-27 12:18:52,990 : SUCCESS : Devin Robinson = (45, 20) = 1628421.csv
INFO : 2021-08-27 12:19:48,178 : SUCCESS : Devonte' Graham = (280, 20) = 1628984.csv
INFO : 2021-08-27 12:20:24,030 : SUCCESS : Dewayne Dedmon = (323, 20) = 203473.csv
INFO : 2021-08-27 12:20:52,860 : SUCCESS : Deyonta Davis = (68, 20) = 1627738.csv
INFO : 2021-08-27 12:21:30,521 : SUCCESS : Dillon Brooks = (151, 20) = 1628415.csv
INFO : 2021-08-27 12:22:01,366 : SUCCESS : Dion Waiters = (289, 20) = 203079.csv
INFO : 2021-08-27 12:22:28,061 : SUCCESS : Dirk Nowitzki = (302, 20) = 1717.csv
INFO : 2021-08-27 12:23:03,204 : SUCCESS : Domantas Sabonis = (370, 20) = 1627734.csv
INFO : 2021-08-27 12:23:42,272 : SUCCESS : Donatas Motiejunas = (18, 20) = 202700.csv
INFO : 2021-08-27 12:24:22,373 : SUCCESS : Donovan Mitchell = (379, 20) = 1628378.csv
INFO : 2021-08-27 12:24:59,845 : SUCCESS : Donte DiVincenzo = (192, 20) = 1628978.csv
INFO : 2021-08-27 12:25:29,579 : SUCCESS : Donte Grantham = (8, 20) = 1629055.csv
INFO : 2021-08-27 12:26:30,707 : SUCCESS : Dorian Finney-Smith = (385, 20) = 1627827.csv
INFO : 2021-08-27 12:27:11,569 : SUCCESS : Doug McDermott = (371, 20) = 203926.csv
INFO : 2021-08-27 12:27:41,632 : SUCCESS : Dragan Bender = (261, 20) = 1627733.csv
INFO : 2021-08-27 12:28:14,173 : SUCCESS : Draymond Green = (341, 20) = 203110.csv
INFO : 2021-08-27 12:28:46,083 : SUCCESS : Drew Eubanks = (117, 20) = 1629234.csv
INFO : 2021-08-27 12:29:23,053 : SUCCESS : Duncan Robinson = (97, 20) = 1629130.csv
INFO : 2021-08-27 12:29:51,066 : SUCCESS : Dusty Hannahs = (20, 20) = 1628605.csv
INFO : 2021-08-27 12:30:32,145 : SUCCESS : Dwayne Bacon = (259, 20) = 1628407.csv
INFO : 2021-08-27 12:31:02,600 : SUCCESS : Dwight Howard = (75, 20) = 2730.csv
INFO : 2021-08-27 12:31:55,868 : SUCCESS : Dwight Powell = (380, 20) = 203939.csv
INFO : 2021-08-27 12:32:37,803 : SUCCESS : Dwyane Wade = (361, 20) = 2548.csv
INFO : 2021-08-27 12:33:13,732 : SUCCESS : Dzanan Musa = (47, 20) = 1629058.csv
INFO : 2021-08-27 12:34:06,673 : SUCCESS : E'Twaun Moore = (295, 20) = 202734.csv
INFO : 2021-08-27 12:34:26,864 : SUCCESS : Ed Davis = (365, 20) = 202334.csv
INFO : 2021-08-27 12:34:53,347 : SUCCESS : Edmond Sumner = (139, 20) = 1628410.csv
INFO : 2021-08-27 12:35:23,108 : SUCCESS : Ekpe Udoh = (224, 20) = 202327.csv
INFO : 2021-08-27 12:35:49,350 : SUCCESS : Elfrid Payton = (268, 20) = 203901.csv
INFO : 2021-08-27 12:36:21,160 : SUCCESS : Elie Okobo = (304, 20) = 1629059.csv
INFO : 2021-08-27 12:36:44,147 : SUCCESS : Emanuel Terry = (22, 20) = 1629150.csv
INFO : 2021-08-27 12:37:31,753 : SUCCESS : Emmanuel Mudiay = (325, 20) = 1626144.csv
INFO : 2021-08-27 12:38:03,503 : SUCCESS : Enes Kanter = (325, 20) = 202683.csv
INFO : 2021-08-27 12:38:42,545 : SUCCESS : Eric Bledsoe = (359, 20) = 202339.csv
INFO : 2021-08-27 12:39:35,691 : SUCCESS : Eric Gordon = (350, 20) = 201569.csv
INFO : 2021-08-27 12:40:06,738 : SUCCESS : Eric Moreland = (40, 20) = 203961.csv
INFO : 2021-08-27 12:40:41,706 : SUCCESS : Ersan Ilyasova = (336, 20) = 101141.csv
INFO : 2021-08-27 12:41:20,384 : SUCCESS : Evan Fournier = (364, 20) = 203095.csv
INFO : 2021-08-27 12:42:02,618 : SUCCESS : Evan Turner = (359, 20) = 202323.csv
INFO : 2021-08-27 12:42:38,842 : SUCCESS : Frank Jackson = (318, 20) = 1628402.csv
INFO : 2021-08-27 12:43:13,646 : SUCCESS : Frank Kaminsky = (281, 20) = 1626163.csv
INFO : 2021-08-27 12:43:47,533 : SUCCESS : Frank Mason III = (246, 20) = 1628412.csv
INFO : 2021-08-27 12:44:21,442 : SUCCESS : Frank Ntilikina = (264, 20) = 1628373.csv
INFO : 2021-08-27 12:45:13,212 : SUCCESS : Fred VanVleet = (334, 20) = 1627832.csv
INFO : 2021-08-27 12:45:45,347 : SUCCESS : Furkan Korkmaz = (300, 20) = 1627788.csv
INFO : 2021-08-27 12:46:22,322 : SUCCESS : Garrett Temple = (360, 20) = 202066.csv
INFO : 2021-08-27 12:46:54,864 : SUCCESS : Gary Clark = (305, 20) = 1629109.csv
INFO : 2021-08-27 12:47:25,348 : SUCCESS : Gary Harris = (320, 20) = 203914.csv
INFO : 2021-08-27 12:47:54,932 : SUCCESS : Gary Payton II = (17, 20) = 1627780.csv
INFO : 2021-08-27 12:48:31,505 : SUCCESS : Gary Trent Jr. = (78, 20) = 1629018.csv
INFO : 2021-08-27 12:49:03,420 : SUCCESS : George Hill = (286, 20) = 201588.csv
INFO : 2021-08-27 12:49:35,067 : SUCCESS : George King = (8, 20) = 1628994.csv
INFO : 2021-08-27 12:50:10,614 : SUCCESS : Georges Niang = (289, 20) = 1627777.csv
INFO : 2021-08-27 12:50:48,098 : SUCCESS : Gerald Green = (378, 20) = 101123.csv
INFO : 2021-08-27 12:51:41,798 : SUCCESS : Giannis Antetokounmpo = (352, 20) = 203507.csv
INFO : 2021-08-27 12:52:21,424 : SUCCESS : Glenn Robinson III = (250, 20) = 203922.csv
INFO : 2021-08-27 12:52:57,160 : SUCCESS : Goran Dragic = (252, 20) = 201609.csv
INFO : 2021-08-27 12:53:27,788 : SUCCESS : Gordon Hayward = (348, 20) = 202330.csv
INFO : 2021-08-27 12:54:04,961 : SUCCESS : Gorgui Dieng = (357, 20) = 203476.csv
INFO : 2021-08-27 12:54:38,153 : SUCCESS : Grayson Allen = (212, 20) = 1628960.csv
INFO : 2021-08-27 12:55:12,918 : SUCCESS : Greg Monroe = (243, 20) = 202328.csv
INFO : 2021-08-27 12:55:48,444 : SUCCESS : Guerschon Yabusele = (193, 20) = 1627824.csv
INFO : 2021-08-27 12:56:19,808 : SUCCESS : Hamidou Diallo = (244, 20) = 1628977.csv
INFO : 2021-08-27 12:57:09,265 : SUCCESS : Harrison Barnes = (367, 20) = 203084.csv
INFO : 2021-08-27 12:57:42,404 : SUCCESS : Harry Giles III = (318, 20) = 1628385.csv
INFO : 2021-08-27 12:58:16,789 : SUCCESS : Hassan Whiteside = (342, 20) = 202355.csv
INFO : 2021-08-27 12:58:48,822 : SUCCESS : Haywood Highsmith = (37, 20) = 1629312.csv
INFO : 2021-08-27 12:59:16,982 : SUCCESS : Henry Ellenson = (140, 20) = 1627740.csv
INFO : 2021-08-27 12:59:53,469 : SUCCESS : Ian Clark = (330, 20) = 203546.csv
INFO : 2021-08-27 13:00:25,710 : SUCCESS : Ian Mahinmi = (193, 20) = 101133.csv
INFO : 2021-08-27 13:01:01,073 : SUCCESS : Ike Anigbogu = (11, 20) = 1628387.csv
INFO : 2021-08-27 13:01:38,935 : SUCCESS : Iman Shumpert = (320, 20) = 202697.csv
INFO : 2021-08-27 13:02:03,273 : SUCCESS : Isaac Bonga = (114, 20) = 1629067.csv
INFO : 2021-08-27 13:02:32,570 : SUCCESS : Isaac Humphries = (42, 20) = 1629353.csv
INFO : 2021-08-27 13:03:10,034 : SUCCESS : Isaiah Briscoe = (242, 20) = 1628515.csv
INFO : 2021-08-27 13:03:44,021 : SUCCESS : Isaiah Canaan = (213, 20) = 203477.csv
INFO : 2021-08-27 13:04:15,594 : SUCCESS : Isaiah Hartenstein = (50, 20) = 1628392.csv
INFO : 2021-08-27 13:04:52,168 : SUCCESS : Isaiah Hicks = (19, 20) = 1628439.csv
INFO : 2021-08-27 13:05:30,236 : SUCCESS : Isaiah Thomas = (110, 20) = 202738.csv
INFO : 2021-08-27 13:06:13,586 : SUCCESS : Ish Smith = (309, 20) = 202397.csv
INFO : 2021-08-27 13:07:00,138 : SUCCESS : Ivan Rabb = (269, 20) = 1628397.csv
INFO : 2021-08-27 13:07:43,156 : SUCCESS : Ivica Zubac = (312, 20) = 1627826.csv
INFO : 2021-08-27 13:08:14,867 : SUCCESS : J.J. Barea = (234, 20) = 200826.csv
INFO : 2021-08-27 13:08:42,174 : SUCCESS : J.P. Macura = (11, 20) = 1629122.csv
INFO : 2021-08-27 13:09:12,630 : SUCCESS : JJ Redick = (367, 20) = 200755.csv
INFO : 2021-08-27 13:09:44,774 : SUCCESS : JR Smith = (86, 20) = 2747.csv
INFO : 2021-08-27 13:10:18,072 : SUCCESS : JaKarr Sampson = (32, 20) = 203960.csv
INFO : 2021-08-27 13:10:54,647 : SUCCESS : JaMychal Green = (331, 20) = 203210.csv
INFO : 2021-08-27 13:11:33,397 : SUCCESS : JaVale McGee = (343, 20) = 201580.csv
INFO : 2021-08-27 13:12:04,562 : SUCCESS : Jabari Parker = (333, 20) = 203953.csv
INFO : 2021-08-27 13:12:35,918 : SUCCESS : Jacob Evans = (153, 20) = 1628980.csv
INFO : 2021-08-27 13:13:37,014 : SUCCESS : Jae Crowder = (385, 20) = 203109.csv
INFO : 2021-08-27 13:14:03,896 : SUCCESS : Jahlil Okafor = (288, 20) = 1626143.csv
INFO : 2021-08-27 13:14:41,440 : SUCCESS : Jake Layman = (363, 20) = 1627774.csv
INFO : 2021-08-27 13:15:13,676 : SUCCESS : Jakob Poeltl = (371, 20) = 1627751.csv
INFO : 2021-08-27 13:15:52,672 : SUCCESS : Jalen Brunson = (360, 20) = 1628973.csv
INFO : 2021-08-27 13:16:26,522 : SUCCESS : Jalen Jones = (119, 20) = 1627883.csv
INFO : 2021-08-27 13:17:06,162 : SUCCESS : Jamal Crawford = (345, 20) = 2037.csv
INFO : 2021-08-27 13:17:47,235 : SUCCESS : Jamal Murray = (369, 20) = 1627750.csv
ERROR : 2021-08-27 13:18:18,966 : James Ennis III = No tables found
ERROR : 2021-08-27 13:18:18,967 : Trying again...
INFO : 2021-08-27 13:19:15,328 : SUCCESS : James Ennis III = (352, 20) = 203516.csv
INFO : 2021-08-27 13:19:50,787 : SUCCESS : James Harden = (364, 20) = 201935.csv
INFO : 2021-08-27 13:20:26,767 : SUCCESS : James Johnson = (306, 20) = 201949.csv
INFO : 2021-08-27 13:21:01,563 : SUCCESS : James Nunnally = (73, 20) = 203263.csv
INFO : 2021-08-27 13:21:41,189 : SUCCESS : Jared Dudley = (319, 20) = 201162.csv
INFO : 2021-08-27 13:22:14,810 : SUCCESS : Jared Terrell = (73, 20) = 1629123.csv
INFO : 2021-08-27 13:22:45,843 : SUCCESS : Jarell Martin = (204, 20) = 1626185.csv
INFO : 2021-08-27 13:23:16,393 : SUCCESS : Jaren Jackson Jr. = (310, 20) = 1628991.csv
INFO : 2021-08-27 13:23:58,266 : SUCCESS : Jaron Blossomgame = (207, 20) = 1628417.csv
INFO : 2021-08-27 13:24:24,651 : SUCCESS : Jarred Vanderbilt = (83, 20) = 1629020.csv
INFO : 2021-08-27 13:25:00,200 : SUCCESS : Jarrett Allen = (345, 20) = 1628386.csv
INFO : 2021-08-27 13:25:28,702 : SUCCESS : Jason Smith = (119, 20) = 201160.csv
INFO : 2021-08-27 13:25:56,187 : SUCCESS : Jawun Evans = (51, 20) = 1628393.csv
INFO : 2021-08-27 13:26:38,312 : SUCCESS : Jaylen Adams = (204, 20) = 1629121.csv
INFO : 2021-08-27 13:27:28,694 : SUCCESS : Jaylen Brown = (359, 20) = 1627759.csv
INFO : 2021-08-27 13:27:58,152 : SUCCESS : Jaylen Morris = (23, 20) = 1628537.csv
INFO : 2021-08-27 13:28:49,338 : SUCCESS : Jayson Tatum = (357, 20) = 1628369.csv
INFO : 2021-08-27 13:29:32,606 : SUCCESS : Jeff Green = (369, 20) = 201145.csv
INFO : 2021-08-27 13:30:05,751 : SUCCESS : Jeff Teague = (265, 20) = 201952.csv
INFO : 2021-08-27 13:30:32,705 : SUCCESS : Jemerrio Jones = (52, 20) = 1629203.csv
INFO : 2021-08-27 13:31:05,683 : SUCCESS : Jerami Grant = (363, 20) = 203924.csv
INFO : 2021-08-27 13:31:42,663 : SUCCESS : Jeremy Lamb = (349, 20) = 203087.csv
INFO : 2021-08-27 13:32:28,512 : SUCCESS : Jeremy Lin = (368, 20) = 202391.csv
INFO : 2021-08-27 13:33:06,030 : SUCCESS : Jerian Grant = (324, 20) = 1626170.csv
INFO : 2021-08-27 13:33:27,640 : SUCCESS : Jerome Robinson = (232, 20) = 1629010.csv
INFO : 2021-08-27 13:34:02,398 : SUCCESS : Jerryd Bayless = (211, 20) = 201573.csv
INFO : 2021-08-27 13:34:38,605 : SUCCESS : Jevon Carter = (225, 20) = 1628975.csv
INFO : 2021-08-27 13:35:09,094 : SUCCESS : Jimmer Fredette = (41, 20) = 202690.csv
INFO : 2021-08-27 13:35:46,699 : SUCCESS : Jimmy Butler = (344, 20) = 202710.csv
INFO : 2021-08-27 13:36:21,678 : SUCCESS : Joakim Noah = (274, 20) = 201149.csv
INFO : 2021-08-27 13:36:52,840 : SUCCESS : Jodie Meeks = (53, 20) = 201975.csv
INFO : 2021-08-27 13:37:25,384 : SUCCESS : Joe Chealey = (7, 20) = 1629147.csv
INFO : 2021-08-27 13:38:09,598 : SUCCESS : Joe Harris = (348, 20) = 203925.csv
INFO : 2021-08-27 13:38:42,765 : SUCCESS : Joe Ingles = (385, 20) = 204060.csv
INFO : 2021-08-27 13:39:38,715 : SUCCESS : Joel Embiid = (327, 20) = 203954.csv
INFO : 2021-08-27 13:40:15,807 : SUCCESS : John Collins = (340, 20) = 1628381.csv
INFO : 2021-08-27 13:40:49,403 : SUCCESS : John Henson = (136, 20) = 203089.csv
INFO : 2021-08-27 13:41:22,925 : SUCCESS : John Holland = (2, 20) = 204066.csv
INFO : 2021-08-27 13:41:56,661 : SUCCESS : John Jenkins = (162, 20) = 203098.csv
INFO : 2021-08-27 13:42:25,449 : SUCCESS : John Wall = (228, 20) = 202322.csv
INFO : 2021-08-27 13:42:54,377 : SUCCESS : Johnathan Motley = (139, 20) = 1628405.csv
INFO : 2021-08-27 13:43:21,984 : SUCCESS : Johnathan Williams = (189, 20) = 1629140.csv
INFO : 2021-08-27 13:43:57,018 : SUCCESS : Jon Leuer = (221, 20) = 202720.csv
INFO : 2021-08-27 13:44:32,785 : SUCCESS : Jonah Bolden = (283, 20) = 1628413.csv
INFO : 2021-08-27 13:45:07,670 : SUCCESS : Jonas Jerebko = (371, 20) = 201973.csv
INFO : 2021-08-27 13:45:47,200 : SUCCESS : Jonas Valanciunas = (303, 20) = 202685.csv
INFO : 2021-08-27 13:46:41,115 : SUCCESS : Jonathan Isaac = (344, 20) = 1628371.csv
INFO : 2021-08-27 13:47:19,336 : SUCCESS : Jonathon Simmons = (314, 20) = 203613.csv
INFO : 2021-08-27 13:47:55,586 : SUCCESS : Jordan Bell = (364, 20) = 1628395.csv
INFO : 2021-08-27 13:48:36,174 : SUCCESS : Jordan Clarkson = (381, 20) = 203903.csv
INFO : 2021-08-27 13:49:05,603 : SUCCESS : Jordan Loyd = (55, 20) = 1628070.csv
INFO : 2021-08-27 13:49:37,622 : SUCCESS : Jordan McRae = (172, 20) = 203895.csv
INFO : 2021-08-27 13:50:09,172 : SUCCESS : Jordan Sibert = (7, 20) = 1626296.csv
INFO : 2021-08-27 13:51:05,039 : SUCCESS : Jose Calderon = (262, 20) = 101181.csv
INFO : 2021-08-27 13:51:45,852 : SUCCESS : Josh Hart = (353, 20) = 1628404.csv
INFO : 2021-08-27 13:52:24,220 : SUCCESS : Josh Jackson = (372, 20) = 1628367.csv
INFO : 2021-08-27 13:54:20,834 : SUCCESS : Josh Okogie = (353, 20) = 1629006.csv
INFO : 2021-08-27 13:55:01,986 : SUCCESS : Josh Richardson = (360, 20) = 1626196.csv
INFO : 2021-08-27 13:55:35,144 : SUCCESS : Jrue Holiday = (339, 20) = 201950.csv
INFO : 2021-08-27 13:56:07,133 : SUCCESS : Juancho Hernangomez = (359, 20) = 1627823.csv
INFO : 2021-08-27 13:56:39,478 : SUCCESS : Julian Washburn = (123, 20) = 1627395.csv
INFO : 2021-08-27 13:57:18,435 : SUCCESS : Julius Randle = (351, 20) = 203944.csv
INFO : 2021-08-27 13:57:48,337 : SUCCESS : Justin Anderson = (258, 20) = 1626147.csv
INFO : 2021-08-27 13:58:28,436 : SUCCESS : Justin Holiday = (358, 20) = 203200.csv
INFO : 2021-08-27 13:59:20,601 : SUCCESS : Justin Jackson = (359, 20) = 1628382.csv
INFO : 2021-08-27 14:00:00,212 : SUCCESS : Justin Patton = (17, 20) = 1628383.csv
INFO : 2021-08-27 14:00:28,989 : SUCCESS : Justise Winslow = (360, 20) = 1626159.csv
INFO : 2021-08-27 14:01:09,992 : SUCCESS : Jusuf Nurkic = (328, 20) = 203994.csv
INFO : 2021-08-27 14:01:47,297 : SUCCESS : Kadeem Allen = (159, 20) = 1628443.csv
INFO : 2021-08-27 14:02:26,873 : SUCCESS : Kalin Lucas = (7, 20) = 203564.csv
INFO : 2021-08-27 14:03:07,394 : SUCCESS : Karl-Anthony Towns = (352, 20) = 1626157.csv
INFO : 2021-08-27 14:03:40,184 : SUCCESS : Kawhi Leonard = (321, 20) = 202695.csv
INFO : 2021-08-27 14:04:16,678 : SUCCESS : Keita Bates-Diop = (215, 20) = 1628966.csv
INFO : 2021-08-27 14:04:53,532 : SUCCESS : Kelly Olynyk = (364, 20) = 203482.csv
INFO : 2021-08-27 14:05:42,045 : SUCCESS : Kelly Oubre Jr. = (345, 20) = 1626162.csv
INFO : 2021-08-27 14:06:25,987 : SUCCESS : Kemba Walker = (363, 20) = 202689.csv
INFO : 2021-08-27 14:07:01,133 : SUCCESS : Kenneth Faried = (259, 20) = 202702.csv
INFO : 2021-08-27 14:07:36,017 : SUCCESS : Kenrich Williams = (275, 20) = 1629026.csv
INFO : 2021-08-27 14:08:16,768 : SUCCESS : Kent Bazemore = (347, 20) = 203145.csv
INFO : 2021-08-27 14:08:49,930 : SUCCESS : Kentavious Caldwell-Pope = (378, 20) = 203484.csv
INFO : 2021-08-27 14:09:23,253 : SUCCESS : Kevin Durant = (366, 20) = 201142.csv
INFO : 2021-08-27 14:10:11,914 : SUCCESS : Kevin Huerter = (365, 20) = 1628989.csv
INFO : 2021-08-27 14:10:46,433 : SUCCESS : Kevin Knox II = (376, 20) = 1628995.csv
INFO : 2021-08-27 14:11:25,655 : SUCCESS : Kevin Love = (156, 20) = 201567.csv
INFO : 2021-08-27 14:12:00,781 : SUCCESS : Kevon Looney = (373, 20) = 1626172.csv
INFO : 2021-08-27 14:12:51,874 : SUCCESS : Khem Birch = (282, 20) = 203920.csv
INFO : 2021-08-27 14:13:25,231 : SUCCESS : Khris Middleton = (353, 20) = 203114.csv
INFO : 2021-08-27 14:14:00,181 : SUCCESS : Khyri Thomas = (134, 20) = 1629017.csv
INFO : 2021-08-27 14:14:41,123 : SUCCESS : Klay Thompson = (377, 20) = 202691.csv
INFO : 2021-08-27 14:15:09,859 : SUCCESS : Kobi Simmons = (4, 20) = 1628424.csv
INFO : 2021-08-27 14:15:43,858 : SUCCESS : Kosta Koufos = (254, 20) = 201585.csv
INFO : 2021-08-27 14:16:15,648 : SUCCESS : Kostas Antetokounmpo = (12, 20) = 1628961.csv
INFO : 2021-08-27 14:16:56,337 : SUCCESS : Kris Dunn = (295, 20) = 1627739.csv
INFO : 2021-08-27 14:17:21,481 : SUCCESS : Kyle Anderson = (269, 20) = 203937.csv
INFO : 2021-08-27 14:17:49,914 : SUCCESS : Kyle Korver = (339, 20) = 2594.csv
INFO : 2021-08-27 14:18:11,071 : SUCCESS : Kyle Kuzma = (354, 20) = 1628398.csv
INFO : 2021-08-27 14:18:33,749 : SUCCESS : Kyle Lowry = (335, 20) = 200768.csv
INFO : 2021-08-27 14:18:57,437 : SUCCESS : Kyle O'Quinn = (238, 20) = 203124.csv
INFO : 2021-08-27 14:19:21,534 : SUCCESS : Kyrie Irving = (329, 20) = 202681.csv
INFO : 2021-08-27 14:19:50,795 : SUCCESS : LaMarcus Aldridge = (369, 20) = 200746.csv
INFO : 2021-08-27 14:20:33,707 : SUCCESS : Lance Stephenson = (330, 20) = 202362.csv
INFO : 2021-08-27 14:20:52,610 : SUCCESS : Lance Thomas = (269, 20) = 202498.csv
INFO : 2021-08-27 14:21:16,347 : SUCCESS : Landry Shamet = (378, 20) = 1629013.csv
INFO : 2021-08-27 14:21:38,453 : SUCCESS : Langston Galloway = (376, 20) = 204038.csv
INFO : 2021-08-27 14:21:55,066 : SUCCESS : Larry Nance Jr. = (349, 20) = 1626204.csv
INFO : 2021-08-27 14:22:14,203 : SUCCESS : Lauri Markkanen = (309, 20) = 1628374.csv
INFO : 2021-08-27 14:22:28,248 : SUCCESS : LeBron James = (309, 20) = 2544.csv
INFO : 2021-08-27 14:22:41,787 : SUCCESS : Lonnie Walker IV = (105, 20) = 1629022.csv
INFO : 2021-08-27 14:23:12,075 : SUCCESS : Lonzo Ball = (291, 20) = 1628366.csv
INFO : 2021-08-27 14:23:39,230 : SUCCESS : Lorenzo Brown = (154, 20) = 203485.csv
INFO : 2021-08-27 14:24:27,892 : SUCCESS : Lou Williams = (376, 20) = 101150.csv
INFO : 2021-08-27 14:24:52,291 : SUCCESS : Luc Mbah a Moute = (36, 20) = 201601.csv
INFO : 2021-08-27 14:25:23,048 : SUCCESS : Luka Doncic = (366, 20) = 1629029.csv
INFO : 2021-08-27 14:25:48,372 : SUCCESS : Luke Kennard = (346, 20) = 1628379.csv
INFO : 2021-08-27 14:26:10,703 : SUCCESS : Luke Kornet = (280, 20) = 1628436.csv
INFO : 2021-08-27 14:26:33,376 : SUCCESS : Luol Deng = (158, 20) = 2736.csv
INFO : 2021-08-27 14:27:00,519 : SUCCESS : Malachi Richardson = (108, 20) = 1627781.csv
INFO : 2021-08-27 14:27:25,054 : SUCCESS : Malcolm Brogdon = (341, 20) = 1627763.csv
INFO : 2021-08-27 14:27:43,770 : SUCCESS : Malcolm Miller = (59, 20) = 1626259.csv
INFO : 2021-08-27 14:28:14,020 : SUCCESS : Malik Beasley = (383, 20) = 1627736.csv
INFO : 2021-08-27 14:28:47,762 : SUCCESS : Malik Monk = (365, 20) = 1628370.csv
INFO : 2021-08-27 14:29:12,214 : SUCCESS : MarShon Brooks = (194, 20) = 202705.csv
INFO : 2021-08-27 14:29:40,002 : SUCCESS : Marc Gasol = (347, 20) = 201188.csv
INFO : 2021-08-27 14:30:06,041 : SUCCESS : Marcin Gortat = (224, 20) = 101162.csv
INFO : 2021-08-27 14:30:31,186 : SUCCESS : Marco Belinelli = (370, 20) = 201158.csv
INFO : 2021-08-27 14:30:53,575 : SUCCESS : Marcus Derrickson = (73, 20) = 1629094.csv
INFO : 2021-08-27 14:31:28,111 : SUCCESS : Marcus Morris Sr. = (351, 20) = 202694.csv
INFO : 2021-08-27 14:31:54,404 : SUCCESS : Marcus Smart = (357, 20) = 203935.csv
INFO : 2021-08-27 14:32:21,810 : SUCCESS : Mario Hezonja = (315, 20) = 1626209.csv
INFO : 2021-08-27 14:32:55,776 : SUCCESS : Markelle Fultz = (162, 20) = 1628365.csv
INFO : 2021-08-27 14:33:21,272 : SUCCESS : Markieff Morris = (309, 20) = 202693.csv
INFO : 2021-08-27 14:33:42,884 : SUCCESS : Marquese Chriss = (232, 20) = 1627737.csv
INFO : 2021-08-27 14:34:07,323 : SUCCESS : Marvin Bagley III = (355, 20) = 1628963.csv
INFO : 2021-08-27 14:34:32,048 : SUCCESS : Marvin Williams = (341, 20) = 101107.csv
INFO : 2021-08-27 14:35:01,618 : SUCCESS : Mason Plumlee = (375, 20) = 203486.csv
INFO : 2021-08-27 14:35:27,131 : SUCCESS : Matthew Dellavedova = (299, 20) = 203521.csv
INFO : 2021-08-27 14:35:51,813 : SUCCESS : Maurice Harkless = (302, 20) = 203090.csv
INFO : 2021-08-27 14:36:33,185 : SUCCESS : Maxi Kleber = (369, 20) = 1628467.csv
INFO : 2021-08-27 14:36:52,666 : SUCCESS : Melvin Frazier = (45, 20) = 1628982.csv
INFO : 2021-08-27 14:37:22,716 : SUCCESS : Meyers Leonard = (319, 20) = 203086.csv
INFO : 2021-08-27 14:37:48,745 : SUCCESS : Michael Beasley = (162, 20) = 201563.csv
INFO : 2021-08-27 14:38:03,325 : SUCCESS : Michael Carter-Williams = (208, 20) = 203487.csv
INFO : 2021-08-27 14:38:27,691 : SUCCESS : Michael Kidd-Gilchrist = (346, 20) = 203077.csv
INFO : 2021-08-27 14:38:54,737 : SUCCESS : Mikal Bridges = (389, 20) = 1628969.csv
INFO : 2021-08-27 14:39:19,066 : SUCCESS : Mike Conley = (354, 20) = 201144.csv
INFO : 2021-08-27 14:39:44,294 : SUCCESS : Mike Muscala = (356, 20) = 203488.csv
INFO : 2021-08-27 14:40:25,209 : SUCCESS : Mike Scott = (356, 20) = 203118.csv
INFO : 2021-08-27 14:40:54,162 : SUCCESS : Miles Bridges = (381, 20) = 1628970.csv
INFO : 2021-08-27 14:41:19,086 : SUCCESS : Miles Plumlee = (137, 20) = 203101.csv
INFO : 2021-08-27 14:41:44,982 : SUCCESS : Milos Teodosic = (100, 20) = 1628462.csv
INFO : 2021-08-27 14:41:58,408 : SUCCESS : Mitchell Creek = (32, 20) = 1628249.csv
INFO : 2021-08-27 14:42:27,335 : SUCCESS : Mitchell Robinson = (353, 20) = 1629011.csv
INFO : 2021-08-27 14:42:50,930 : SUCCESS : Mo Bamba = (267, 20) = 1628964.csv
INFO : 2021-08-27 14:43:12,286 : SUCCESS : Monte Morris = (392, 20) = 1628420.csv
INFO : 2021-08-27 14:43:37,198 : SUCCESS : Montrezl Harrell = (390, 20) = 1626149.csv
INFO : 2021-08-27 14:44:16,845 : SUCCESS : Moritz Wagner = (242, 20) = 1629021.csv
INFO : 2021-08-27 14:44:41,785 : SUCCESS : Myles Turner = (353, 20) = 1626167.csv
INFO : 2021-08-27 14:45:05,380 : SUCCESS : Naz Mitrou-Long = (68, 20) = 1628513.csv
INFO : 2021-08-27 14:45:36,521 : SUCCESS : Nemanja Bjelica = (339, 20) = 202357.csv
INFO : 2021-08-27 14:45:57,857 : SUCCESS : Nene = (232, 20) = 2403.csv
INFO : 2021-08-27 14:46:23,714 : SUCCESS : Nerlens Noel = (361, 20) = 203457.csv
INFO : 2021-08-27 14:46:42,487 : SUCCESS : Nick Young = (32, 20) = 201156.csv
INFO : 2021-08-27 14:47:05,655 : SUCCESS : Nicolas Batum = (348, 20) = 201587.csv
INFO : 2021-08-27 14:47:32,409 : SUCCESS : Nik Stauskas = (337, 20) = 203917.csv
INFO : 2021-08-27 14:48:10,409 : SUCCESS : Nikola Jokic = (364, 20) = 203999.csv
INFO : 2021-08-27 14:48:37,196 : SUCCESS : Nikola Mirotic = (284, 20) = 202703.csv
INFO : 2021-08-27 14:49:04,458 : SUCCESS : Nikola Vucevic = (362, 20) = 202696.csv
INFO : 2021-08-27 14:49:28,986 : SUCCESS : Noah Vonleh = (323, 20) = 203943.csv
INFO : 2021-08-27 14:49:58,194 : SUCCESS : Norman Powell = (329, 20) = 1626181.csv
INFO : 2021-08-27 14:50:24,616 : SUCCESS : OG Anunoby = (361, 20) = 1628384.csv
INFO : 2021-08-27 14:50:48,301 : SUCCESS : Okaro White = (13, 20) = 1627855.csv
INFO : 2021-08-27 14:51:12,134 : SUCCESS : Omari Spellman = (283, 20) = 1629016.csv
INFO : 2021-08-27 14:51:36,416 : SUCCESS : Omri Casspi = (245, 20) = 201956.csv
INFO : 2021-08-27 14:52:15,450 : SUCCESS : Otto Porter Jr. = (280, 20) = 203490.csv
INFO : 2021-08-27 14:52:46,675 : SUCCESS : P.J. Tucker = (367, 20) = 200782.csv
INFO : 2021-08-27 14:53:13,358 : SUCCESS : PJ Dozier = (31, 20) = 1628408.csv
INFO : 2021-08-27 14:53:42,577 : SUCCESS : Pascal Siakam = (366, 20) = 1627783.csv
INFO : 2021-08-27 14:54:12,528 : SUCCESS : Pat Connaughton = (353, 20) = 1626192.csv
INFO : 2021-08-27 14:54:38,746 : SUCCESS : Patrick Beverley = (365, 20) = 201976.csv
INFO : 2021-08-27 14:55:01,614 : SUCCESS : Patrick McCaw = (217, 20) = 1627775.csv
INFO : 2021-08-27 14:55:21,422 : SUCCESS : Patrick Patterson = (306, 20) = 202335.csv
INFO : 2021-08-27 14:55:56,529 : SUCCESS : Patty Mills = (373, 20) = 201988.csv
INFO : 2021-08-27 14:56:19,670 : SUCCESS : Pau Gasol = (181, 20) = 2200.csv
INFO : 2021-08-27 14:56:51,452 : SUCCESS : Paul George = (357, 20) = 202331.csv
INFO : 2021-08-27 14:57:16,182 : SUCCESS : Paul Millsap = (336, 20) = 200794.csv
INFO : 2021-08-27 14:57:37,204 : SUCCESS : Quincy Acy = (74, 20) = 203112.csv
INFO : 2021-08-27 14:58:00,831 : SUCCESS : Quincy Pondexter = (233, 20) = 202347.csv
INFO : 2021-08-27 14:58:28,812 : SUCCESS : Quinn Cook = (368, 20) = 1626188.csv
INFO : 2021-08-27 14:58:47,785 : SUCCESS : RJ Hunter = (9, 20) = 1626154.csv
INFO : 2021-08-27 14:59:16,563 : SUCCESS : Rajon Rondo = (295, 20) = 200765.csv
INFO : 2021-08-27 14:59:32,599 : SUCCESS : Raul Neto = (227, 20) = 203526.csv
INFO : 2021-08-27 14:59:54,846 : SUCCESS : Rawle Alkins = (68, 20) = 1628959.csv
INFO : 2021-08-27 15:00:20,002 : SUCCESS : Ray Spalding = (95, 20) = 1629034.csv
INFO : 2021-08-27 15:00:38,741 : SUCCESS : Raymond Felton = (202, 20) = 101109.csv
INFO : 2021-08-27 15:01:25,787 : SUCCESS : Reggie Bullock = (329, 20) = 203493.csv
INFO : 2021-08-27 15:01:53,292 : SUCCESS : Reggie Jackson = (359, 20) = 202704.csv
INFO : 2021-08-27 15:02:18,559 : SUCCESS : Richaun Holmes = (366, 20) = 1626158.csv
INFO : 2021-08-27 15:02:45,531 : SUCCESS : Ricky Rubio = (325, 20) = 201937.csv
INFO : 2021-08-27 15:03:09,737 : SUCCESS : Robert Covington = (248, 20) = 203496.csv
INFO : 2021-08-27 15:03:28,588 : SUCCESS : Robert Williams III = (169, 20) = 1629057.csv
INFO : 2021-08-27 15:03:53,721 : SUCCESS : Robin Lopez = (337, 20) = 201577.csv
INFO : 2021-08-27 15:04:21,210 : SUCCESS : Rodions Kurucs = (310, 20) = 1629066.csv
INFO : 2021-08-27 15:05:01,462 : SUCCESS : Rodney Hood = (352, 20) = 203918.csv
INFO : 2021-08-27 15:05:20,677 : SUCCESS : Rodney McGruder = (340, 20) = 203585.csv
INFO : 2021-08-27 15:05:41,339 : SUCCESS : Ron Baker = (108, 20) = 1627758.csv
INFO : 2021-08-27 15:06:04,528 : SUCCESS : Rondae Hollis-Jefferson = (322, 20) = 1626178.csv
INFO : 2021-08-27 15:06:31,407 : SUCCESS : Royce O'Neale = (391, 20) = 1626220.csv
INFO : 2021-08-27 15:07:01,706 : SUCCESS : Rudy Gay = (347, 20) = 200752.csv
INFO : 2021-08-27 15:07:26,928 : SUCCESS : Rudy Gobert = (380, 20) = 203497.csv
INFO : 2021-08-27 15:07:52,989 : SUCCESS : Russell Westbrook = (361, 20) = 201566.csv
INFO : 2021-08-27 15:08:14,423 : SUCCESS : Ryan Anderson = (155, 20) = 201583.csv
INFO : 2021-08-27 15:08:53,151 : SUCCESS : Ryan Arcidiacono = (356, 20) = 1627853.csv
INFO : 2021-08-27 15:09:14,488 : SUCCESS : Ryan Broekhoff = (238, 20) = 1629151.csv
INFO : 2021-08-27 15:09:35,525 : SUCCESS : Salah Mejri = (201, 20) = 1626257.csv
INFO : 2021-08-27 15:10:04,533 : SUCCESS : Sam Dekker = (266, 20) = 1626155.csv
INFO : 2021-08-27 15:10:23,635 : SUCCESS : Scott Machado = (23, 20) = 203159.csv
INFO : 2021-08-27 15:10:47,913 : SUCCESS : Semi Ojeleye = (287, 20) = 1628400.csv
INFO : 2021-08-27 15:11:12,933 : SUCCESS : Serge Ibaka = (344, 20) = 201586.csv
INFO : 2021-08-27 15:11:39,287 : SUCCESS : Seth Curry = (357, 20) = 203552.csv
INFO : 2021-08-27 15:12:05,556 : SUCCESS : Shabazz Napier = (317, 20) = 203894.csv
INFO : 2021-08-27 15:12:38,689 : SUCCESS : Shai Gilgeous-Alexander = (386, 20) = 1628983.csv
INFO : 2021-08-27 15:13:05,014 : SUCCESS : Shake Milton = (135, 20) = 1629003.csv
INFO : 2021-08-27 15:13:35,152 : SUCCESS : Shaquille Harrison = (370, 20) = 1627885.csv
INFO : 2021-08-27 15:13:58,867 : SUCCESS : Shaun Livingston = (332, 20) = 2733.csv
INFO : 2021-08-27 15:14:20,130 : SUCCESS : Shelvin Mack = (309, 20) = 202714.csv
INFO : 2021-08-27 15:14:44,397 : SUCCESS : Sindarius Thornwell = (245, 20) = 1628414.csv
INFO : 2021-08-27 15:15:07,967 : SUCCESS : Skal Labissiere = (130, 20) = 1627746.csv
INFO : 2021-08-27 15:15:33,189 : SUCCESS : Solomon Hill = (276, 20) = 203524.csv
INFO : 2021-08-27 15:16:03,185 : SUCCESS : Spencer Dinwiddie = (347, 20) = 203915.csv
INFO : 2021-08-27 15:16:27,898 : SUCCESS : Stanley Johnson = (341, 20) = 1626169.csv
INFO : 2021-08-27 15:17:16,264 : SUCCESS : Stephen Curry = (356, 20) = 201939.csv
INFO : 2021-08-27 15:17:39,059 : SUCCESS : Sterling Brown = (329, 20) = 1628425.csv
INFO : 2021-08-27 15:18:03,069 : SUCCESS : Steven Adams = (360, 20) = 203500.csv
INFO : 2021-08-27 15:18:24,387 : SUCCESS : Svi Mykhailiuk = (239, 20) = 1629004.csv
INFO : 2021-08-27 15:18:52,385 : SUCCESS : T.J. Leaf = (294, 20) = 1628388.csv
INFO : 2021-08-27 15:19:17,639 : SUCCESS : T.J. McConnell = (376, 20) = 204456.csv
INFO : 2021-08-27 15:19:42,707 : SUCCESS : T.J. Warren = (262, 20) = 203933.csv
INFO : 2021-08-27 15:20:05,715 : SUCCESS : Tahjere McCall = (7, 20) = 1628769.csv
INFO : 2021-08-27 15:20:35,265 : SUCCESS : Taj Gibson = (322, 20) = 201959.csv
INFO : 2021-08-27 15:21:16,399 : SUCCESS : Taurean Prince = (319, 20) = 1627752.csv
INFO : 2021-08-27 15:21:40,372 : SUCCESS : Terrance Ferguson = (347, 20) = 1628390.csv
INFO : 2021-08-27 15:21:56,888 : SUCCESS : Terrence Jones = (8, 20) = 203093.csv
INFO : 2021-08-27 15:22:26,242 : SUCCESS : Terrence Ross = (379, 20) = 203082.csv
INFO : 2021-08-27 15:22:50,591 : SUCCESS : Terry Rozier = (371, 20) = 1626179.csv
INFO : 2021-08-27 15:23:12,598 : SUCCESS : Thabo Sefolosha = (269, 20) = 200757.csv
INFO : 2021-08-27 15:23:41,238 : SUCCESS : Thaddeus Young = (367, 20) = 201152.csv
INFO : 2021-08-27 15:24:04,838 : SUCCESS : Theo Pinson = (109, 20) = 1629033.csv
INFO : 2021-08-27 15:24:33,072 : SUCCESS : Thomas Bryant = (354, 20) = 1628418.csv
INFO : 2021-08-27 15:24:52,724 : SUCCESS : Thomas Welsh = (45, 20) = 1629118.csv
INFO : 2021-08-27 15:25:33,129 : SUCCESS : Thon Maker = (326, 20) = 1627748.csv
INFO : 2021-08-27 15:25:55,612 : SUCCESS : Tim Frazier = (333, 20) = 204025.csv
INFO : 2021-08-27 15:26:22,152 : SUCCESS : Tim Hardaway Jr. = (301, 20) = 203501.csv
INFO : 2021-08-27 15:26:49,290 : SUCCESS : Timothe Luwawu-Cabarrot = (270, 20) = 1627789.csv
INFO : 2021-08-27 15:27:16,785 : SUCCESS : Tobias Harris = (359, 20) = 202699.csv
INFO : 2021-08-27 15:27:44,119 : SUCCESS : Tomas Satoransky = (381, 20) = 203107.csv
INFO : 2021-08-27 15:28:02,874 : SUCCESS : Tony Bradley = (23, 20) = 1628396.csv
INFO : 2021-08-27 15:28:31,359 : SUCCESS : Tony Parker = (304, 20) = 2225.csv
INFO : 2021-08-27 15:28:56,505 : SUCCESS : Tony Snell = (350, 20) = 203503.csv
INFO : 2021-08-27 15:29:34,960 : SUCCESS : Torrey Craig = (356, 20) = 1628470.csv
INFO : 2021-08-27 15:29:48,673 : SUCCESS : Trae Young = (373, 20) = 1629027.csv
INFO : 2021-08-27 15:30:11,725 : SUCCESS : Treveon Graham = (220, 20) = 1626203.csv
INFO : 2021-08-27 15:30:35,425 : SUCCESS : Trevon Duval = (10, 20) = 1628979.csv
INFO : 2021-08-27 15:31:03,676 : SUCCESS : Trevor Ariza = (341, 20) = 2772.csv
INFO : 2021-08-27 15:31:27,697 : SUCCESS : Trey Burke = (320, 20) = 203504.csv
INFO : 2021-08-27 15:31:53,376 : SUCCESS : Trey Lyles = (359, 20) = 1626168.csv
INFO : 2021-08-27 15:32:13,715 : SUCCESS : Tristan Thompson = (276, 20) = 202684.csv
INFO : 2021-08-27 15:32:39,465 : SUCCESS : Troy Brown Jr. = (293, 20) = 1628972.csv
INFO : 2021-08-27 15:33:01,812 : SUCCESS : Troy Caupain = (18, 20) = 1628505.csv
INFO : 2021-08-27 15:33:46,468 : SUCCESS : Troy Daniels = (304, 20) = 203584.csv
INFO : 2021-08-27 15:34:13,832 : SUCCESS : Troy Williams = (170, 20) = 1627786.csv
INFO : 2021-08-27 15:34:29,454 : SUCCESS : Tyler Cavanaugh = (45, 20) = 1628463.csv
INFO : 2021-08-27 15:34:46,424 : SUCCESS : Tyler Davis = (1, 20) = 1629093.csv
INFO : 2021-08-27 15:35:16,163 : SUCCESS : Tyler Dorsey = (286, 20) = 1628416.csv
INFO : 2021-08-27 15:35:40,825 : SUCCESS : Tyler Johnson = (332, 20) = 204020.csv
INFO : 2021-08-27 15:36:05,506 : SUCCESS : Tyler Lydon = (97, 20) = 1628399.csv
INFO : 2021-08-27 15:36:19,575 : SUCCESS : Tyler Ulis = (2, 20) = 1627755.csv
INFO : 2021-08-27 15:36:37,207 : SUCCESS : Tyler Zeller = (45, 20) = 203092.csv
INFO : 2021-08-27 15:37:11,862 : SUCCESS : Tyreke Evans = (352, 20) = 201936.csv
INFO : 2021-08-27 15:37:39,150 : SUCCESS : Tyrone Wallace = (331, 20) = 1627820.csv
INFO : 2021-08-27 15:38:06,673 : SUCCESS : Tyson Chandler = (302, 20) = 2199.csv
INFO : 2021-08-27 15:38:33,197 : SUCCESS : Tyus Jones = (362, 20) = 1626145.csv
INFO : 2021-08-27 15:38:56,131 : SUCCESS : Udonis Haslem = (62, 20) = 2617.csv
INFO : 2021-08-27 15:39:40,203 : SUCCESS : Victor Oladipo = (230, 20) = 203506.csv
INFO : 2021-08-27 15:40:05,404 : SUCCESS : Vince Carter = (369, 20) = 1713.csv
INFO : 2021-08-27 15:40:21,017 : SUCCESS : Vincent Edwards = (11, 20) = 1629053.csv
INFO : 2021-08-27 15:40:45,273 : SUCCESS : Wade Baldwin IV = (81, 20) = 1627735.csv
INFO : 2021-08-27 15:41:14,399 : SUCCESS : Walt Lemon Jr. = (46, 20) = 1627215.csv
INFO : 2021-08-27 15:41:35,833 : SUCCESS : Wayne Ellington = (288, 20) = 201961.csv
INFO : 2021-08-27 15:42:03,049 : SUCCESS : Wayne Selden = (355, 20) = 1627782.csv
INFO : 2021-08-27 15:42:21,480 : SUCCESS : Wendell Carter Jr. = (274, 20) = 1628976.csv
INFO : 2021-08-27 15:42:47,589 : SUCCESS : Wes Iwundu = (357, 20) = 1628411.csv
INFO : 2021-08-27 15:43:18,769 : SUCCESS : Wesley Johnson = (226, 20) = 202325.csv
INFO : 2021-08-27 15:43:43,864 : SUCCESS : Wesley Matthews = (330, 20) = 202083.csv
INFO : 2021-08-27 15:44:27,712 : SUCCESS : Will Barton = (260, 20) = 203115.csv
INFO : 2021-08-27 15:44:54,652 : SUCCESS : Willie Cauley-Stein = (355, 20) = 1626161.csv
INFO : 2021-08-27 15:45:17,187 : SUCCESS : Willy Hernangomez = (331, 20) = 1626195.csv
INFO : 2021-08-27 15:45:37,596 : SUCCESS : Wilson Chandler = (296, 20) = 201163.csv
INFO : 2021-08-27 15:45:59,621 : SUCCESS : Yante Maten = (13, 20) = 1628999.csv
INFO : 2021-08-27 15:46:28,034 : SUCCESS : Yogi Ferrell = (343, 20) = 1627812.csv
INFO : 2021-08-27 15:46:50,320 : SUCCESS : Yuta Watanabe = (108, 20) = 1629139.csv
INFO : 2021-08-27 15:47:08,080 : SUCCESS : Zach Collins = (368, 20) = 1628380.csv
INFO : 2021-08-27 15:47:33,888 : SUCCESS : Zach LaVine = (337, 20) = 203897.csv
INFO : 2021-08-27 15:48:04,162 : SUCCESS : Zach Lofton = (4, 20) = 1629155.csv
INFO : 2021-08-27 15:48:30,115 : SUCCESS : Zaza Pachulia = (321, 20) = 2585.csv
INFO : 2021-08-27 15:48:46,586 : SUCCESS : Zhaire Smith = (46, 20) = 1629015.csv
INFO : 2021-08-27 15:49:14,683 : SUCCESS : Zhou Qi = (1, 20) = 1627753.csv
