INFO : 2021-08-27 10:51:20,655 : Generated dir raw_data/2019-20
INFO : 2021-08-27 10:52:53,771 : Bio = (529, 6)
INFO : 2021-08-27 10:53:25,980 : SUCCESS : Aaron Gordon = (349, 20) = 203932.csv
INFO : 2021-08-27 10:53:58,501 : SUCCESS : Aaron Holiday = (348, 20) = 1628988.csv
INFO : 2021-08-27 10:54:39,695 : SUCCESS : Abdel Nader = (316, 20) = 1627846.csv
INFO : 2021-08-27 10:55:08,902 : SUCCESS : Adam Mokoka = (84, 20) = 1629690.csv
INFO : 2021-08-27 10:55:40,212 : SUCCESS : Admiral Schofield = (207, 20) = 1629678.csv
INFO : 2021-08-27 10:56:30,552 : SUCCESS : Al Horford = (329, 20) = 201143.csv
INFO : 2021-08-27 10:57:06,387 : SUCCESS : Al-Farouq Aminu = (139, 20) = 202329.csv
INFO : 2021-08-27 10:57:45,569 : SUCCESS : Alec Burks = (359, 20) = 202692.csv
INFO : 2021-08-27 10:58:10,840 : SUCCESS : Alen Smailagic = (118, 20) = 1629346.csv
INFO : 2021-08-27 10:58:52,262 : SUCCESS : Alex Caruso = (356, 20) = 1627936.csv
INFO : 2021-08-27 10:59:30,561 : SUCCESS : Alex Len = (317, 20) = 203458.csv
INFO : 2021-08-27 11:00:06,177 : SUCCESS : Alfonzo McKinnie = (254, 20) = 1628035.csv
INFO : 2021-08-27 11:00:34,736 : SUCCESS : Alize Johnson = (83, 20) = 1628993.csv
INFO : 2021-08-27 11:01:11,198 : SUCCESS : Allen Crabbe = (223, 20) = 203459.csv
INFO : 2021-08-27 11:01:47,363 : SUCCESS : Allonzo Trier = (176, 20) = 1629019.csv
INFO : 2021-08-27 11:02:20,166 : SUCCESS : Amile Jefferson = (74, 20) = 1628518.csv
INFO : 2021-08-27 11:02:56,325 : SUCCESS : Amir Coffey = (102, 20) = 1629599.csv
INFO : 2021-08-27 11:03:33,060 : SUCCESS : Andre Drummond = (294, 20) = 203083.csv
INFO : 2021-08-27 11:04:24,491 : SUCCESS : Andre Iguodala = (181, 20) = 2738.csv
INFO : 2021-08-27 11:05:01,863 : SUCCESS : Andre Roberson = (57, 20) = 203460.csv
INFO : 2021-08-27 11:05:43,424 : SUCCESS : Andrew Wiggins = (310, 20) = 203952.csv
INFO : 2021-08-27 11:06:21,392 : SUCCESS : Anfernee Simons = (347, 20) = 1629014.csv
INFO : 2021-08-27 11:07:01,719 : SUCCESS : Ante Zizic = (129, 20) = 1627790.csv
INFO : 2021-08-27 11:07:40,514 : SUCCESS : Anthony Davis = (333, 20) = 203076.csv
INFO : 2021-08-27 11:08:12,126 : SUCCESS : Anthony Tolliver = (308, 20) = 201229.csv
INFO : 2021-08-27 11:08:50,656 : SUCCESS : Antonius Cleveland = (50, 20) = 1628499.csv
INFO : 2021-08-27 11:09:32,257 : SUCCESS : Anzejs Pasecniks = (181, 20) = 1628394.csv
INFO : 2021-08-27 11:10:09,849 : SUCCESS : Aron Baynes = (263, 20) = 203382.csv
INFO : 2021-08-27 11:10:46,961 : SUCCESS : Austin Rivers = (371, 20) = 203085.csv
INFO : 2021-08-27 11:11:39,671 : SUCCESS : Avery Bradley = (278, 20) = 202340.csv
INFO : 2021-08-27 11:12:02,736 : SUCCESS : B.J. Johnson = (62, 20) = 1629168.csv
INFO : 2021-08-27 11:12:45,673 : SUCCESS : Bam Adebayo = (379, 20) = 1628389.csv
INFO : 2021-08-27 11:13:21,916 : SUCCESS : Ben McLemore = (362, 20) = 203463.csv
INFO : 2021-08-27 11:13:58,699 : SUCCESS : Ben Simmons = (310, 20) = 1627732.csv
INFO : 2021-08-27 11:14:44,811 : SUCCESS : Bismack Biyombo = (279, 20) = 202687.csv
INFO : 2021-08-27 11:15:19,496 : SUCCESS : Blake Griffin = (133, 20) = 201933.csv
INFO : 2021-08-27 11:16:00,062 : SUCCESS : Boban Marjanovic = (228, 20) = 1626246.csv
INFO : 2021-08-27 11:16:39,725 : SUCCESS : Bobby Portis = (343, 20) = 1626171.csv
INFO : 2021-08-27 11:17:29,837 : SUCCESS : Bogdan Bogdanovic = (338, 20) = 203992.csv
INFO : 2021-08-27 11:18:15,682 : SUCCESS : Bojan Bogdanovic = (324, 20) = 202711.csv
INFO : 2021-08-27 11:18:56,195 : SUCCESS : Bol Bol = (52, 20) = 1629626.csv
ERROR : 2021-08-27 11:19:15,158 : Brad Wanamaker = No tables found
ERROR : 2021-08-27 11:19:15,159 : Trying again...
INFO : 2021-08-27 11:19:59,630 : SUCCESS : Brad Wanamaker = (369, 20) = 202954.csv
INFO : 2021-08-27 11:20:33,755 : SUCCESS : Bradley Beal = (321, 20) = 203078.csv
INFO : 2021-08-27 11:21:06,988 : SUCCESS : Brandon Clarke = (337, 20) = 1629634.csv
INFO : 2021-08-27 11:21:43,246 : SUCCESS : Brandon Goodwin = (229, 20) = 1629164.csv
INFO : 2021-08-27 11:22:19,468 : SUCCESS : Brandon Ingram = (331, 20) = 1627742.csv
INFO : 2021-08-27 11:22:50,765 : SUCCESS : Brandon Knight = (179, 20) = 202688.csv
INFO : 2021-08-27 11:23:18,876 : SUCCESS : Brian Bowen II = (31, 20) = 1628968.csv
INFO : 2021-08-27 11:23:56,431 : SUCCESS : Brook Lopez = (345, 20) = 201572.csv
INFO : 2021-08-27 11:24:31,221 : SUCCESS : Bruce Brown = (312, 20) = 1628971.csv
INFO : 2021-08-27 11:25:09,465 : SUCCESS : Bruno Caboclo = (186, 20) = 203998.csv
INFO : 2021-08-27 11:25:42,277 : SUCCESS : Bruno Fernando = (310, 20) = 1628981.csv
INFO : 2021-08-27 11:26:13,314 : SUCCESS : Bryn Forbes = (313, 20) = 1627854.csv
INFO : 2021-08-27 11:26:59,113 : SUCCESS : Buddy Hield = (360, 20) = 1627741.csv
INFO : 2021-08-27 11:27:41,439 : SUCCESS : CJ McCollum = (358, 20) = 203468.csv
INFO : 2021-08-27 11:28:12,707 : SUCCESS : CJ Miles = (89, 20) = 101139.csv
INFO : 2021-08-27 11:28:50,898 : SUCCESS : Caleb Martin = (149, 20) = 1628997.csv
INFO : 2021-08-27 11:29:26,965 : SUCCESS : Caleb Swanigan = (181, 20) = 1628403.csv
INFO : 2021-08-27 11:30:10,163 : SUCCESS : Cam Reddish = (329, 20) = 1629629.csv
INFO : 2021-08-27 11:30:45,524 : SUCCESS : Cameron Johnson = (324, 20) = 1629661.csv
INFO : 2021-08-27 11:31:19,173 : SUCCESS : Cameron Payne = (76, 20) = 1626166.csv
INFO : 2021-08-27 11:31:59,477 : SUCCESS : Caris LeVert = (292, 20) = 1627747.csv
INFO : 2021-08-27 11:32:31,365 : SUCCESS : Carmelo Anthony = (330, 20) = 2546.csv
INFO : 2021-08-27 11:32:59,835 : SUCCESS : Carsen Edwards = (203, 20) = 1629035.csv
INFO : 2021-08-27 11:33:37,144 : SUCCESS : Cedi Osman = (318, 20) = 1626224.csv
INFO : 2021-08-27 11:34:28,667 : SUCCESS : Chandler Hutchison = (190, 20) = 1628990.csv
INFO : 2021-08-27 11:34:53,479 : SUCCESS : Chandler Parsons = (40, 20) = 202718.csv
INFO : 2021-08-27 11:35:16,665 : SUCCESS : Charlie Brown Jr. = (55, 20) = 1629718.csv
INFO : 2021-08-27 11:35:39,152 : SUCCESS : Chasson Randle = (27, 20) = 1626184.csv
INFO : 2021-08-27 11:36:05,718 : SUCCESS : Cheick Diallo = (255, 20) = 1627767.csv
INFO : 2021-08-27 11:36:39,456 : SUCCESS : Chimezie Metu = (97, 20) = 1629002.csv
INFO : 2021-08-27 11:37:19,114 : SUCCESS : Chris Boucher = (320, 20) = 1628449.csv
INFO : 2021-08-27 11:37:58,672 : SUCCESS : Chris Chiozza = (185, 20) = 1629185.csv
INFO : 2021-08-27 11:38:32,377 : SUCCESS : Chris Clemons = (201, 20) = 1629598.csv
INFO : 2021-08-27 11:39:09,532 : SUCCESS : Chris Paul = (355, 20) = 101108.csv
INFO : 2021-08-27 11:39:46,227 : SUCCESS : Chris Silva = (228, 20) = 1629735.csv
INFO : 2021-08-27 11:40:22,452 : SUCCESS : Christian Wood = (321, 20) = 1626174.csv
INFO : 2021-08-27 11:40:51,046 : SUCCESS : Clint Capela = (260, 20) = 203991.csv
INFO : 2021-08-27 11:41:45,755 : SUCCESS : Coby White = (341, 20) = 1629632.csv
INFO : 2021-08-27 11:42:22,904 : SUCCESS : Cody Martin = (293, 20) = 1628998.csv
INFO : 2021-08-27 11:43:05,539 : SUCCESS : Cody Zeller = (327, 20) = 203469.csv
INFO : 2021-08-27 11:43:42,754 : SUCCESS : Collin Sexton = (335, 20) = 1629012.csv
INFO : 2021-08-27 11:44:13,523 : SUCCESS : Corey Brewer = (31, 20) = 201147.csv
INFO : 2021-08-27 11:44:54,835 : SUCCESS : Cory Joseph = (363, 20) = 202709.csv
INFO : 2021-08-27 11:45:27,757 : SUCCESS : Courtney Lee = (154, 20) = 201584.csv
INFO : 2021-08-27 11:46:03,746 : SUCCESS : Cristiano Felicio = (164, 20) = 1626245.csv
INFO : 2021-08-27 11:46:45,220 : SUCCESS : D'Angelo Russell = (274, 20) = 1626156.csv
INFO : 2021-08-27 11:47:24,683 : SUCCESS : D.J. Augustin = (326, 20) = 201571.csv
INFO : 2021-08-27 11:47:52,236 : SUCCESS : D.J. Wilson = (200, 20) = 1628391.csv
INFO : 2021-08-27 11:48:32,825 : SUCCESS : DaQuan Jeffries = (89, 20) = 1629610.csv
INFO : 2021-08-27 11:49:35,207 : SUCCESS : Damian Jones = (307, 20) = 1627745.csv
INFO : 2021-08-27 11:50:16,357 : SUCCESS : Damian Lillard = (338, 20) = 203081.csv
INFO : 2021-08-27 11:50:52,437 : SUCCESS : Damion Lee = (311, 20) = 1627814.csv
INFO : 2021-08-27 11:51:28,647 : SUCCESS : Damyean Dotson = (305, 20) = 1628422.csv
INFO : 2021-08-27 11:52:08,629 : SUCCESS : Daniel Gafford = (256, 20) = 1629655.csv
INFO : 2021-08-27 11:52:36,755 : SUCCESS : Daniel Theis = (328, 20) = 1628464.csv
INFO : 2021-08-27 11:53:11,681 : SUCCESS : Danilo Gallinari = (317, 20) = 201568.csv
INFO : 2021-08-27 11:53:38,159 : SUCCESS : Danny Green = (333, 20) = 201980.csv
INFO : 2021-08-27 11:54:18,442 : SUCCESS : Dante Exum = (191, 20) = 203957.csv
INFO : 2021-08-27 11:54:54,478 : SUCCESS : Danuel House Jr. = (349, 20) = 1627863.csv
INFO : 2021-08-27 11:55:55,644 : SUCCESS : Dario Saric = (334, 20) = 203967.csv
INFO : 2021-08-27 11:56:25,585 : SUCCESS : Darius Bazley = (338, 20) = 1629647.csv
INFO : 2021-08-27 11:56:49,617 : SUCCESS : Darius Garland = (313, 20) = 1629636.csv
INFO : 2021-08-27 11:57:14,499 : SUCCESS : Daryl Macon = (19, 20) = 1629133.csv
INFO : 2021-08-27 11:57:36,303 : SUCCESS : David Nwaba = (166, 20) = 1628021.csv
INFO : 2021-08-27 11:57:57,213 : SUCCESS : Davis Bertans = (325, 20) = 202722.csv
INFO : 2021-08-27 11:58:18,312 : SUCCESS : De'Aaron Fox = (310, 20) = 1628368.csv
INFO : 2021-08-27 11:58:42,748 : SUCCESS : De'Andre Hunter = (334, 20) = 1629631.csv
INFO : 2021-08-27 11:59:14,443 : SUCCESS : De'Anthony Melton = (343, 20) = 1629001.csv
INFO : 2021-08-27 11:59:44,393 : SUCCESS : DeAndre Jordan = (309, 20) = 201599.csv
INFO : 2021-08-27 12:00:25,655 : SUCCESS : DeAndre' Bembry = (281, 20) = 1627761.csv
INFO : 2021-08-27 12:00:52,804 : SUCCESS : DeMar DeRozan = (338, 20) = 201942.csv
INFO : 2021-08-27 12:01:19,664 : SUCCESS : DeMarre Carroll = (182, 20) = 201960.csv
INFO : 2021-08-27 12:01:49,675 : SUCCESS : Dean Wade = (74, 20) = 1629731.csv
INFO : 2021-08-27 12:02:21,492 : SUCCESS : Deandre Ayton = (280, 20) = 1629028.csv
INFO : 2021-08-27 12:02:50,692 : SUCCESS : Dejounte Murray = (328, 20) = 1627749.csv
INFO : 2021-08-27 12:03:21,409 : SUCCESS : Delon Wright = (352, 20) = 1626153.csv
INFO : 2021-08-27 12:03:51,892 : SUCCESS : Dennis Schroder = (351, 20) = 203471.csv
INFO : 2021-08-27 12:04:25,118 : SUCCESS : Dennis Smith Jr. = (226, 20) = 1628372.csv
INFO : 2021-08-27 12:04:53,266 : SUCCESS : Denzel Valentine = (239, 20) = 1627756.csv
INFO : 2021-08-27 12:05:35,547 : SUCCESS : Deonte Burton = (202, 20) = 1629126.csv
INFO : 2021-08-27 12:06:15,156 : SUCCESS : Derrick Favors = (278, 20) = 202324.csv
INFO : 2021-08-27 12:06:53,071 : SUCCESS : Derrick Jones Jr. = (322, 20) = 1627884.csv
INFO : 2021-08-27 12:07:24,866 : SUCCESS : Derrick Rose = (290, 20) = 201565.csv
INFO : 2021-08-27 12:08:06,262 : SUCCESS : Derrick Walton = (152, 20) = 1628476.csv
INFO : 2021-08-27 12:08:51,893 : SUCCESS : Derrick White = (343, 20) = 1628401.csv
INFO : 2021-08-27 12:09:28,048 : SUCCESS : Devin Booker = (354, 20) = 1626164.csv
INFO : 2021-08-27 12:10:01,255 : SUCCESS : Devon Hall = (60, 20) = 1628985.csv
INFO : 2021-08-27 12:10:35,772 : SUCCESS : Devontae Cacok = (6, 20) = 1629719.csv
INFO : 2021-08-27 12:11:22,897 : SUCCESS : Devonte' Graham = (360, 20) = 1628984.csv
INFO : 2021-08-27 12:11:54,312 : SUCCESS : Dewan Hernandez = (30, 20) = 1629608.csv
INFO : 2021-08-27 12:12:32,668 : SUCCESS : Dewayne Dedmon = (278, 20) = 203473.csv
INFO : 2021-08-27 12:13:23,578 : SUCCESS : Dillon Brooks = (355, 20) = 1628415.csv
INFO : 2021-08-27 12:13:56,288 : SUCCESS : Dion Waiters = (91, 20) = 203079.csv
INFO : 2021-08-27 12:14:38,476 : SUCCESS : Domantas Sabonis = (341, 20) = 1627734.csv
INFO : 2021-08-27 12:15:21,200 : SUCCESS : Donovan Mitchell = (347, 20) = 1628378.csv
ERROR : 2021-08-27 12:15:40,509 : Donta Hall = No tables found
ERROR : 2021-08-27 12:15:40,509 : Trying again...
ERROR : 2021-08-27 12:15:52,055 : Donta Hall = No tables found
ERROR : 2021-08-27 12:15:52,056 : Trying again...
INFO : 2021-08-27 12:16:39,184 : SUCCESS : Donta Hall = (79, 20) = 1629743.csv
INFO : 2021-08-27 12:17:15,639 : SUCCESS : Donte DiVincenzo = (353, 20) = 1628978.csv
ERROR : 2021-08-27 12:22:20,581 : Dorian Finney-Smith = Message: timeout: Timed out receiving message from renderer: 298.471
  (Session info: chrome=92.0.4515.159)

ERROR : 2021-08-27 12:22:20,581 : Trying again...
INFO : 2021-08-27 12:23:10,278 : SUCCESS : Dorian Finney-Smith = (329, 20) = 1627827.csv
INFO : 2021-08-27 12:23:48,946 : SUCCESS : Doug McDermott = (354, 20) = 203926.csv
INFO : 2021-08-27 12:24:21,841 : SUCCESS : Dragan Bender = (143, 20) = 1627733.csv
INFO : 2021-08-27 12:24:58,290 : SUCCESS : Draymond Green = (284, 20) = 203110.csv
INFO : 2021-08-27 12:25:36,302 : SUCCESS : Drew Eubanks = (137, 20) = 1629234.csv
INFO : 2021-08-27 12:26:20,255 : SUCCESS : Duncan Robinson = (375, 20) = 1629130.csv
INFO : 2021-08-27 12:26:43,242 : SUCCESS : Dusty Hannahs = (11, 20) = 1628605.csv
ERROR : 2021-08-27 12:27:57,686 : Dwayne Bacon = No tables found
ERROR : 2021-08-27 12:27:57,686 : Trying again...
INFO : 2021-08-27 12:28:32,737 : SUCCESS : Dwayne Bacon = (283, 20) = 1628407.csv
INFO : 2021-08-27 12:29:11,380 : SUCCESS : Dwight Howard = (356, 20) = 2730.csv
INFO : 2021-08-27 12:29:47,039 : SUCCESS : Dwight Powell = (259, 20) = 203939.csv
INFO : 2021-08-27 12:30:25,055 : SUCCESS : Dzanan Musa = (230, 20) = 1629058.csv
INFO : 2021-08-27 12:31:04,714 : SUCCESS : E'Twaun Moore = (298, 20) = 202734.csv
INFO : 2021-08-27 12:31:40,882 : SUCCESS : Ed Davis = (177, 20) = 202334.csv
INFO : 2021-08-27 12:32:27,018 : SUCCESS : Edmond Sumner = (208, 20) = 1628410.csv
INFO : 2021-08-27 12:33:07,101 : SUCCESS : Elfrid Payton = (287, 20) = 203901.csv
ERROR : 2021-08-27 12:38:10,408 : Elie Okobo = Message: timeout: Timed out receiving message from renderer: 298.512
  (Session info: chrome=92.0.4515.159)

ERROR : 2021-08-27 12:38:10,409 : Trying again...
INFO : 2021-08-27 12:38:50,801 : SUCCESS : Elie Okobo = (313, 20) = 1629059.csv
INFO : 2021-08-27 12:39:19,629 : SUCCESS : Emmanuel Mudiay = (302, 20) = 1626144.csv
INFO : 2021-08-27 12:40:23,029 : SUCCESS : Enes Kanter = (326, 20) = 202683.csv
INFO : 2021-08-27 12:40:54,934 : SUCCESS : Eric Bledsoe = (346, 20) = 202339.csv
INFO : 2021-08-27 12:41:31,543 : SUCCESS : Eric Gordon = (242, 20) = 201569.csv
INFO : 2021-08-27 12:41:58,982 : SUCCESS : Eric Mika = (13, 20) = 1628450.csv
INFO : 2021-08-27 12:42:45,329 : SUCCESS : Eric Paschall = (357, 20) = 1629672.csv
INFO : 2021-08-27 12:43:21,803 : SUCCESS : Ersan Ilyasova = (339, 20) = 101141.csv
INFO : 2021-08-27 12:43:57,713 : SUCCESS : Evan Fournier = (333, 20) = 203095.csv
INFO : 2021-08-27 12:44:40,605 : SUCCESS : Evan Turner = (149, 20) = 202323.csv
INFO : 2021-08-27 12:45:12,011 : SUCCESS : Frank Jackson = (294, 20) = 1628402.csv
INFO : 2021-08-27 12:45:44,058 : SUCCESS : Frank Kaminsky = (252, 20) = 1626163.csv
INFO : 2021-08-27 12:46:16,352 : SUCCESS : Frank Mason III = (61, 20) = 1628412.csv
INFO : 2021-08-27 12:47:20,187 : SUCCESS : Frank Ntilikina = (309, 20) = 1628373.csv
INFO : 2021-08-27 12:48:03,401 : SUCCESS : Fred VanVleet = (310, 20) = 1627832.csv
INFO : 2021-08-27 12:48:33,569 : SUCCESS : Furkan Korkmaz = (357, 20) = 1627788.csv
INFO : 2021-08-27 12:49:03,236 : SUCCESS : Gabe Vincent = (55, 20) = 1629216.csv
INFO : 2021-08-27 12:49:46,047 : SUCCESS : Garrett Temple = (337, 20) = 202066.csv
INFO : 2021-08-27 12:50:14,795 : SUCCESS : Garrison Mathews = (130, 20) = 1629726.csv
INFO : 2021-08-27 12:50:48,860 : SUCCESS : Gary Clark = (269, 20) = 1629109.csv
INFO : 2021-08-27 12:51:23,065 : SUCCESS : Gary Harris = (324, 20) = 203914.csv
INFO : 2021-08-27 12:51:53,495 : SUCCESS : Gary Payton II = (166, 20) = 1627780.csv
INFO : 2021-08-27 12:52:34,205 : SUCCESS : Gary Trent Jr. = (324, 20) = 1629018.csv
INFO : 2021-08-27 12:53:30,635 : SUCCESS : George Hill = (330, 20) = 201588.csv
INFO : 2021-08-27 12:54:05,097 : SUCCESS : Georges Niang = (358, 20) = 1627777.csv
INFO : 2021-08-27 12:54:39,771 : SUCCESS : Giannis Antetokounmpo = (341, 20) = 203507.csv
INFO : 2021-08-27 12:55:17,949 : SUCCESS : Glenn Robinson III = (345, 20) = 203922.csv
INFO : 2021-08-27 12:55:53,988 : SUCCESS : Goga Bitadze = (269, 20) = 1629048.csv
INFO : 2021-08-27 12:56:31,132 : SUCCESS : Goran Dragic = (354, 20) = 201609.csv
INFO : 2021-08-27 12:56:56,654 : SUCCESS : Gordon Hayward = (301, 20) = 202330.csv
INFO : 2021-08-27 12:57:36,472 : SUCCESS : Gorgui Dieng = (318, 20) = 203476.csv
INFO : 2021-08-27 12:58:29,549 : SUCCESS : Grant Williams = (360, 20) = 1629684.csv
INFO : 2021-08-27 12:59:11,940 : SUCCESS : Grayson Allen = (257, 20) = 1628960.csv
INFO : 2021-08-27 12:59:47,473 : SUCCESS : Hamidou Diallo = (301, 20) = 1628977.csv
INFO : 2021-08-27 13:00:26,179 : SUCCESS : Harrison Barnes = (362, 20) = 203084.csv
INFO : 2021-08-27 13:01:03,854 : SUCCESS : Harry Giles III = (275, 20) = 1628385.csv
INFO : 2021-08-27 13:01:40,042 : SUCCESS : Hassan Whiteside = (316, 20) = 202355.csv
INFO : 2021-08-27 13:02:03,475 : SUCCESS : Henry Ellenson = (28, 20) = 1627740.csv
INFO : 2021-08-27 13:02:42,076 : SUCCESS : Ian Mahinmi = (195, 20) = 101133.csv
INFO : 2021-08-27 13:03:11,282 : SUCCESS : Ignas Brazdeikis = (58, 20) = 1629649.csv
INFO : 2021-08-27 13:03:44,863 : SUCCESS : Iman Shumpert = (98, 20) = 202697.csv
INFO : 2021-08-27 13:04:25,352 : SUCCESS : Isaac Bonga = (352, 20) = 1629067.csv
INFO : 2021-08-27 13:04:56,354 : SUCCESS : Isaiah Hartenstein = (159, 20) = 1628392.csv
INFO : 2021-08-27 13:05:28,214 : SUCCESS : Isaiah Roby = (13, 20) = 1629676.csv
INFO : 2021-08-27 13:06:30,872 : SUCCESS : Isaiah Thomas = (245, 20) = 202738.csv
INFO : 2021-08-27 13:07:05,962 : SUCCESS : Ish Smith = (354, 20) = 202397.csv
INFO : 2021-08-27 13:07:38,275 : SUCCESS : Ivica Zubac = (313, 20) = 1627826.csv
INFO : 2021-08-27 13:08:14,399 : SUCCESS : J.J. Barea = (204, 20) = 200826.csv
INFO : 2021-08-27 13:08:40,649 : SUCCESS : J.P. Macura = (1, 20) = 1629122.csv
INFO : 2021-08-27 13:09:11,995 : SUCCESS : JJ Redick = (301, 20) = 200755.csv
INFO : 2021-08-27 13:09:43,474 : SUCCESS : JR Smith = (56, 20) = 2747.csv
INFO : 2021-08-27 13:10:25,393 : SUCCESS : Ja Morant = (354, 20) = 1629630.csv
INFO : 2021-08-27 13:10:53,473 : SUCCESS : JaKarr Sampson = (192, 20) = 203960.csv
INFO : 2021-08-27 13:11:32,872 : SUCCESS : JaMychal Green = (335, 20) = 203210.csv
INFO : 2021-08-27 13:12:20,708 : SUCCESS : JaVale McGee = (304, 20) = 201580.csv
INFO : 2021-08-27 13:13:01,446 : SUCCESS : Jabari Parker = (281, 20) = 203953.csv
INFO : 2021-08-27 13:13:30,483 : SUCCESS : Jacob Evans = (218, 20) = 1628980.csv
INFO : 2021-08-27 13:14:08,185 : SUCCESS : Jae Crowder = (316, 20) = 203109.csv
INFO : 2021-08-27 13:14:37,723 : SUCCESS : Jahlil Okafor = (192, 20) = 1626143.csv
INFO : 2021-08-27 13:15:11,094 : SUCCESS : Jake Layman = (178, 20) = 1627774.csv
INFO : 2021-08-27 13:15:44,414 : SUCCESS : Jakob Poeltl = (323, 20) = 1627751.csv
INFO : 2021-08-27 13:16:26,050 : SUCCESS : Jalen Brunson = (316, 20) = 1628973.csv
INFO : 2021-08-27 13:16:58,312 : SUCCESS : Jalen Lecque = (34, 20) = 1629665.csv
INFO : 2021-08-27 13:17:31,650 : SUCCESS : Jalen McDaniels = (143, 20) = 1629667.csv
INFO : 2021-08-27 13:18:04,681 : SUCCESS : Jamal Crawford = (8, 20) = 2037.csv
INFO : 2021-08-27 13:18:44,058 : SUCCESS : Jamal Murray = (335, 20) = 1627750.csv
INFO : 2021-08-27 13:19:36,229 : SUCCESS : James Ennis III = (334, 20) = 203516.csv
INFO : 2021-08-27 13:20:08,709 : SUCCESS : James Harden = (366, 20) = 201935.csv
INFO : 2021-08-27 13:20:42,428 : SUCCESS : James Johnson = (203, 20) = 201949.csv
INFO : 2021-08-27 13:21:23,201 : SUCCESS : Jared Dudley = (246, 20) = 201162.csv
INFO : 2021-08-27 13:21:50,017 : SUCCESS : Jared Harper = (17, 20) = 1629607.csv
INFO : 2021-08-27 13:22:35,948 : SUCCESS : Jaren Jackson Jr. = (311, 20) = 1628991.csv
INFO : 2021-08-27 13:23:07,056 : SUCCESS : Jarred Vanderbilt = (58, 20) = 1629020.csv
INFO : 2021-08-27 13:23:35,443 : SUCCESS : Jarrell Brantley = (44, 20) = 1629714.csv
INFO : 2021-08-27 13:24:14,498 : SUCCESS : Jarrett Allen = (349, 20) = 1628386.csv
INFO : 2021-08-27 13:24:52,295 : SUCCESS : Jarrett Culver = (345, 20) = 1629633.csv
INFO : 2021-08-27 13:25:22,764 : SUCCESS : Jarrod Uthoff = (41, 20) = 1627784.csv
INFO : 2021-08-27 13:25:57,029 : SUCCESS : Javonte Green = (249, 20) = 1629750.csv
INFO : 2021-08-27 13:26:58,648 : SUCCESS : Jaxson Hayes = (341, 20) = 1629637.csv
INFO : 2021-08-27 13:27:20,414 : SUCCESS : Jaylen Brown = (334, 20) = 1627759.csv
INFO : 2021-08-27 13:27:57,424 : SUCCESS : Jaylen Hoard = (75, 20) = 1629658.csv
INFO : 2021-08-27 13:28:34,939 : SUCCESS : Jaylen Nowell = (103, 20) = 1629669.csv
INFO : 2021-08-27 13:29:13,547 : SUCCESS : Jayson Tatum = (344, 20) = 1628369.csv
INFO : 2021-08-27 13:29:42,879 : SUCCESS : Jeff Green = (281, 20) = 201145.csv
INFO : 2021-08-27 13:30:25,044 : SUCCESS : Jeff Teague = (336, 20) = 201952.csv
INFO : 2021-08-27 13:31:01,831 : SUCCESS : Jerami Grant = (365, 20) = 203924.csv
INFO : 2021-08-27 13:31:36,233 : SUCCESS : Jeremiah Martin = (59, 20) = 1629725.csv
INFO : 2021-08-27 13:32:14,572 : SUCCESS : Jeremy Lamb = (257, 20) = 203087.csv
INFO : 2021-08-27 13:32:42,617 : SUCCESS : Jeremy Pargo = (28, 20) = 202951.csv
INFO : 2021-08-27 13:33:30,742 : SUCCESS : Jerian Grant = (51, 20) = 1626170.csv
INFO : 2021-08-27 13:34:05,077 : SUCCESS : Jerome Robinson = (321, 20) = 1629010.csv
INFO : 2021-08-27 13:34:39,511 : SUCCESS : Jevon Carter = (338, 20) = 1628975.csv
INFO : 2021-08-27 13:35:16,824 : SUCCESS : Jimmy Butler = (326, 20) = 202710.csv
INFO : 2021-08-27 13:35:47,671 : SUCCESS : Joakim Noah = (32, 20) = 201149.csv
INFO : 2021-08-27 13:36:20,784 : SUCCESS : Joe Chealey = (30, 20) = 1629147.csv
INFO : 2021-08-27 13:36:54,581 : SUCCESS : Joe Harris = (340, 20) = 203925.csv
INFO : 2021-08-27 13:37:38,084 : SUCCESS : Joe Ingles = (352, 20) = 204060.csv
INFO : 2021-08-27 13:38:08,095 : SUCCESS : Joel Embiid = (294, 20) = 203954.csv
INFO : 2021-08-27 13:38:40,472 : SUCCESS : John Collins = (263, 20) = 1628381.csv
INFO : 2021-08-27 13:39:35,645 : SUCCESS : John Henson = (251, 20) = 203089.csv
INFO : 2021-08-27 13:40:13,366 : SUCCESS : John Konchar = (132, 20) = 1629723.csv
INFO : 2021-08-27 13:40:49,996 : SUCCESS : Johnathan Motley = (55, 20) = 1628405.csv
INFO : 2021-08-27 13:41:28,326 : SUCCESS : Johnathan Williams = (97, 20) = 1629140.csv
INFO : 2021-08-27 13:41:51,618 : SUCCESS : Jonah Bolden = (44, 20) = 1628413.csv
INFO : 2021-08-27 13:42:50,028 : SUCCESS : Jonas Valanciunas = (355, 20) = 202685.csv
INFO : 2021-08-27 13:43:21,030 : SUCCESS : Jonathan Isaac = (240, 20) = 1628371.csv
INFO : 2021-08-27 13:43:55,534 : SUCCESS : Jordan Bell = (177, 20) = 1628395.csv
INFO : 2021-08-27 13:44:31,589 : SUCCESS : Jordan Bone = (54, 20) = 1629648.csv
INFO : 2021-08-27 13:45:09,807 : SUCCESS : Jordan Clarkson = (335, 20) = 203903.csv
INFO : 2021-08-27 13:45:43,780 : SUCCESS : Jordan McLaughlin = (193, 20) = 1629162.csv
INFO : 2021-08-27 13:46:20,141 : SUCCESS : Jordan McRae = (252, 20) = 203895.csv
INFO : 2021-08-27 13:46:52,743 : SUCCESS : Jordan Poole = (345, 20) = 1629673.csv
INFO : 2021-08-27 13:47:52,437 : SUCCESS : Josh Hart = (346, 20) = 1628404.csv
INFO : 2021-08-27 13:48:26,448 : SUCCESS : Josh Jackson = (163, 20) = 1628367.csv
INFO : 2021-08-27 13:49:05,738 : SUCCESS : Josh Magette = (32, 20) = 203705.csv
INFO : 2021-08-27 13:49:46,132 : SUCCESS : Josh Okogie = (334, 20) = 1629006.csv
INFO : 2021-08-27 13:50:16,768 : SUCCESS : Josh Reaves = (23, 20) = 1629729.csv
INFO : 2021-08-27 13:50:43,383 : SUCCESS : Josh Richardson = (313, 20) = 1626196.csv
INFO : 2021-08-27 13:51:08,782 : SUCCESS : Joshia Grey = (16, 20) = 1627982.csv
INFO : 2021-08-27 13:51:51,866 : SUCCESS : Jrue Holiday = (327, 20) = 201950.csv
INFO : 2021-08-27 13:52:12,587 : SUCCESS : Juan Toscano-Anderson = (50, 20) = 1629308.csv
INFO : 2021-08-27 13:52:57,318 : SUCCESS : Juancho Hernangomez = (287, 20) = 1627823.csv
INFO : 2021-08-27 13:53:26,793 : SUCCESS : Julius Randle = (332, 20) = 203944.csv
INFO : 2021-08-27 13:53:47,038 : SUCCESS : Justin Anderson = (76, 20) = 1626147.csv
INFO : 2021-08-27 13:54:17,902 : SUCCESS : Justin Holiday = (355, 20) = 203200.csv
INFO : 2021-08-27 13:54:59,477 : SUCCESS : Justin Jackson = (334, 20) = 1628382.csv
INFO : 2021-08-27 13:55:57,154 : SUCCESS : Justin James = (176, 20) = 1629713.csv
INFO : 2021-08-27 13:56:33,917 : SUCCESS : Justin Patton = (28, 20) = 1628383.csv
INFO : 2021-08-27 13:57:11,176 : SUCCESS : Justin Robinson = (50, 20) = 1629620.csv
INFO : 2021-08-27 13:57:37,576 : SUCCESS : Justin Wright-Foreman = (22, 20) = 1629625.csv
INFO : 2021-08-27 13:58:08,717 : SUCCESS : Justise Winslow = (113, 20) = 1626159.csv
INFO : 2021-08-27 13:58:42,865 : SUCCESS : Jusuf Nurkic = (79, 20) = 203994.csv
INFO : 2021-08-27 13:59:09,283 : SUCCESS : Juwan Morgan = (99, 20) = 1629752.csv
INFO : 2021-08-27 13:59:31,668 : SUCCESS : KZ Okpala = (20, 20) = 1629644.csv
INFO : 2021-08-27 14:00:14,818 : SUCCESS : Kadeem Allen = (73, 20) = 1628443.csv
INFO : 2021-08-27 14:00:41,378 : SUCCESS : Karl-Anthony Towns = (250, 20) = 1626157.csv
INFO : 2021-08-27 14:01:14,453 : SUCCESS : Kawhi Leonard = (294, 20) = 202695.csv
INFO : 2021-08-27 14:01:45,249 : SUCCESS : Keita Bates-Diop = (259, 20) = 1628966.csv
INFO : 2021-08-27 14:02:22,494 : SUCCESS : Kelan Martin = (215, 20) = 1629103.csv
INFO : 2021-08-27 14:03:00,393 : SUCCESS : Keldon Johnson = (124, 20) = 1629640.csv
INFO : 2021-08-27 14:03:42,295 : SUCCESS : Kelly Olynyk = (366, 20) = 203482.csv
INFO : 2021-08-27 14:04:18,131 : SUCCESS : Kelly Oubre Jr. = (327, 20) = 1626162.csv
INFO : 2021-08-27 14:04:51,047 : SUCCESS : Kemba Walker = (313, 20) = 202689.csv
INFO : 2021-08-27 14:05:52,430 : SUCCESS : Kendrick Nunn = (364, 20) = 1629134.csv
INFO : 2021-08-27 14:06:27,033 : SUCCESS : Kenrich Williams = (243, 20) = 1629026.csv
INFO : 2021-08-27 14:07:02,818 : SUCCESS : Kent Bazemore = (346, 20) = 203145.csv
INFO : 2021-08-27 14:07:40,014 : SUCCESS : Kentavious Caldwell-Pope = (357, 20) = 203484.csv
INFO : 2021-08-27 14:08:09,564 : SUCCESS : Kevin Hervey = (51, 20) = 1628987.csv
INFO : 2021-08-27 14:08:42,649 : SUCCESS : Kevin Huerter = (317, 20) = 1628989.csv
INFO : 2021-08-27 14:09:21,479 : SUCCESS : Kevin Knox II = (341, 20) = 1628995.csv
INFO : 2021-08-27 14:09:52,478 : SUCCESS : Kevin Love = (283, 20) = 201567.csv
INFO : 2021-08-27 14:10:29,776 : SUCCESS : Kevin Porter Jr. = (297, 20) = 1629645.csv
INFO : 2021-08-27 14:10:59,211 : SUCCESS : Kevon Looney = (168, 20) = 1626172.csv
INFO : 2021-08-27 14:11:48,404 : SUCCESS : Khem Birch = (268, 20) = 203920.csv
INFO : 2021-08-27 14:12:24,660 : SUCCESS : Khris Middleton = (347, 20) = 203114.csv
INFO : 2021-08-27 14:12:57,491 : SUCCESS : Khyri Thomas = (54, 20) = 1629017.csv
INFO : 2021-08-27 14:13:25,385 : SUCCESS : Kostas Antetokounmpo = (29, 20) = 1628961.csv
INFO : 2021-08-27 14:14:05,780 : SUCCESS : Kris Dunn = (289, 20) = 1627739.csv
INFO : 2021-08-27 14:14:36,120 : SUCCESS : Kristaps Porzingis = (293, 20) = 204001.csv
INFO : 2021-08-27 14:15:10,943 : SUCCESS : Ky Bowman = (269, 20) = 1629065.csv
INFO : 2021-08-27 14:15:39,320 : SUCCESS : Kyle Alexander = (11, 20) = 1629734.csv
INFO : 2021-08-27 14:16:22,404 : SUCCESS : Kyle Anderson = (348, 20) = 203937.csv
INFO : 2021-08-27 14:16:39,947 : SUCCESS : Kyle Guy = (12, 20) = 1629657.csv
INFO : 2021-08-27 14:17:01,413 : SUCCESS : Kyle Korver = (329, 20) = 2594.csv
INFO : 2021-08-27 14:17:23,390 : SUCCESS : Kyle Kuzma = (347, 20) = 1628398.csv
INFO : 2021-08-27 14:18:06,612 : SUCCESS : Kyle Lowry = (331, 20) = 200768.csv
INFO : 2021-08-27 14:18:32,376 : SUCCESS : Kyle O'Quinn = (181, 20) = 203124.csv
INFO : 2021-08-27 14:18:54,095 : SUCCESS : Kyrie Irving = (168, 20) = 202681.csv
INFO : 2021-08-27 14:19:22,040 : SUCCESS : LaMarcus Aldridge = (289, 20) = 200746.csv
INFO : 2021-08-27 14:19:44,759 : SUCCESS : Lance Thomas = (49, 20) = 202498.csv
INFO : 2021-08-27 14:20:13,761 : SUCCESS : Landry Shamet = (314, 20) = 1629013.csv
INFO : 2021-08-27 14:20:32,397 : SUCCESS : Langston Galloway = (334, 20) = 204038.csv
INFO : 2021-08-27 14:20:55,364 : SUCCESS : Larry Nance Jr. = (313, 20) = 1626204.csv
INFO : 2021-08-27 14:21:22,353 : SUCCESS : Lauri Markkanen = (289, 20) = 1628374.csv
INFO : 2021-08-27 14:21:42,512 : SUCCESS : LeBron James = (350, 20) = 2544.csv
INFO : 2021-08-27 14:22:01,228 : SUCCESS : Lonnie Walker IV = (320, 20) = 1629022.csv
INFO : 2021-08-27 14:22:41,632 : SUCCESS : Lonzo Ball = (336, 20) = 1628366.csv
INFO : 2021-08-27 14:23:11,766 : SUCCESS : Lou Williams = (340, 20) = 101150.csv
INFO : 2021-08-27 14:23:33,332 : SUCCESS : Louis King = (66, 20) = 1629663.csv
INFO : 2021-08-27 14:23:53,227 : SUCCESS : Luc Mbah a Moute = (22, 20) = 201601.csv
INFO : 2021-08-27 14:24:12,920 : SUCCESS : Luguentz Dort = (261, 20) = 1629652.csv
INFO : 2021-08-27 14:24:32,728 : SUCCESS : Luka Doncic = (310, 20) = 1629029.csv
INFO : 2021-08-27 14:24:51,798 : SUCCESS : Luka Samanic = (18, 20) = 1629677.csv
INFO : 2021-08-27 14:25:19,973 : SUCCESS : Luke Kennard = (182, 20) = 1628379.csv
INFO : 2021-08-27 14:25:45,812 : SUCCESS : Luke Kornet = (231, 20) = 1628436.csv
INFO : 2021-08-27 14:26:11,371 : SUCCESS : Malcolm Brogdon = (309, 20) = 1627763.csv
INFO : 2021-08-27 14:26:35,486 : SUCCESS : Malcolm Miller = (141, 20) = 1626259.csv
INFO : 2021-08-27 14:27:01,435 : SUCCESS : Malik Beasley = (317, 20) = 1627736.csv
INFO : 2021-08-27 14:27:44,924 : SUCCESS : Malik Monk = (333, 20) = 1628370.csv
INFO : 2021-08-27 14:28:07,838 : SUCCESS : Malik Newman = (5, 20) = 1629005.csv
INFO : 2021-08-27 14:28:34,300 : SUCCESS : Marc Gasol = (283, 20) = 201188.csv
INFO : 2021-08-27 14:28:49,630 : SUCCESS : Marco Belinelli = (316, 20) = 201158.csv
INFO : 2021-08-27 14:29:12,105 : SUCCESS : Marcus Morris Sr. = (322, 20) = 202694.csv
INFO : 2021-08-27 14:29:35,170 : SUCCESS : Marcus Smart = (345, 20) = 203935.csv
INFO : 2021-08-27 14:29:59,036 : SUCCESS : Marial Shayok = (26, 20) = 1629621.csv
INFO : 2021-08-27 14:30:26,929 : SUCCESS : Mario Hezonja = (298, 20) = 1626209.csv
INFO : 2021-08-27 14:30:55,302 : SUCCESS : Markelle Fultz = (350, 20) = 1628365.csv
INFO : 2021-08-27 14:31:23,233 : SUCCESS : Markieff Morris = (292, 20) = 202693.csv
INFO : 2021-08-27 14:31:48,425 : SUCCESS : Marko Guduric = (247, 20) = 1629741.csv
INFO : 2021-08-27 14:32:08,821 : SUCCESS : Marques Bolden = (5, 20) = 1629716.csv
INFO : 2021-08-27 14:32:55,183 : SUCCESS : Marquese Chriss = (339, 20) = 1627737.csv
INFO : 2021-08-27 14:33:16,765 : SUCCESS : Marvin Bagley III = (127, 20) = 1628963.csv
INFO : 2021-08-27 14:33:42,126 : SUCCESS : Marvin Williams = (332, 20) = 101107.csv
INFO : 2021-08-27 14:34:07,345 : SUCCESS : Mason Plumlee = (346, 20) = 203486.csv
INFO : 2021-08-27 14:34:31,464 : SUCCESS : Matisse Thybulle = (344, 20) = 1629680.csv
INFO : 2021-08-27 14:34:52,782 : SUCCESS : Matt Mooney = (24, 20) = 1629760.csv
INFO : 2021-08-27 14:35:20,763 : SUCCESS : Matt Thomas = (246, 20) = 1629744.csv
INFO : 2021-08-27 14:35:45,140 : SUCCESS : Matthew Dellavedova = (270, 20) = 203521.csv
INFO : 2021-08-27 14:36:08,237 : SUCCESS : Maurice Harkless = (318, 20) = 203090.csv
INFO : 2021-08-27 14:36:25,605 : SUCCESS : Max Strus = (10, 20) = 1629622.csv
INFO : 2021-08-27 14:37:08,773 : SUCCESS : Maxi Kleber = (349, 20) = 1628467.csv
INFO : 2021-08-27 14:37:31,167 : SUCCESS : Melvin Frazier = (87, 20) = 1628982.csv
INFO : 2021-08-27 14:38:01,087 : SUCCESS : Meyers Leonard = (290, 20) = 203086.csv
INFO : 2021-08-27 14:38:20,898 : SUCCESS : Mfiondu Kabengele = (64, 20) = 1629662.csv
INFO : 2021-08-27 14:38:48,154 : SUCCESS : Michael Carter-Williams = (304, 20) = 203487.csv
INFO : 2021-08-27 14:39:13,139 : SUCCESS : Michael Frazier II = (101, 20) = 1626187.csv
INFO : 2021-08-27 14:39:39,344 : SUCCESS : Michael Kidd-Gilchrist = (182, 20) = 203077.csv
INFO : 2021-08-27 14:40:07,452 : SUCCESS : Michael Porter Jr. = (324, 20) = 1629008.csv
INFO : 2021-08-27 14:40:28,993 : SUCCESS : Mikal Bridges = (364, 20) = 1628969.csv
INFO : 2021-08-27 14:40:54,706 : SUCCESS : Mike Conley = (279, 20) = 201144.csv
INFO : 2021-08-27 14:41:20,945 : SUCCESS : Mike Muscala = (268, 20) = 203488.csv
INFO : 2021-08-27 14:41:59,584 : SUCCESS : Mike Scott = (345, 20) = 203118.csv
INFO : 2021-08-27 14:42:26,197 : SUCCESS : Miles Bridges = (363, 20) = 1628970.csv
INFO : 2021-08-27 14:42:53,576 : SUCCESS : Mitchell Robinson = (355, 20) = 1629011.csv
INFO : 2021-08-27 14:43:12,262 : SUCCESS : Miye Oni = (61, 20) = 1629671.csv
INFO : 2021-08-27 14:43:39,716 : SUCCESS : Mo Bamba = (330, 20) = 1628964.csv
INFO : 2021-08-27 14:44:03,958 : SUCCESS : Monte Morris = (368, 20) = 1628420.csv
INFO : 2021-08-27 14:44:29,902 : SUCCESS : Montrezl Harrell = (339, 20) = 1626149.csv
INFO : 2021-08-27 14:45:00,424 : SUCCESS : Moritz Wagner = (308, 20) = 1629021.csv
INFO : 2021-08-27 14:45:24,051 : SUCCESS : Moses Brown = (42, 20) = 1629650.csv
INFO : 2021-08-27 14:45:45,490 : SUCCESS : Mychal Mulder = (75, 20) = 1628539.csv
INFO : 2021-08-27 14:46:30,473 : SUCCESS : Myles Turner = (326, 20) = 1626167.csv
INFO : 2021-08-27 14:46:59,817 : SUCCESS : Nassir Little = (269, 20) = 1629642.csv
INFO : 2021-08-27 14:47:13,856 : SUCCESS : Naz Mitrou-Long = (32, 20) = 1628513.csv
INFO : 2021-08-27 14:47:41,118 : SUCCESS : Naz Reid = (209, 20) = 1629675.csv
INFO : 2021-08-27 14:48:03,187 : SUCCESS : Nemanja Bjelica = (352, 20) = 202357.csv
INFO : 2021-08-27 14:48:27,385 : SUCCESS : Nerlens Noel = (331, 20) = 203457.csv
INFO : 2021-08-27 14:48:53,723 : SUCCESS : Nickeil Alexander-Walker = (266, 20) = 1629638.csv
INFO : 2021-08-27 14:49:21,789 : SUCCESS : Nicolas Batum = (160, 20) = 201587.csv
INFO : 2021-08-27 14:49:47,932 : SUCCESS : Nicolas Claxton = (128, 20) = 1629651.csv
INFO : 2021-08-27 14:50:15,452 : SUCCESS : Nicolo Melli = (311, 20) = 1629740.csv
INFO : 2021-08-27 14:50:32,680 : SUCCESS : Nigel Williams-Goss = (47, 20) = 1628430.csv
INFO : 2021-08-27 14:51:17,476 : SUCCESS : Nikola Jokic = (360, 20) = 203999.csv
INFO : 2021-08-27 14:51:49,692 : SUCCESS : Nikola Vucevic = (338, 20) = 202696.csv
INFO : 2021-08-27 14:52:08,317 : SUCCESS : Noah Vonleh = (239, 20) = 203943.csv
INFO : 2021-08-27 14:52:24,713 : SUCCESS : Norman Powell = (318, 20) = 1626181.csv
INFO : 2021-08-27 14:52:48,870 : SUCCESS : Norvel Pelle = (153, 20) = 203658.csv
INFO : 2021-08-27 14:53:18,427 : SUCCESS : OG Anunoby = (341, 20) = 1628384.csv
INFO : 2021-08-27 14:53:42,132 : SUCCESS : Omari Spellman = (328, 20) = 1629016.csv
INFO : 2021-08-27 14:54:06,952 : SUCCESS : Oshae Brissett = (106, 20) = 1629052.csv
INFO : 2021-08-27 14:54:29,074 : SUCCESS : Otto Porter Jr. = (118, 20) = 203490.csv
INFO : 2021-08-27 14:54:52,488 : SUCCESS : P.J. Tucker = (366, 20) = 200782.csv
INFO : 2021-08-27 14:55:37,333 : SUCCESS : P.J. Washington = (351, 20) = 1629023.csv
INFO : 2021-08-27 14:55:54,485 : SUCCESS : PJ Dozier = (187, 20) = 1628408.csv
INFO : 2021-08-27 14:56:21,735 : SUCCESS : Pascal Siakam = (336, 20) = 1627783.csv
INFO : 2021-08-27 14:56:48,868 : SUCCESS : Pat Connaughton = (369, 20) = 1626192.csv
INFO : 2021-08-27 14:57:13,160 : SUCCESS : Patrick Beverley = (273, 20) = 201976.csv
INFO : 2021-08-27 14:57:44,386 : SUCCESS : Patrick McCaw = (239, 20) = 1627775.csv
INFO : 2021-08-27 14:58:14,344 : SUCCESS : Patrick Patterson = (287, 20) = 202335.csv
INFO : 2021-08-27 14:58:37,815 : SUCCESS : Patty Mills = (335, 20) = 201988.csv
INFO : 2021-08-27 14:59:03,301 : SUCCESS : Paul George = (291, 20) = 202331.csv
INFO : 2021-08-27 14:59:23,581 : SUCCESS : Paul Millsap = (298, 20) = 200794.csv
INFO : 2021-08-27 14:59:48,582 : SUCCESS : Paul Watson = (56, 20) = 1628778.csv
INFO : 2021-08-27 15:00:33,602 : SUCCESS : Quinn Cook = (261, 20) = 1626188.csv
INFO : 2021-08-27 15:01:00,905 : SUCCESS : Quinndary Weatherspoon = (60, 20) = 1629683.csv
INFO : 2021-08-27 15:01:23,492 : SUCCESS : RJ Barrett = (331, 20) = 1629628.csv
INFO : 2021-08-27 15:01:47,139 : SUCCESS : Rajon Rondo = (277, 20) = 200765.csv
INFO : 2021-08-27 15:02:13,595 : SUCCESS : Raul Neto = (275, 20) = 203526.csv
INFO : 2021-08-27 15:02:36,687 : SUCCESS : Rayjon Tucker = (113, 20) = 1629730.csv
INFO : 2021-08-27 15:03:04,759 : SUCCESS : Reggie Bullock = (210, 20) = 203493.csv
INFO : 2021-08-27 15:03:27,817 : SUCCESS : Reggie Jackson = (233, 20) = 202704.csv
INFO : 2021-08-27 15:03:52,949 : SUCCESS : Richaun Holmes = (278, 20) = 1626158.csv
INFO : 2021-08-27 15:04:19,954 : SUCCESS : Ricky Rubio = (344, 20) = 201937.csv
INFO : 2021-08-27 15:04:45,392 : SUCCESS : Robert Covington = (360, 20) = 203496.csv
INFO : 2021-08-27 15:05:23,555 : SUCCESS : Robert Williams III = (212, 20) = 1629057.csv
INFO : 2021-08-27 15:05:54,958 : SUCCESS : Robin Lopez = (355, 20) = 201577.csv
INFO : 2021-08-27 15:06:18,576 : SUCCESS : Rodions Kurucs = (281, 20) = 1629066.csv
INFO : 2021-08-27 15:06:42,453 : SUCCESS : Rodney Hood = (150, 20) = 203918.csv
INFO : 2021-08-27 15:07:09,605 : SUCCESS : Rodney McGruder = (304, 20) = 203585.csv
INFO : 2021-08-27 15:07:33,259 : SUCCESS : Romeo Langford = (192, 20) = 1629641.csv
INFO : 2021-08-27 15:07:59,459 : SUCCESS : Rondae Hollis-Jefferson = (319, 20) = 1626178.csv
INFO : 2021-08-27 15:08:26,304 : SUCCESS : Royce O'Neale = (347, 20) = 1626220.csv
INFO : 2021-08-27 15:08:44,575 : SUCCESS : Rudy Gay = (337, 20) = 200752.csv
INFO : 2021-08-27 15:09:23,534 : SUCCESS : Rudy Gobert = (337, 20) = 203497.csv
INFO : 2021-08-27 15:09:49,103 : SUCCESS : Rui Hachimura = (294, 20) = 1629060.csv
INFO : 2021-08-27 15:10:15,668 : SUCCESS : Russell Westbrook = (321, 20) = 201566.csv
INFO : 2021-08-27 15:10:39,154 : SUCCESS : Ryan Anderson = (13, 20) = 201583.csv
INFO : 2021-08-27 15:11:05,564 : SUCCESS : Ryan Arcidiacono = (303, 20) = 1627853.csv
INFO : 2021-08-27 15:11:30,354 : SUCCESS : Ryan Broekhoff = (108, 20) = 1629151.csv
INFO : 2021-08-27 15:11:57,821 : SUCCESS : Sekou Doumbouya = (237, 20) = 1629635.csv
INFO : 2021-08-27 15:12:25,208 : SUCCESS : Semi Ojeleye = (340, 20) = 1628400.csv
INFO : 2021-08-27 15:12:41,162 : SUCCESS : Serge Ibaka = (309, 20) = 201586.csv
INFO : 2021-08-27 15:13:08,400 : SUCCESS : Seth Curry = (327, 20) = 203552.csv
INFO : 2021-08-27 15:13:32,639 : SUCCESS : Shabazz Napier = (300, 20) = 203894.csv
INFO : 2021-08-27 15:14:16,091 : SUCCESS : Shai Gilgeous-Alexander = (361, 20) = 1628983.csv
INFO : 2021-08-27 15:14:43,314 : SUCCESS : Shake Milton = (247, 20) = 1629003.csv
INFO : 2021-08-27 15:15:07,589 : SUCCESS : Shamorie Ponds = (18, 20) = 1629044.csv
INFO : 2021-08-27 15:15:34,568 : SUCCESS : Shaquille Harrison = (227, 20) = 1627885.csv
INFO : 2021-08-27 15:16:00,182 : SUCCESS : Sindarius Thornwell = (19, 20) = 1628414.csv
INFO : 2021-08-27 15:16:27,145 : SUCCESS : Skal Labissiere = (236, 20) = 1627746.csv
INFO : 2021-08-27 15:16:53,753 : SUCCESS : Solomon Hill = (305, 20) = 203524.csv
INFO : 2021-08-27 15:17:13,234 : SUCCESS : Spencer Dinwiddie = (344, 20) = 203915.csv
INFO : 2021-08-27 15:17:31,883 : SUCCESS : Stanley Johnson = (121, 20) = 1626169.csv
INFO : 2021-08-27 15:17:55,617 : SUCCESS : Stanton Kidd = (18, 20) = 1629742.csv
INFO : 2021-08-27 15:18:20,657 : SUCCESS : Stephen Curry = (48, 20) = 201939.csv
INFO : 2021-08-27 15:18:48,673 : SUCCESS : Sterling Brown = (310, 20) = 1628425.csv
INFO : 2021-08-27 15:19:16,062 : SUCCESS : Steven Adams = (331, 20) = 203500.csv
INFO : 2021-08-27 15:19:43,380 : SUCCESS : Svi Mykhailiuk = (316, 20) = 1629004.csv
INFO : 2021-08-27 15:20:06,642 : SUCCESS : T.J. Leaf = (146, 20) = 1628388.csv
INFO : 2021-08-27 15:20:57,918 : SUCCESS : T.J. McConnell = (350, 20) = 204456.csv
INFO : 2021-08-27 15:21:15,302 : SUCCESS : T.J. Warren = (340, 20) = 203933.csv
INFO : 2021-08-27 15:21:37,677 : SUCCESS : Tacko Fall = (40, 20) = 1629605.csv
INFO : 2021-08-27 15:21:59,222 : SUCCESS : Taj Gibson = (298, 20) = 201959.csv
INFO : 2021-08-27 15:22:19,789 : SUCCESS : Talen Horton-Tucker = (43, 20) = 1629659.csv
INFO : 2021-08-27 15:22:45,748 : SUCCESS : Tariq Owens = (17, 20) = 1629745.csv
INFO : 2021-08-27 15:23:19,194 : SUCCESS : Taurean Prince = (333, 20) = 1627752.csv
INFO : 2021-08-27 15:23:45,435 : SUCCESS : Terance Mann = (198, 20) = 1629611.csv
INFO : 2021-08-27 15:24:14,084 : SUCCESS : Terence Davis = (360, 20) = 1629056.csv
INFO : 2021-08-27 15:24:37,588 : SUCCESS : Terrance Ferguson = (313, 20) = 1628390.csv
INFO : 2021-08-27 15:25:02,194 : SUCCESS : Terrence Ross = (363, 20) = 203082.csv
INFO : 2021-08-27 15:25:33,596 : SUCCESS : Terry Rozier = (348, 20) = 1626179.csv
INFO : 2021-08-27 15:25:55,755 : SUCCESS : Thabo Sefolosha = (245, 20) = 200757.csv
INFO : 2021-08-27 15:26:21,227 : SUCCESS : Thaddeus Young = (329, 20) = 201152.csv
INFO : 2021-08-27 15:26:44,806 : SUCCESS : Thanasis Antetokounmpo = (95, 20) = 203648.csv
INFO : 2021-08-27 15:27:09,075 : SUCCESS : Theo Pinson = (216, 20) = 1629033.csv
INFO : 2021-08-27 15:27:35,538 : SUCCESS : Thomas Bryant = (291, 20) = 1628418.csv
INFO : 2021-08-27 15:28:00,862 : SUCCESS : Thon Maker = (316, 20) = 1627748.csv
INFO : 2021-08-27 15:28:24,688 : SUCCESS : Tim Frazier = (167, 20) = 204025.csv
INFO : 2021-08-27 15:28:49,451 : SUCCESS : Tim Hardaway Jr. = (334, 20) = 203501.csv
INFO : 2021-08-27 15:29:16,567 : SUCCESS : Timothe Luwawu-Cabarrot = (298, 20) = 1627789.csv
INFO : 2021-08-27 15:29:54,023 : SUCCESS : Tobias Harris = (341, 20) = 202699.csv
INFO : 2021-08-27 15:30:19,255 : SUCCESS : Tomas Satoransky = (318, 20) = 203107.csv
INFO : 2021-08-27 15:30:45,383 : SUCCESS : Tony Bradley = (307, 20) = 1628396.csv
INFO : 2021-08-27 15:31:09,763 : SUCCESS : Tony Snell = (311, 20) = 203503.csv
INFO : 2021-08-27 15:31:34,837 : SUCCESS : Torrey Craig = (305, 20) = 1628470.csv
INFO : 2021-08-27 15:31:58,563 : SUCCESS : Trae Young = (327, 20) = 1629027.csv
INFO : 2021-08-27 15:32:18,855 : SUCCESS : Tremont Waters = (60, 20) = 1629682.csv
INFO : 2021-08-27 15:32:42,614 : SUCCESS : Treveon Graham = (326, 20) = 1626203.csv
INFO : 2021-08-27 15:33:06,510 : SUCCESS : Trevor Ariza = (303, 20) = 2772.csv
INFO : 2021-08-27 15:33:30,437 : SUCCESS : Trey Burke = (203, 20) = 203504.csv
INFO : 2021-08-27 15:33:52,240 : SUCCESS : Trey Lyles = (300, 20) = 1626168.csv
INFO : 2021-08-27 15:34:34,815 : SUCCESS : Tristan Thompson = (302, 20) = 202684.csv
INFO : 2021-08-27 15:35:02,934 : SUCCESS : Troy Brown Jr. = (362, 20) = 1628972.csv
INFO : 2021-08-27 15:35:25,793 : SUCCESS : Troy Daniels = (284, 20) = 203584.csv
INFO : 2021-08-27 15:35:51,952 : SUCCESS : Ty Jerome = (198, 20) = 1629660.csv
INFO : 2021-08-27 15:36:12,672 : SUCCESS : Tyler Cook = (66, 20) = 1629076.csv
INFO : 2021-08-27 15:36:35,469 : SUCCESS : Tyler Herro = (335, 20) = 1629639.csv
INFO : 2021-08-27 15:37:00,928 : SUCCESS : Tyler Johnson = (250, 20) = 204020.csv
INFO : 2021-08-27 15:37:17,436 : SUCCESS : Tyler Zeller = (5, 20) = 203092.csv
INFO : 2021-08-27 15:37:43,724 : SUCCESS : Tyrone Wallace = (110, 20) = 1627820.csv
INFO : 2021-08-27 15:38:09,685 : SUCCESS : Tyson Chandler = (151, 20) = 2199.csv
INFO : 2021-08-27 15:38:33,871 : SUCCESS : Tyus Jones = (333, 20) = 1626145.csv
INFO : 2021-08-27 15:38:54,576 : SUCCESS : Udonis Haslem = (26, 20) = 2617.csv
INFO : 2021-08-27 15:39:18,026 : SUCCESS : Vic Law = (47, 20) = 1629724.csv
INFO : 2021-08-27 15:39:40,767 : SUCCESS : Victor Oladipo = (147, 20) = 203506.csv
INFO : 2021-08-27 15:40:23,409 : SUCCESS : Vince Carter = (311, 20) = 1713.csv
INFO : 2021-08-27 15:40:46,317 : SUCCESS : Vincent Poirier = (123, 20) = 1629738.csv
INFO : 2021-08-27 15:41:11,855 : SUCCESS : Vlatko Cancar = (55, 20) = 1628427.csv
INFO : 2021-08-27 15:41:38,182 : SUCCESS : Wayne Ellington = (225, 20) = 201961.csv
INFO : 2021-08-27 15:42:02,250 : SUCCESS : Wendell Carter Jr. = (260, 20) = 1628976.csv
INFO : 2021-08-27 15:42:20,763 : SUCCESS : Wenyen Gabriel = (179, 20) = 1629117.csv
INFO : 2021-08-27 15:42:48,545 : SUCCESS : Wes Iwundu = (322, 20) = 1628411.csv
INFO : 2021-08-27 15:43:21,546 : SUCCESS : Wesley Matthews = (336, 20) = 202083.csv
INFO : 2021-08-27 15:43:46,251 : SUCCESS : Will Barton = (331, 20) = 203115.csv
INFO : 2021-08-27 15:44:06,642 : SUCCESS : William Howard = (13, 20) = 1629739.csv
INFO : 2021-08-27 15:44:26,480 : SUCCESS : Willie Cauley-Stein = (281, 20) = 1626161.csv
INFO : 2021-08-27 15:44:51,083 : SUCCESS : Willy Hernangomez = (184, 20) = 1626195.csv
INFO : 2021-08-27 15:45:33,962 : SUCCESS : Wilson Chandler = (243, 20) = 201163.csv
INFO : 2021-08-27 15:45:59,419 : SUCCESS : Yogi Ferrell = (265, 20) = 1627812.csv
INFO : 2021-08-27 15:46:24,725 : SUCCESS : Yuta Watanabe = (94, 20) = 1629139.csv
INFO : 2021-08-27 15:47:03,397 : SUCCESS : Zach Collins = (97, 20) = 1628380.csv
INFO : 2021-08-27 15:47:27,446 : SUCCESS : Zach LaVine = (316, 20) = 203897.csv
INFO : 2021-08-27 15:47:45,790 : SUCCESS : Zach Norvell = (30, 20) = 1629668.csv
INFO : 2021-08-27 15:48:09,136 : SUCCESS : Zhaire Smith = (35, 20) = 1629015.csv
INFO : 2021-08-27 15:48:33,413 : SUCCESS : Zion Williamson = (178, 20) = 1629627.csv
INFO : 2021-08-27 15:48:50,973 : SUCCESS : Zylan Cheatham = (33, 20) = 1629597.csv
